#
# A fatal error has been detected by the Java Runtime Environment:
#
#  EXCEPTION_ACCESS_VIOLATION (0xc0000005) at pc=0x00007ffa189ca5f9, pid=15264, tid=0x0000000000003c64
#
# JRE version: Java(TM) SE Runtime Environment (8.0_181-b13) (build 1.8.0_181-b13)
# Java VM: Java HotSpot(TM) 64-Bit Server VM (25.181-b13 mixed mode windows-amd64 compressed oops)
# Problematic frame:
# C  [vtkCommonTransforms-7.1.dll+0xa5f9]
#
# Failed to write core dump. Minidumps are not enabled by default on client versions of Windows
#
# If you would like to submit a bug report, please visit:
#   http://bugreport.java.com/bugreport/crash.jsp
# The crash happened outside the Java Virtual Machine in native code.
# See problematic frame for where to report the bug.
#

---------------  T H R E A D  ---------------

Current thread (0x0000000023982000):  JavaThread "Thread-10" daemon [_thread_in_native, id=15460, stack(0x00000000280f0000,0x00000000281f0000)]

siginfo: ExceptionCode=0xc0000005, reading address 0x0000000000000068

Registers:
RAX=0x0000f8d178c9a01a, RBX=0x00007ffa189daa00, RCX=0x00000000284e2220, RDX=0x0000000000000000
RSP=0x00000000281edc80, RBP=0x00000000281edd80, RSI=0x00000000281ede00, RDI=0x00007ffa4c4fc560
R8 =0x000000003ed321a0, R9 =0x000000000000003b, R10=0x00000000284e2220, R11=0xf01f1ec003c0dd7f
R12=0x0000000000000000, R13=0x0000000000000000, R14=0x000000003ed321a0, R15=0x00000000284e2220
RIP=0x00007ffa189ca5f9, EFLAGS=0x0000000000010202

Top of Stack: (sp=0x00000000281edc80)
0x00000000281edc80:   fffffffffffffffe 0000000000000000
0x00000000281edc90:   000000003ed321a0 00007ffa0ca3fa45
0x00000000281edca0:   000000000000000a 00000000281ede00
0x00000000281edcb0:   00000000281ede00 0000000000000070
0x00000000281edcc0:   0000f8d178c9a01a 0000000000000000
0x00000000281edcd0:   00007ffa4c4fc560 00007ffa0ca40190
0x00000000281edce0:   00000000284e2220 000000003ed321a0
0x00000000281edcf0:   00000000284f99b0 0000000000000000
0x00000000281edd00:   00007ffa4c4fc560 00000000281ede00
0x00000000281edd10:   00000000281edd80 00007ffa00f269f6
0x00000000281edd20:   000000003ed321a0 00000000281ede00
0x00000000281edd30:   00000000281eda00 00007ffa189daa00
0x00000000281edd40:   0000000000000000 00000000010e18c0
0x00000000281edd50:   0000000000000000 00000000284f99b0
0x00000000281edd60:   00000000284e2220 0000000000000000
0x00000000281edd70:   0000000000000000 00007ffa0c80e364 

Instructions: (pc=0x00007ffa189ca5f9)
0x00007ffa189ca5d9:   54 41 55 41 56 41 57 48 83 ec 60 48 8b 05 35 ea
0x00007ffa189ca5e9:   01 00 48 33 c4 48 89 44 24 40 4c 8b ea 4c 8b d1
0x00007ffa189ca5f9:   48 8b 4a 68 48 8b 41 38 4c 63 49 40 49 8b b2 88
0x00007ffa189ca609:   00 00 00 48 ff c0 4d 8b e0 49 8b ca 48 99 48 83 


Register to memory mapping:

RAX=0x0000f8d178c9a01a is an unknown value
RBX=0x00007ffa189daa00 is an unknown value
RCX=0x00000000284e2220 is an unknown value
RDX=0x0000000000000000 is an unknown value
RSP=0x00000000281edc80 is pointing into the stack for thread: 0x0000000023982000
RBP=0x00000000281edd80 is pointing into the stack for thread: 0x0000000023982000
RSI=0x00000000281ede00 is pointing into the stack for thread: 0x0000000023982000
RDI=0x00007ffa4c4fc560 is an unknown value
R8 =0x000000003ed321a0 is an unknown value
R9 =0x000000000000003b is an unknown value
R10=0x00000000284e2220 is an unknown value
R11=0xf01f1ec003c0dd7f is an unknown value
R12=0x0000000000000000 is an unknown value
R13=0x0000000000000000 is an unknown value
R14=0x000000003ed321a0 is an unknown value
R15=0x00000000284e2220 is an unknown value


Stack: [0x00000000280f0000,0x00000000281f0000],  sp=0x00000000281edc80,  free space=1015k
Native frames: (J=compiled Java code, j=interpreted, Vv=VM code, C=native code)
C  [vtkCommonTransforms-7.1.dll+0xa5f9]
C  0x00007ffa00f269f6
C  0x00007ffa00f27851
C  0x00007ffa00f21e48
C  0x0000000003698c67

Java frames: (J=compiled Java code, j=interpreted, Vv=VM code)
j  vtk.vtkExporter.Write_2()V+0
j  vtk.vtkExporter.Write()V+1
j  com.example.processingserver.utils.SegMCRebuild.restructing()V+445
j  com.example.processingserver.utils.restruction.restructSeged()Z+21
j  com.example.processingserver.utils.RestructThread.run()V+184
j  java.lang.Thread.run()V+11
v  ~StubRoutines::call_stub

---------------  P R O C E S S  ---------------

Java Threads: ( => current thread )
=>0x0000000023982000 JavaThread "Thread-10" daemon [_thread_in_native, id=15460, stack(0x00000000280f0000,0x00000000281f0000)]
  0x0000000023988000 JavaThread "http-nio-9091-exec-7" daemon [_thread_blocked, id=17824, stack(0x0000000027df0000,0x0000000027ef0000)]
  0x0000000023987800 JavaThread "http-nio-9091-exec-6" daemon [_thread_blocked, id=16428, stack(0x0000000027cf0000,0x0000000027df0000)]
  0x0000000023989000 JavaThread "http-nio-9091-exec-5" daemon [_thread_blocked, id=32276, stack(0x0000000027bf0000,0x0000000027cf0000)]
  0x0000000023980800 JavaThread "http-nio-9091-exec-4" daemon [_thread_blocked, id=2236, stack(0x0000000027af0000,0x0000000027bf0000)]
  0x0000000023980000 JavaThread "http-nio-9091-exec-3" daemon [_thread_blocked, id=20204, stack(0x00000000279f0000,0x0000000027af0000)]
  0x0000000023986800 JavaThread "http-nio-9091-exec-2" daemon [_thread_blocked, id=34136, stack(0x00000000276f0000,0x00000000277f0000)]
  0x000000002397f000 JavaThread "http-nio-9091-exec-1" daemon [_thread_blocked, id=34872, stack(0x0000000025b20000,0x0000000025c20000)]
  0x0000000023986000 JavaThread "RMI TCP Connection(idle)" daemon [_thread_blocked, id=6804, stack(0x00000000275f0000,0x00000000276f0000)]
  0x000000002397e800 JavaThread "DestroyJavaVM" [_thread_blocked, id=15628, stack(0x00000000032f0000,0x00000000033f0000)]
  0x0000000023981800 JavaThread "http-nio-9091-Acceptor" daemon [_thread_in_native, id=35584, stack(0x00000000272f0000,0x00000000273f0000)]
  0x0000000023984800 JavaThread "http-nio-9091-Poller" daemon [_thread_in_native, id=28940, stack(0x00000000271f0000,0x00000000272f0000)]
  0x0000000023983800 JavaThread "ForkJoinPool.commonPool-worker-6" daemon [_thread_blocked, id=31388, stack(0x0000000025920000,0x0000000025a20000)]
  0x0000000020cb3000 JavaThread "ForkJoinPool.commonPool-worker-13" daemon [_thread_blocked, id=32504, stack(0x0000000025820000,0x0000000025920000)]
  0x0000000020cb1000 JavaThread "ForkJoinPool.commonPool-worker-4" daemon [_thread_blocked, id=28668, stack(0x0000000025720000,0x0000000025820000)]
  0x0000000020cb0800 JavaThread "ForkJoinPool.commonPool-worker-11" daemon [_thread_blocked, id=25348, stack(0x0000000025620000,0x0000000025720000)]
  0x0000000020cae000 JavaThread "ForkJoinPool.commonPool-worker-2" daemon [_thread_blocked, id=29764, stack(0x0000000025520000,0x0000000025620000)]
  0x0000000020cac800 JavaThread "ForkJoinPool.commonPool-worker-9" daemon [_thread_blocked, id=21036, stack(0x0000000025420000,0x0000000025520000)]
  0x0000000023898000 JavaThread "HikariPool-1 housekeeper" daemon [_thread_blocked, id=31584, stack(0x0000000025320000,0x0000000025420000)]
  0x0000000023896800 JavaThread "mssql-jdbc-shared-timer-core-0" daemon [_thread_blocked, id=872, stack(0x0000000025220000,0x0000000025320000)]
  0x00000000236fb000 JavaThread "container-0" [_thread_blocked, id=34640, stack(0x0000000024c20000,0x0000000024d20000)]
  0x0000000023681000 JavaThread "Catalina-utility-2" [_thread_blocked, id=33248, stack(0x0000000024b20000,0x0000000024c20000)]
  0x000000002367f800 JavaThread "Catalina-utility-1" [_thread_blocked, id=4812, stack(0x0000000024a20000,0x0000000024b20000)]
  0x00000000232a6000 JavaThread "RMI Scheduler(0)" daemon [_thread_blocked, id=19816, stack(0x0000000024120000,0x0000000024220000)]
  0x00000000232b3000 JavaThread "RMI TCP Connection(idle)" daemon [_thread_blocked, id=19884, stack(0x0000000024020000,0x0000000024120000)]
  0x0000000020fa2000 JavaThread "RMI TCP Accept-0" daemon [_thread_in_native, id=16240, stack(0x00000000223a0000,0x00000000224a0000)]
  0x0000000020d5d800 JavaThread "Service Thread" daemon [_thread_blocked, id=33936, stack(0x0000000022160000,0x0000000022260000)]
  0x0000000020cb2000 JavaThread "C1 CompilerThread11" daemon [_thread_blocked, id=32688, stack(0x0000000022060000,0x0000000022160000)]
  0x0000000020caf000 JavaThread "C1 CompilerThread10" daemon [_thread_blocked, id=22032, stack(0x0000000021f60000,0x0000000022060000)]
  0x0000000020cad800 JavaThread "C1 CompilerThread9" daemon [_thread_blocked, id=25540, stack(0x0000000021e60000,0x0000000021f60000)]
  0x0000000020cac000 JavaThread "C1 CompilerThread8" daemon [_thread_blocked, id=21756, stack(0x0000000021c60000,0x0000000021d60000)]
  0x0000000020caf800 JavaThread "C2 CompilerThread7" daemon [_thread_blocked, id=26200, stack(0x0000000021b60000,0x0000000021c60000)]
  0x0000000020c81000 JavaThread "C2 CompilerThread6" daemon [_thread_blocked, id=12500, stack(0x0000000021a60000,0x0000000021b60000)]
  0x0000000020c7c800 JavaThread "C2 CompilerThread5" daemon [_thread_blocked, id=27808, stack(0x0000000021960000,0x0000000021a60000)]
  0x0000000020c72800 JavaThread "C2 CompilerThread4" daemon [_thread_blocked, id=27668, stack(0x0000000021860000,0x0000000021960000)]
  0x0000000020c5f000 JavaThread "C2 CompilerThread3" daemon [_thread_blocked, id=28716, stack(0x0000000021760000,0x0000000021860000)]
  0x0000000020c5e000 JavaThread "C2 CompilerThread2" daemon [_thread_blocked, id=5468, stack(0x0000000021660000,0x0000000021760000)]
  0x0000000020c5a800 JavaThread "C2 CompilerThread1" daemon [_thread_blocked, id=5668, stack(0x0000000021560000,0x0000000021660000)]
  0x0000000020c59800 JavaThread "C2 CompilerThread0" daemon [_thread_blocked, id=29384, stack(0x0000000021460000,0x0000000021560000)]
  0x000000001f2bc800 JavaThread "Monitor Ctrl-Break" daemon [_thread_in_native, id=15852, stack(0x0000000021360000,0x0000000021460000)]
  0x000000001efab800 JavaThread "Attach Listener" daemon [_thread_blocked, id=35564, stack(0x0000000020a60000,0x0000000020b60000)]
  0x000000001efa8800 JavaThread "Signal Dispatcher" daemon [_thread_blocked, id=560, stack(0x0000000020960000,0x0000000020a60000)]
  0x000000001ef86800 JavaThread "Finalizer" daemon [_thread_blocked, id=1508, stack(0x0000000020800000,0x0000000020900000)]
  0x000000001d511000 JavaThread "Reference Handler" daemon [_thread_blocked, id=11148, stack(0x0000000020700000,0x0000000020800000)]

Other Threads:
  0x000000001ef65800 VMThread [stack: 0x0000000020600000,0x0000000020700000] [id=10960]
  0x0000000020fa5000 WatcherThread [stack: 0x00000000224a0000,0x00000000225a0000] [id=2388]

VM state:not at safepoint (normal execution)

VM Mutex/Monitor currently owned by a thread: None

Heap:
 PSYoungGen      total 174080K, used 24971K [0x000000076bc00000, 0x000000077ce80000, 0x00000007c0000000)
  eden space 158208K, 6% used [0x000000076bc00000,0x000000076c58ab40,0x0000000775680000)
  from space 15872K, 95% used [0x0000000775680000,0x0000000776558460,0x0000000776600000)
  to   space 17408K, 0% used [0x000000077bd80000,0x000000077bd80000,0x000000077ce80000)
 ParOldGen       total 144896K, used 15504K [0x00000006c3400000, 0x00000006cc180000, 0x000000076bc00000)
  object space 144896K, 10% used [0x00000006c3400000,0x00000006c43240f0,0x00000006cc180000)
 Metaspace       used 45750K, capacity 48416K, committed 48640K, reserved 1091584K
  class space    used 6057K, capacity 6571K, committed 6656K, reserved 1048576K

Card table byte_map: [0x0000000012a40000,0x0000000013230000] byte_map_base: 0x000000000f426000

Marking Bits: (ParMarkBitMap*) 0x000000005beb2d00
 Begin Bits: [0x0000000014480000, 0x00000000183b0000)
 End Bits:   [0x00000000183b0000, 0x000000001c2e0000)

Polling page: 0x0000000001000000

CodeCache: size=245760Kb used=12115Kb max_used=12115Kb free=233644Kb
 bounds [0x0000000003680000, 0x0000000004260000, 0x0000000012680000]
 total_blobs=5905 nmethods=5351 adapters=462
 compilation: enabled

Compilation events (10 events):
Event: 31.484 Thread 0x0000000020cb2000 5348       1       java.lang.Thread::isInterrupted (6 bytes)
Event: 31.484 Thread 0x0000000020cb2000 nmethod 5348 0x0000000004253d50 code [0x0000000004253ea0, 0x0000000004253fc8]
Event: 32.119 Thread 0x0000000020cad800 5349       1       java.util.EventObject::<init> (24 bytes)
Event: 32.119 Thread 0x0000000020cad800 nmethod 5349 0x0000000004254050 code [0x00000000042541c0, 0x0000000004254388]
Event: 32.801 Thread 0x0000000020cad800 5350       1       java.util.concurrent.ScheduledThreadPoolExecutor$DelayedWorkQueue::setIndex (16 bytes)
Event: 32.801 Thread 0x0000000020cad800 nmethod 5350 0x0000000004254450 code [0x00000000042545a0, 0x0000000004254730]
Event: 33.203 Thread 0x0000000020cb2000 5351       1       java.util.concurrent.locks.ReentrantLock$Sync::nonfairTryAcquire (67 bytes)
Event: 33.203 Thread 0x0000000020cb2000 nmethod 5351 0x00000000042547d0 code [0x0000000004254940, 0x0000000004254ba8]
Event: 33.204 Thread 0x0000000020cad800 5352       1       java.lang.Long::hashCode (8 bytes)
Event: 33.204 Thread 0x0000000020caf000 5353       1       java.lang.Long::hashCode (8 bytes)

GC Heap History (10 events):
Event: 1.823 GC heap before
{Heap before GC invocations=5 (full 1):
 PSYoungGen      total 75776K, used 65024K [0x000000076bc00000, 0x0000000775000000, 0x00000007c0000000)
  eden space 65024K, 100% used [0x000000076bc00000,0x000000076fb80000,0x000000076fb80000)
  from space 10752K, 0% used [0x000000076fb80000,0x000000076fb80000,0x0000000770600000)
  to   space 10752K, 0% used [0x0000000774580000,0x0000000774580000,0x0000000775000000)
 ParOldGen       total 101888K, used 8641K [0x00000006c3400000, 0x00000006c9780000, 0x000000076bc00000)
  object space 101888K, 8% used [0x00000006c3400000,0x00000006c3c70778,0x00000006c9780000)
 Metaspace       used 23521K, capacity 24864K, committed 25088K, reserved 1071104K
  class space    used 3193K, capacity 3492K, committed 3584K, reserved 1048576K
Event: 1.828 GC heap after
Heap after GC invocations=5 (full 1):
 PSYoungGen      total 109056K, used 6485K [0x000000076bc00000, 0x0000000774c00000, 0x00000007c0000000)
  eden space 102400K, 0% used [0x000000076bc00000,0x000000076bc00000,0x0000000772000000)
  from space 6656K, 97% used [0x0000000774580000,0x0000000774bd5518,0x0000000774c00000)
  to   space 10752K, 0% used [0x0000000773700000,0x0000000773700000,0x0000000774180000)
 ParOldGen       total 101888K, used 8649K [0x00000006c3400000, 0x00000006c9780000, 0x000000076bc00000)
  object space 101888K, 8% used [0x00000006c3400000,0x00000006c3c72778,0x00000006c9780000)
 Metaspace       used 23521K, capacity 24864K, committed 25088K, reserved 1071104K
  class space    used 3193K, capacity 3492K, committed 3584K, reserved 1048576K
}
Event: 2.701 GC heap before
{Heap before GC invocations=6 (full 1):
 PSYoungGen      total 109056K, used 108885K [0x000000076bc00000, 0x0000000774c00000, 0x00000007c0000000)
  eden space 102400K, 100% used [0x000000076bc00000,0x0000000772000000,0x0000000772000000)
  from space 6656K, 97% used [0x0000000774580000,0x0000000774bd5518,0x0000000774c00000)
  to   space 10752K, 0% used [0x0000000773700000,0x0000000773700000,0x0000000774180000)
 ParOldGen       total 101888K, used 8649K [0x00000006c3400000, 0x00000006c9780000, 0x000000076bc00000)
  object space 101888K, 8% used [0x00000006c3400000,0x00000006c3c72778,0x00000006c9780000)
 Metaspace       used 32280K, capacity 34264K, committed 34432K, reserved 1079296K
  class space    used 4244K, capacity 4654K, committed 4736K, reserved 1048576K
Event: 2.709 GC heap after
Heap after GC invocations=6 (full 1):
 PSYoungGen      total 136704K, used 10742K [0x000000076bc00000, 0x0000000777600000, 0x00000007c0000000)
  eden space 125952K, 0% used [0x000000076bc00000,0x000000076bc00000,0x0000000773700000)
  from space 10752K, 99% used [0x0000000773700000,0x000000077417db80,0x0000000774180000)
  to   space 16384K, 0% used [0x0000000776600000,0x0000000776600000,0x0000000777600000)
 ParOldGen       total 101888K, used 12733K [0x00000006c3400000, 0x00000006c9780000, 0x000000076bc00000)
  object space 101888K, 12% used [0x00000006c3400000,0x00000006c406f730,0x00000006c9780000)
 Metaspace       used 32280K, capacity 34264K, committed 34432K, reserved 1079296K
  class space    used 4244K, capacity 4654K, committed 4736K, reserved 1048576K
}
Event: 2.749 GC heap before
{Heap before GC invocations=7 (full 1):
 PSYoungGen      total 136704K, used 23803K [0x000000076bc00000, 0x0000000777600000, 0x00000007c0000000)
  eden space 125952K, 10% used [0x000000076bc00000,0x000000076c8c13c8,0x0000000773700000)
  from space 10752K, 99% used [0x0000000773700000,0x000000077417db80,0x0000000774180000)
  to   space 16384K, 0% used [0x0000000776600000,0x0000000776600000,0x0000000777600000)
 ParOldGen       total 101888K, used 12733K [0x00000006c3400000, 0x00000006c9780000, 0x000000076bc00000)
  object space 101888K, 12% used [0x00000006c3400000,0x00000006c406f730,0x00000006c9780000)
 Metaspace       used 33347K, capacity 35322K, committed 35496K, reserved 1079296K
  class space    used 4369K, capacity 4747K, committed 4864K, reserved 1048576K
Event: 2.754 GC heap after
Heap after GC invocations=7 (full 1):
 PSYoungGen      total 174592K, used 9217K [0x000000076bc00000, 0x000000077af00000, 0x00000007c0000000)
  eden space 158208K, 0% used [0x000000076bc00000,0x000000076bc00000,0x0000000775680000)
  from space 16384K, 56% used [0x0000000776600000,0x0000000776f00638,0x0000000777600000)
  to   space 15872K, 0% used [0x0000000775680000,0x0000000775680000,0x0000000776600000)
 ParOldGen       total 101888K, used 12741K [0x00000006c3400000, 0x00000006c9780000, 0x000000076bc00000)
  object space 101888K, 12% used [0x00000006c3400000,0x00000006c4071730,0x00000006c9780000)
 Metaspace       used 33347K, capacity 35322K, committed 35496K, reserved 1079296K
  class space    used 4369K, capacity 4747K, committed 4864K, reserved 1048576K
}
Event: 2.754 GC heap before
{Heap before GC invocations=8 (full 2):
 PSYoungGen      total 174592K, used 9217K [0x000000076bc00000, 0x000000077af00000, 0x00000007c0000000)
  eden space 158208K, 0% used [0x000000076bc00000,0x000000076bc00000,0x0000000775680000)
  from space 16384K, 56% used [0x0000000776600000,0x0000000776f00638,0x0000000777600000)
  to   space 15872K, 0% used [0x0000000775680000,0x0000000775680000,0x0000000776600000)
 ParOldGen       total 101888K, used 12741K [0x00000006c3400000, 0x00000006c9780000, 0x000000076bc00000)
  object space 101888K, 12% used [0x00000006c3400000,0x00000006c4071730,0x00000006c9780000)
 Metaspace       used 33347K, capacity 35322K, committed 35496K, reserved 1079296K
  class space    used 4369K, capacity 4747K, committed 4864K, reserved 1048576K
Event: 2.797 GC heap after
Heap after GC invocations=8 (full 2):
 PSYoungGen      total 174592K, used 0K [0x000000076bc00000, 0x000000077af00000, 0x00000007c0000000)
  eden space 158208K, 0% used [0x000000076bc00000,0x000000076bc00000,0x0000000775680000)
  from space 16384K, 0% used [0x0000000776600000,0x0000000776600000,0x0000000777600000)
  to   space 15872K, 0% used [0x0000000775680000,0x0000000775680000,0x0000000776600000)
 ParOldGen       total 144896K, used 15432K [0x00000006c3400000, 0x00000006cc180000, 0x000000076bc00000)
  object space 144896K, 10% used [0x00000006c3400000,0x00000006c43120e0,0x00000006cc180000)
 Metaspace       used 33347K, capacity 35322K, committed 35496K, reserved 1079296K
  class space    used 4369K, capacity 4747K, committed 4864K, reserved 1048576K
}
Event: 12.449 GC heap before
{Heap before GC invocations=9 (full 2):
 PSYoungGen      total 174592K, used 158208K [0x000000076bc00000, 0x000000077af00000, 0x00000007c0000000)
  eden space 158208K, 100% used [0x000000076bc00000,0x0000000775680000,0x0000000775680000)
  from space 16384K, 0% used [0x0000000776600000,0x0000000776600000,0x0000000777600000)
  to   space 15872K, 0% used [0x0000000775680000,0x0000000775680000,0x0000000776600000)
 ParOldGen       total 144896K, used 15432K [0x00000006c3400000, 0x00000006cc180000, 0x000000076bc00000)
  object space 144896K, 10% used [0x00000006c3400000,0x00000006c43120e0,0x00000006cc180000)
 Metaspace       used 44713K, capacity 47354K, committed 47488K, reserved 1089536K
  class space    used 5929K, capacity 6410K, committed 6528K, reserved 1048576K
Event: 12.459 GC heap after
Heap after GC invocations=9 (full 2):
 PSYoungGen      total 174080K, used 15201K [0x000000076bc00000, 0x000000077ce80000, 0x00000007c0000000)
  eden space 158208K, 0% used [0x000000076bc00000,0x000000076bc00000,0x0000000775680000)
  from space 15872K, 95% used [0x0000000775680000,0x0000000776558460,0x0000000776600000)
  to   space 17408K, 0% used [0x000000077bd80000,0x000000077bd80000,0x000000077ce80000)
 ParOldGen       total 144896K, used 15504K [0x00000006c3400000, 0x00000006cc180000, 0x000000076bc00000)
  object space 144896K, 10% used [0x00000006c3400000,0x00000006c43240f0,0x00000006cc180000)
 Metaspace       used 44713K, capacity 47354K, committed 47488K, reserved 1089536K
  class space    used 5929K, capacity 6410K, committed 6528K, reserved 1048576K
}

Deoptimization events (0 events):
No events

Classes redefined (0 events):
No events

Internal exceptions (10 events):
Event: 12.471 Thread 0x0000000023988000 Exception <a 'java/lang/ArrayIndexOutOfBoundsException'> (0x000000076c0eda68) thrown at [C:\re\workspace\8-2-build-windows-amd64-cygwin\jdk8u181\11358\hotspot\src\share\vm\runtime\sharedRuntime.cpp, line 605]
Event: 12.471 Thread 0x0000000023988000 Exception <a 'java/lang/ArrayIndexOutOfBoundsException'> (0x000000076c0ee7a0) thrown at [C:\re\workspace\8-2-build-windows-amd64-cygwin\jdk8u181\11358\hotspot\src\share\vm\runtime\sharedRuntime.cpp, line 605]
Event: 12.471 Thread 0x0000000023988000 Exception <a 'java/lang/ArrayIndexOutOfBoundsException'> (0x000000076c0ef9e0) thrown at [C:\re\workspace\8-2-build-windows-amd64-cygwin\jdk8u181\11358\hotspot\src\share\vm\runtime\sharedRuntime.cpp, line 605]
Event: 12.471 Thread 0x0000000023988000 Exception <a 'java/lang/ArrayIndexOutOfBoundsException'> (0x000000076c0f09b0) thrown at [C:\re\workspace\8-2-build-windows-amd64-cygwin\jdk8u181\11358\hotspot\src\share\vm\runtime\sharedRuntime.cpp, line 605]
Event: 12.471 Thread 0x0000000023988000 Exception <a 'java/lang/ArrayIndexOutOfBoundsException'> (0x000000076c0f1ab0) thrown at [C:\re\workspace\8-2-build-windows-amd64-cygwin\jdk8u181\11358\hotspot\src\share\vm\runtime\sharedRuntime.cpp, line 605]
Event: 12.471 Thread 0x0000000023988000 Exception <a 'java/lang/ArrayIndexOutOfBoundsException'> (0x000000076c0f3678) thrown at [C:\re\workspace\8-2-build-windows-amd64-cygwin\jdk8u181\11358\hotspot\src\share\vm\runtime\sharedRuntime.cpp, line 605]
Event: 12.472 Thread 0x0000000023988000 Exception <a 'java/lang/ArrayIndexOutOfBoundsException'> (0x000000076c10e388) thrown at [C:\re\workspace\8-2-build-windows-amd64-cygwin\jdk8u181\11358\hotspot\src\share\vm\runtime\sharedRuntime.cpp, line 605]
Event: 12.472 Thread 0x0000000023988000 Exception <a 'java/lang/ArrayIndexOutOfBoundsException'> (0x000000076c10f600) thrown at [C:\re\workspace\8-2-build-windows-amd64-cygwin\jdk8u181\11358\hotspot\src\share\vm\runtime\sharedRuntime.cpp, line 605]
Event: 12.489 Thread 0x0000000023988000 Exception <a 'java/lang/ArrayIndexOutOfBoundsException'> (0x000000076c20e310) thrown at [C:\re\workspace\8-2-build-windows-amd64-cygwin\jdk8u181\11358\hotspot\src\share\vm\runtime\sharedRuntime.cpp, line 605]
Event: 12.489 Thread 0x0000000023988000 Exception <a 'java/lang/ArrayIndexOutOfBoundsException'> (0x000000076c214090) thrown at [C:\re\workspace\8-2-build-windows-amd64-cygwin\jdk8u181\11358\hotspot\src\share\vm\runtime\sharedRuntime.cpp, line 605]

Events (10 events):
Event: 20.965 loading class java/lang/ProcessImpl$2
Event: 20.965 loading class java/lang/ProcessImpl$2 done
Event: 31.483 loading class sun/net/ResourceManager
Event: 31.483 loading class sun/net/ResourceManager done
Event: 33.199 loading class com/example/processingserver/utils/SendMessage
Event: 33.199 loading class com/example/processingserver/utils/SendMessage done
Event: 33.201 loading class com/example/processingserver/utils/SegMCRebuild
Event: 33.201 loading class com/example/processingserver/utils/SegMCRebuild done
Event: 33.201 loading class vtk/vtkMetaImageReader
Event: 33.201 loading class vtk/vtkMetaImageReader done


Dynamic libraries:
0x00007ff773180000 - 0x00007ff7731b7000 	C:\Program Files\Java\jdk1.8.0_181\bin\java.exe
0x00007ffa6a330000 - 0x00007ffa6a525000 	C:\Windows\SYSTEM32\ntdll.dll
0x00007ffa68c50000 - 0x00007ffa68d0e000 	C:\Windows\System32\KERNEL32.DLL
0x00007ffa67f10000 - 0x00007ffa681d8000 	C:\Windows\System32\KERNELBASE.dll
0x00007ffa69050000 - 0x00007ffa690fc000 	C:\Windows\System32\ADVAPI32.dll
0x00007ffa686a0000 - 0x00007ffa6873e000 	C:\Windows\System32\msvcrt.dll
0x00007ffa68bb0000 - 0x00007ffa68c4b000 	C:\Windows\System32\sechost.dll
0x00007ffa69400000 - 0x00007ffa6952a000 	C:\Windows\System32\RPCRT4.dll
0x00007ffa69100000 - 0x00007ffa692a1000 	C:\Windows\System32\USER32.dll
0x00007ffa682f0000 - 0x00007ffa68312000 	C:\Windows\System32\win32u.dll
0x00007ffa692b0000 - 0x00007ffa692db000 	C:\Windows\System32\GDI32.dll
0x00007ffa681e0000 - 0x00007ffa682ed000 	C:\Windows\System32\gdi32full.dll
0x00007ffa67de0000 - 0x00007ffa67e7d000 	C:\Windows\System32\msvcp_win.dll
0x00007ffa67c00000 - 0x00007ffa67d00000 	C:\Windows\System32\ucrtbase.dll
0x00007ffa509a0000 - 0x00007ffa50c3a000 	C:\Windows\WinSxS\amd64_microsoft.windows.common-controls_6595b64144ccf1df_6.0.19041.1110_none_60b5254171f9507e\COMCTL32.dll
0x00007ffa684c0000 - 0x00007ffa684f0000 	C:\Windows\System32\IMM32.DLL
0x000000005bf40000 - 0x000000005c012000 	C:\Program Files\Java\jdk1.8.0_181\jre\bin\msvcr100.dll
0x000000005b690000 - 0x000000005bf32000 	C:\Program Files\Java\jdk1.8.0_181\jre\bin\server\jvm.dll
0x00007ffa684f0000 - 0x00007ffa684f8000 	C:\Windows\System32\PSAPI.DLL
0x00007ffa4b560000 - 0x00007ffa4b569000 	C:\Windows\SYSTEM32\WSOCK32.dll
0x00007ffa52c00000 - 0x00007ffa52c27000 	C:\Windows\SYSTEM32\WINMM.dll
0x00007ffa5cbe0000 - 0x00007ffa5cbea000 	C:\Windows\SYSTEM32\VERSION.dll
0x00007ffa69390000 - 0x00007ffa693fb000 	C:\Windows\System32\WS2_32.dll
0x000000005b680000 - 0x000000005b68f000 	C:\Program Files\Java\jdk1.8.0_181\jre\bin\verify.dll
0x000000005b650000 - 0x000000005b679000 	C:\Program Files\Java\jdk1.8.0_181\jre\bin\java.dll
0x000000005c360000 - 0x000000005c383000 	C:\Program Files\Java\jdk1.8.0_181\jre\bin\instrument.dll
0x000000005b630000 - 0x000000005b646000 	C:\Program Files\Java\jdk1.8.0_181\jre\bin\zip.dll
0x00007ffa69700000 - 0x00007ffa69e44000 	C:\Windows\System32\SHELL32.dll
0x00007ffa65ae0000 - 0x00007ffa66274000 	C:\Windows\SYSTEM32\windows.storage.dll
0x00007ffa68740000 - 0x00007ffa68a95000 	C:\Windows\System32\combase.dll
0x00007ffa67490000 - 0x00007ffa674be000 	C:\Windows\SYSTEM32\Wldp.dll
0x00007ffa692e0000 - 0x00007ffa6938d000 	C:\Windows\System32\SHCORE.dll
0x00007ffa68d10000 - 0x00007ffa68d65000 	C:\Windows\System32\shlwapi.dll
0x00007ffa67980000 - 0x00007ffa6799f000 	C:\Windows\SYSTEM32\profapi.dll
0x00007ffa5dc30000 - 0x00007ffa5dc4a000 	D:\ideaIU-2020.1.3.win\bin\breakgen64.dll
0x000000005b610000 - 0x000000005b62a000 	C:\Program Files\Java\jdk1.8.0_181\jre\bin\net.dll
0x00007ffa671f0000 - 0x00007ffa6725a000 	C:\Windows\system32\mswsock.dll
0x00007ffa66ed0000 - 0x00007ffa66f9b000 	C:\Windows\SYSTEM32\DNSAPI.dll
0x00007ffa66e90000 - 0x00007ffa66ecb000 	C:\Windows\SYSTEM32\IPHLPAPI.DLL
0x00007ffa69660000 - 0x00007ffa69668000 	C:\Windows\System32\NSI.dll
0x000000005cd80000 - 0x000000005cda6000 	C:\Program Files\Bonjour\mdnsNSP.dll
0x00007ffa5d940000 - 0x00007ffa5d94a000 	C:\Windows\System32\rasadhlp.dll
0x00007ffa5d150000 - 0x00007ffa5d1cf000 	C:\Windows\System32\fwpuclnt.dll
0x00007ffa67db0000 - 0x00007ffa67dd7000 	C:\Windows\System32\bcrypt.dll
0x000000005c390000 - 0x000000005c39d000 	C:\Program Files\Java\jdk1.8.0_181\jre\bin\management.dll
0x000000005b5f0000 - 0x000000005b601000 	C:\Program Files\Java\jdk1.8.0_181\jre\bin\nio.dll
0x00007ffa673f0000 - 0x00007ffa67408000 	C:\Windows\SYSTEM32\CRYPTSP.dll
0x00007ffa66b00000 - 0x00007ffa66b34000 	C:\Windows\system32\rsaenh.dll
0x00007ffa67940000 - 0x00007ffa6796e000 	C:\Windows\SYSTEM32\USERENV.dll
0x00007ffa67e80000 - 0x00007ffa67f02000 	C:\Windows\System32\bcryptprimitives.dll
0x00007ffa673e0000 - 0x00007ffa673ec000 	C:\Windows\SYSTEM32\CRYPTBASE.dll
0x00007ffa5e070000 - 0x00007ffa5e087000 	C:\Windows\SYSTEM32\dhcpcsvc6.DLL
0x00007ffa5dcf0000 - 0x00007ffa5dd0d000 	C:\Windows\SYSTEM32\dhcpcsvc.DLL
0x00007ffa3e130000 - 0x00007ffa3e147000 	C:\Windows\system32\napinsp.dll
0x00007ffa3e110000 - 0x00007ffa3e12b000 	C:\Windows\system32\pnrpnsp.dll
0x00007ffa60170000 - 0x00007ffa60185000 	C:\Windows\system32\wshbth.dll
0x00007ffa5ffd0000 - 0x00007ffa5ffed000 	C:\Windows\system32\NLAapi.dll
0x00007ffa3d5d0000 - 0x00007ffa3d5e2000 	C:\Windows\System32\winrnr.dll
0x000000005c330000 - 0x000000005c354000 	C:\Program Files\Java\jdk1.8.0_181\jre\bin\sunec.dll
0x000000005c320000 - 0x000000005c32b000 	C:\Program Files\Java\jdk1.8.0_181\jre\bin\sunmscapi.dll
0x00007ffa67aa0000 - 0x00007ffa67bf6000 	C:\Windows\System32\CRYPT32.dll
0x00007ffa20f30000 - 0x00007ffa20f51000 	C:\Program Files\Java\jdk1.8.0_181\bin\vtkChartsCoreJava.dll
0x00007ffa540c0000 - 0x00007ffa540d2000 	C:\Program Files\Java\jdk1.8.0_181\bin\vtkRenderingContext2DJava.dll
0x00007ffa63760000 - 0x00007ffa6376b000 	C:\Program Files\Java\jdk1.8.0_181\bin\vtkWrappingJava.dll
0x00007ffa19530000 - 0x00007ffa19579000 	C:\Program Files\Java\jdk1.8.0_181\bin\vtkCommonCoreJava.dll
0x00007ffa18bb0000 - 0x00007ffa18c97000 	C:\Program Files\Java\jdk1.8.0_181\bin\vtkChartsCore-7.1.dll
0x00007ffa41770000 - 0x00007ffa41816000 	C:\Windows\SYSTEM32\MSVCP120.dll
0x00007ffa0c900000 - 0x00007ffa0cbcf000 	C:\Program Files\Java\jdk1.8.0_181\bin\vtkCommonCore-7.1.dll
0x00007ffa4c420000 - 0x00007ffa4c50f000 	C:\Windows\SYSTEM32\MSVCR120.dll
0x00007ffa1ac20000 - 0x00007ffa1ac49000 	C:\Program Files\Java\jdk1.8.0_181\bin\vtkRenderingContext2D-7.1.dll
0x00007ffa194c0000 - 0x00007ffa19529000 	C:\Program Files\Java\jdk1.8.0_181\bin\vtkRenderingCoreJava.dll
0x00007ffa18b80000 - 0x00007ffa18ba5000 	C:\Program Files\Java\jdk1.8.0_181\bin\vtkCommonExecutionModelJava.dll
0x00007ffa18110000 - 0x00007ffa18196000 	C:\Program Files\Java\jdk1.8.0_181\bin\vtkCommonExecutionModel-7.1.dll
0x00007ffa189f0000 - 0x00007ffa18a11000 	C:\Program Files\Java\jdk1.8.0_181\bin\vtkCommonColor-7.1.dll
0x00007ffa17e70000 - 0x00007ffa17f16000 	C:\Program Files\Java\jdk1.8.0_181\bin\vtkInfovisCore-7.1.dll
0x00007ffa0c790000 - 0x00007ffa0c8fb000 	C:\Program Files\Java\jdk1.8.0_181\bin\vtkRenderingCore-7.1.dll
0x00007ffa0c570000 - 0x00007ffa0c790000 	C:\Program Files\Java\jdk1.8.0_181\bin\vtkFiltersGeneral-7.1.dll
0x00007ffa189c0000 - 0x00007ffa189ee000 	C:\Program Files\Java\jdk1.8.0_181\bin\vtkCommonTransforms-7.1.dll
0x00007ffa0c2f0000 - 0x00007ffa0c56c000 	C:\Program Files\Java\jdk1.8.0_181\bin\vtkCommonDataModel-7.1.dll
0x00007ffa18570000 - 0x00007ffa185bb000 	C:\Program Files\Java\jdk1.8.0_181\bin\vtksys-7.1.dll
0x00007ffa0c240000 - 0x00007ffa0c2e3000 	C:\Program Files\Java\jdk1.8.0_181\bin\vtkRenderingFreeType-7.1.dll
0x00007ffa0e490000 - 0x00007ffa0e515000 	C:\Program Files\Java\jdk1.8.0_181\bin\vtkCommonDataModelJava.dll
0x00007ffa40190000 - 0x00007ffa401af000 	C:\Program Files\Java\jdk1.8.0_181\bin\vtkCommonMisc-7.1.dll
0x00007ffa0c1b0000 - 0x00007ffa0c23e000 	C:\Program Files\Java\jdk1.8.0_181\bin\vtkFiltersExtraction-7.1.dll
0x000000005c310000 - 0x000000005c317000 	C:\Program Files\Java\jdk1.8.0_181\jre\bin\jawt.dll
0x00007ffa10f70000 - 0x00007ffa10fcd000 	C:\Program Files\Java\jdk1.8.0_181\bin\vtkFiltersGeometry-7.1.dll
0x00007ffa0c140000 - 0x00007ffa0c1aa000 	C:\Program Files\Java\jdk1.8.0_181\bin\vtkFiltersSources-7.1.dll
0x00007ffa18700000 - 0x00007ffa18729000 	C:\Program Files\Java\jdk1.8.0_181\bin\vtkCommonComputationalGeometry-7.1.dll
0x00007ffa0be20000 - 0x00007ffa0c135000 	C:\Program Files\Java\jdk1.8.0_181\bin\vtkFiltersCore-7.1.dll
0x00007ffa38f20000 - 0x00007ffa38f3a000 	C:\Program Files\Java\jdk1.8.0_181\bin\vtkCommonSystem-7.1.dll
0x00007ffa183a0000 - 0x00007ffa183c3000 	C:\Program Files\Java\jdk1.8.0_181\bin\vtkCommonMath-7.1.dll
0x00007ffa0bda0000 - 0x00007ffa0be15000 	C:\Program Files\Java\jdk1.8.0_181\bin\vtkfreetype-7.1.dll
0x00007ffa2e640000 - 0x00007ffa2e654000 	C:\Program Files\Java\jdk1.8.0_181\bin\vtkCommonTransformsJava.dll
0x00007ffa27a50000 - 0x00007ffa27a61000 	C:\Program Files\Java\jdk1.8.0_181\bin\vtkCommonMathJava.dll
0x00007ffa0bd20000 - 0x00007ffa0bd9c000 	C:\Program Files\Java\jdk1.8.0_181\bin\vtkFiltersStatistics-7.1.dll
0x00007ffa26790000 - 0x00007ffa267a7000 	C:\Program Files\Java\jdk1.8.0_181\bin\vtkzlib-7.1.dll
0x000000005c170000 - 0x000000005c309000 	C:\Program Files\Java\jdk1.8.0_181\jre\bin\awt.dll
0x00007ffa69590000 - 0x00007ffa6965d000 	C:\Windows\System32\OLEAUT32.dll
0x00007ffa24d40000 - 0x00007ffa24d60000 	C:\Program Files\Java\jdk1.8.0_181\bin\vtkalglib-7.1.dll
0x00007ffa24a00000 - 0x00007ffa24a20000 	C:\Program Files\Java\jdk1.8.0_181\bin\vtkImagingFourier-7.1.dll
0x00007ffa0bbe0000 - 0x00007ffa0bd19000 	C:\Program Files\Java\jdk1.8.0_181\bin\vtkImagingCore-7.1.dll
0x00007ffa5ebf0000 - 0x00007ffa5ec80000 	C:\Windows\SYSTEM32\apphelp.dll
0x00007ffa63740000 - 0x00007ffa63749000 	C:\Program Files\Java\jdk1.8.0_181\bin\vtkCommonColorJava.dll
0x00007ffa5dc20000 - 0x00007ffa5dc30000 	C:\Program Files\Java\jdk1.8.0_181\bin\vtkCommonComputationalGeometryJava.dll
0x00007ffa400e0000 - 0x00007ffa400eb000 	C:\Program Files\Java\jdk1.8.0_181\bin\vtkCommonMiscJava.dll
0x00007ffa3bea0000 - 0x00007ffa3beaa000 	C:\Program Files\Java\jdk1.8.0_181\bin\vtkCommonSystemJava.dll
0x00007ffa39360000 - 0x00007ffa3936e000 	C:\Program Files\Java\jdk1.8.0_181\bin\vtkDomainsChemistryJava.dll
0x00007ffa107a0000 - 0x00007ffa107f0000 	C:\Program Files\Java\jdk1.8.0_181\bin\vtkDomainsChemistry-7.1.dll
0x00007ffa23f60000 - 0x00007ffa23f7b000 	C:\Program Files\Java\jdk1.8.0_181\bin\vtkIOXMLParser-7.1.dll
0x00007ffa0f420000 - 0x00007ffa0f47c000 	C:\Program Files\Java\jdk1.8.0_181\bin\vtkIOCore-7.1.dll
0x00007ffa18040000 - 0x00007ffa18063000 	C:\Program Files\Java\jdk1.8.0_181\bin\vtkexpat-7.1.dll
0x00007ffa39110000 - 0x00007ffa39119000 	C:\Program Files\Java\jdk1.8.0_181\bin\vtkDomainsChemistryOpenGL2Java.dll
0x00007ffa322a0000 - 0x00007ffa322ae000 	C:\Program Files\Java\jdk1.8.0_181\bin\vtkDomainsChemistryOpenGL2-7.1.dll
0x00007ffa03c90000 - 0x00007ffa03e04000 	C:\Program Files\Java\jdk1.8.0_181\bin\vtkRenderingOpenGL2-7.1.dll
0x00007ffa28140000 - 0x00007ffa28265000 	C:\Windows\SYSTEM32\OPENGL32.dll
0x00007ffa0bb70000 - 0x00007ffa0bbd8000 	C:\Program Files\Java\jdk1.8.0_181\bin\vtkglew-7.1.dll
0x00007ffa280e0000 - 0x00007ffa2810c000 	C:\Windows\SYSTEM32\GLU32.dll
0x00007ffa2cd30000 - 0x00007ffa2cd3c000 	C:\Program Files\Java\jdk1.8.0_181\bin\vtkFiltersAMRJava.dll
0x00007ffa13ce0000 - 0x00007ffa13d06000 	C:\Program Files\Java\jdk1.8.0_181\bin\vtkFiltersAMR-7.1.dll
0x00007ffa0bb10000 - 0x00007ffa0bb61000 	C:\Program Files\Java\jdk1.8.0_181\bin\vtkParallelCore-7.1.dll
0x00007ffa04080000 - 0x00007ffa040f3000 	C:\Program Files\Java\jdk1.8.0_181\bin\vtkIOLegacy-7.1.dll
0x00007ffa04040000 - 0x00007ffa0407e000 	C:\Program Files\Java\jdk1.8.0_181\bin\vtkFiltersCoreJava.dll
0x00007ffa1ce90000 - 0x00007ffa1cea2000 	C:\Program Files\Java\jdk1.8.0_181\bin\vtkFiltersExtractionJava.dll
0x00007ffa04000000 - 0x00007ffa04035000 	C:\Program Files\Java\jdk1.8.0_181\bin\vtkFiltersGeneralJava.dll
0x00007ffa1c870000 - 0x00007ffa1c882000 	C:\Program Files\Java\jdk1.8.0_181\bin\vtkFiltersFlowPathsJava.dll
0x00007ffa03fb0000 - 0x00007ffa03ffd000 	C:\Program Files\Java\jdk1.8.0_181\bin\vtkFiltersFlowPaths-7.1.dll
0x00007ffa1b430000 - 0x00007ffa1b441000 	C:\Program Files\Java\jdk1.8.0_181\bin\vtkFiltersGenericJava.dll
0x00007ffa104e0000 - 0x00007ffa10505000 	C:\Program Files\Java\jdk1.8.0_181\bin\vtkFiltersGeneric-7.1.dll

VM Arguments:
jvm_args: -XX:TieredStopAtLevel=1 -Xverify:none -Dspring.output.ansi.enabled=always -Dcom.sun.management.jmxremote -Dspring.jmx.enabled=true -Dspring.liveBeansView.mbeanDomain -Dspring.application.admin.enabled=true -javaagent:D:\ideaIU-2020.1.3.win\lib\idea_rt.jar=25134:D:\ideaIU-2020.1.3.win\bin -Dfile.encoding=UTF-8 
java_command: com.example.processingserver.ProcessingserverApplication
java_class_path (initial): C:\Program Files\Java\jdk1.8.0_181\jre\lib\charsets.jar;C:\Program Files\Java\jdk1.8.0_181\jre\lib\deploy.jar;C:\Program Files\Java\jdk1.8.0_181\jre\lib\ext\access-bridge-64.jar;C:\Program Files\Java\jdk1.8.0_181\jre\lib\ext\cldrdata.jar;C:\Program Files\Java\jdk1.8.0_181\jre\lib\ext\dnsns.jar;C:\Program Files\Java\jdk1.8.0_181\jre\lib\ext\jaccess.jar;C:\Program Files\Java\jdk1.8.0_181\jre\lib\ext\jfxrt.jar;C:\Program Files\Java\jdk1.8.0_181\jre\lib\ext\localedata.jar;C:\Program Files\Java\jdk1.8.0_181\jre\lib\ext\nashorn.jar;C:\Program Files\Java\jdk1.8.0_181\jre\lib\ext\sunec.jar;C:\Program Files\Java\jdk1.8.0_181\jre\lib\ext\sunjce_provider.jar;C:\Program Files\Java\jdk1.8.0_181\jre\lib\ext\sunmscapi.jar;C:\Program Files\Java\jdk1.8.0_181\jre\lib\ext\sunpkcs11.jar;C:\Program Files\Java\jdk1.8.0_181\jre\lib\ext\zipfs.jar;C:\Program Files\Java\jdk1.8.0_181\jre\lib\javaws.jar;C:\Program Files\Java\jdk1.8.0_181\jre\lib\jce.jar;C:\Program Files\Java\jdk1.8.0_181\jre\lib\jfr.jar;C:\Program Files\Java\jdk1.8.0_181\jre\lib\jfxswt.jar;C:\Program Files\Java\jdk1.8.0_181\jre\lib\jsse.jar;C:\Program Files\Java\jdk1.8.0_181\jre\lib\management-agent.jar;C:\Program Files\Java\jdk1.8.0_181\jre\lib\plugin.jar;C:\Program Files\Java\jdk1.8.0_181\jre\lib\resources.jar;C:\Program Files\Java\jdk1.8.0_181\jre\lib\rt.jar;D:\apache-tomcat-9.0.39\webapps\cornerstoneVueWEB-master\processingserver\target\classes;D:\vtkjava\build-7.1.1\bin\vtk.jar;D:\vtkjava\dcm4che\dcm4che-core\5.15.0\dcm4che-core-5.15.0.jar;D:\SimpleITK-2.1.1-Java-win64\simpleitk-2.1.1.jar;C:\Users\TimBai\.m2\repository\org\springframework\boot\spring-boot-starter-web\2.5.5\spring-boot-starter-web-2.5.5.jar;C:\Users\TimBai\.m2\repository\org\springframework\boot\spring-boot-starter\2.5.5\spring-boot-starter-2.5.5.jar;C:\Users\TimBai\.m2\repository\org\springframework\boot\spring-boot\2.5.5\spring-boot-2.5.5.jar;C:\Users\TimBai\.m2\repository\org\springframework\boot\spring-boot-starter-logging\
Launcher Type: SUN_STANDARD

Environment Variables:
JAVA_HOME=C:\Program Files\Java\jdk1.8.0_181
CLASSPATH=.;C:\Program Files\Java\jdk1.8.0_181\lib\dt.jar;C:\Program Files\Java\jdk1.8.0_181\lib\tools.jar; 
USERNAME=TimBai
OS=Windows_NT
PROCESSOR_IDENTIFIER=Intel64 Family 6 Model 165 Stepping 2, GenuineIntel



---------------  S Y S T E M  ---------------

OS: Windows 10.0 , 64 bit Build 19041 (10.0.19041.1348)

CPU:total 16 (initial active 16) (8 cores per cpu, 2 threads per core) family 6 model 165 stepping 2, cmov, cx8, fxsr, mmx, sse, sse2, sse3, ssse3, sse4.1, sse4.2, popcnt, avx, avx2, aes, clmul, erms, 3dnowpref, lzcnt, ht, tsc, tscinvbit, bmi1, bmi2, adx

Memory: 4k page, physical 16556184k(6089672k free), swap 24039620k(3976896k free)

vm_info: Java HotSpot(TM) 64-Bit Server VM (25.181-b13) for windows-amd64 JRE (1.8.0_181-b13), built on Jul  7 2018 04:01:33 by "java_re" with MS VC++ 10.0 (VS2010)

time: Wed Feb 23 09:13:04 2022
elapsed time: 33 seconds (0d 0h 0m 33s)

