#
# A fatal error has been detected by the Java Runtime Environment:
#
#  EXCEPTION_ACCESS_VIOLATION (0xc0000005) at pc=0x00007ffa194ca5f9, pid=11208, tid=0x000000000000509c
#
# JRE version: Java(TM) SE Runtime Environment (8.0_181-b13) (build 1.8.0_181-b13)
# Java VM: Java HotSpot(TM) 64-Bit Server VM (25.181-b13 mixed mode windows-amd64 compressed oops)
# Problematic frame:
# C  [vtkCommonTransforms-7.1.dll+0xa5f9]
#
# Failed to write core dump. Minidumps are not enabled by default on client versions of Windows
#
# If you would like to submit a bug report, please visit:
#   http://bugreport.java.com/bugreport/crash.jsp
# The crash happened outside the Java Virtual Machine in native code.
# See problematic frame for where to report the bug.
#

---------------  T H R E A D  ---------------

Current thread (0x00000000256ff800):  JavaThread "Thread-10" daemon [_thread_in_native, id=20636, stack(0x00000000277f0000,0x00000000278f0000)]

siginfo: ExceptionCode=0xc0000005, reading address 0x0000000000000068

Registers:
RAX=0x0000db4efd4fe7b5, RBX=0x00007ffa194daa00, RCX=0x0000000027b09af0, RDX=0x0000000000000000
RSP=0x00000000278edce0, RBP=0x00000000278edde0, RSI=0x00000000278ede60, RDI=0x00007ffa4c4fc560
R8 =0x000000002c8e7000, R9 =0x000000000000003b, R10=0x0000000027b09af0, R11=0xe869d2f64170d731
R12=0x0000000000000000, R13=0x0000000000000000, R14=0x000000002c8e7000, R15=0x0000000027b09af0
RIP=0x00007ffa194ca5f9, EFLAGS=0x0000000000010202

Top of Stack: (sp=0x00000000278edce0)
0x00000000278edce0:   fffffffffffffffe 0000000000000000
0x00000000278edcf0:   000000002c8e7000 00007ffa0ca3fa45
0x00000000278edd00:   000000000000000a 00000000278ede60
0x00000000278edd10:   00000000278ede60 0000000000000070
0x00000000278edd20:   0000db4efd4fe7b5 0000000000000000
0x00000000278edd30:   00007ffa4c4fc560 00007ffa0ca40190
0x00000000278edd40:   0000000027b09af0 000000002c8e7000
0x00000000278edd50:   0000000000699980 0000000000000000
0x00000000278edd60:   00007ffa4c4fc560 00000000278ede60
0x00000000278edd70:   00000000278edde0 00007ffa026f69f6
0x00000000278edd80:   000000002c8e7000 00000000278ede60
0x00000000278edd90:   00000000278eda60 00007ffa194daa00
0x00000000278edda0:   0000000000000000 000000002c8ecaf0
0x00000000278eddb0:   0000000000000000 0000000000699980
0x00000000278eddc0:   0000000027b09af0 0000000000000000
0x00000000278eddd0:   0000000000000000 00007ffa1350e364 

Instructions: (pc=0x00007ffa194ca5f9)
0x00007ffa194ca5d9:   54 41 55 41 56 41 57 48 83 ec 60 48 8b 05 35 ea
0x00007ffa194ca5e9:   01 00 48 33 c4 48 89 44 24 40 4c 8b ea 4c 8b d1
0x00007ffa194ca5f9:   48 8b 4a 68 48 8b 41 38 4c 63 49 40 49 8b b2 88
0x00007ffa194ca609:   00 00 00 48 ff c0 4d 8b e0 49 8b ca 48 99 48 83 


Register to memory mapping:

RAX=0x0000db4efd4fe7b5 is an unknown value
RBX=0x00007ffa194daa00 is an unknown value
RCX=0x0000000027b09af0 is an unknown value
RDX=0x0000000000000000 is an unknown value
RSP=0x00000000278edce0 is pointing into the stack for thread: 0x00000000256ff800
RBP=0x00000000278edde0 is pointing into the stack for thread: 0x00000000256ff800
RSI=0x00000000278ede60 is pointing into the stack for thread: 0x00000000256ff800
RDI=0x00007ffa4c4fc560 is an unknown value
R8 =0x000000002c8e7000 is an unknown value
R9 =0x000000000000003b is an unknown value
R10=0x0000000027b09af0 is an unknown value
R11=0xe869d2f64170d731 is an unknown value
R12=0x0000000000000000 is an unknown value
R13=0x0000000000000000 is an unknown value
R14=0x000000002c8e7000 is an unknown value
R15=0x0000000027b09af0 is an unknown value


Stack: [0x00000000277f0000,0x00000000278f0000],  sp=0x00000000278edce0,  free space=1015k
Native frames: (J=compiled Java code, j=interpreted, Vv=VM code, C=native code)
C  [vtkCommonTransforms-7.1.dll+0xa5f9]
C  0x00007ffa026f69f6
C  0x00007ffa026f7851
C  0x00007ffa026f1e48
C  0x0000000002c78c67

Java frames: (J=compiled Java code, j=interpreted, Vv=VM code)
j  vtk.vtkExporter.Write_2()V+0
j  vtk.vtkExporter.Write()V+1
j  com.example.processingserver.utils.SegMCRebuild.restructing()V+445
j  com.example.processingserver.utils.restruction.restructSeged()Z+21
j  com.example.processingserver.utils.RestructThread.run()V+131
j  java.lang.Thread.run()V+11
v  ~StubRoutines::call_stub

---------------  P R O C E S S  ---------------

Java Threads: ( => current thread )
=>0x00000000256ff800 JavaThread "Thread-10" daemon [_thread_in_native, id=20636, stack(0x00000000277f0000,0x00000000278f0000)]
  0x0000000025705000 JavaThread "http-nio-9091-exec-7" daemon [_thread_blocked, id=19924, stack(0x00000000273f0000,0x00000000274f0000)]
  0x0000000025704000 JavaThread "http-nio-9091-exec-6" daemon [_thread_blocked, id=20824, stack(0x00000000272f0000,0x00000000273f0000)]
  0x0000000025701000 JavaThread "http-nio-9091-exec-5" daemon [_thread_blocked, id=11056, stack(0x00000000271f0000,0x00000000272f0000)]
  0x0000000025706800 JavaThread "http-nio-9091-exec-4" daemon [_thread_blocked, id=24936, stack(0x00000000270f0000,0x00000000271f0000)]
  0x0000000025700800 JavaThread "http-nio-9091-exec-3" daemon [_thread_blocked, id=26492, stack(0x0000000026ff0000,0x00000000270f0000)]
  0x0000000025703800 JavaThread "http-nio-9091-exec-2" daemon [_thread_blocked, id=35504, stack(0x0000000026cf0000,0x0000000026df0000)]
  0x0000000025702000 JavaThread "http-nio-9091-exec-1" daemon [_thread_blocked, id=10324, stack(0x0000000025320000,0x0000000025420000)]
  0x0000000025705800 JavaThread "RMI TCP Connection(idle)" daemon [_thread_blocked, id=16704, stack(0x0000000026bf0000,0x0000000026cf0000)]
  0x00000000256ff000 JavaThread "DestroyJavaVM" [_thread_blocked, id=22260, stack(0x0000000002880000,0x0000000002980000)]
  0x0000000022d81000 JavaThread "http-nio-9091-Acceptor" daemon [_thread_in_native, id=18596, stack(0x00000000268f0000,0x00000000269f0000)]
  0x0000000022d80800 JavaThread "http-nio-9091-Poller" daemon [_thread_in_native, id=34888, stack(0x00000000267f0000,0x00000000268f0000)]
  0x0000000022d7f000 JavaThread "ForkJoinPool.commonPool-worker-8" daemon [_thread_blocked, id=24368, stack(0x0000000025020000,0x0000000025120000)]
  0x0000000022d84000 JavaThread "ForkJoinPool.commonPool-worker-6" daemon [_thread_blocked, id=31472, stack(0x0000000024e20000,0x0000000024f20000)]
  0x0000000022d85800 JavaThread "ForkJoinPool.commonPool-worker-13" daemon [_thread_blocked, id=35532, stack(0x0000000024d20000,0x0000000024e20000)]
  0x0000000022d83800 JavaThread "ForkJoinPool.commonPool-worker-4" daemon [_thread_blocked, id=1200, stack(0x0000000024c20000,0x0000000024d20000)]
  0x0000000022d82800 JavaThread "ForkJoinPool.commonPool-worker-11" daemon [_thread_blocked, id=31920, stack(0x0000000024b20000,0x0000000024c20000)]
  0x0000000022d82000 JavaThread "ForkJoinPool.commonPool-worker-2" daemon [_thread_blocked, id=33440, stack(0x0000000024a20000,0x0000000024b20000)]
  0x0000000022d63000 JavaThread "ForkJoinPool.commonPool-worker-9" daemon [_thread_blocked, id=27520, stack(0x0000000024920000,0x0000000024a20000)]
  0x0000000022ccc800 JavaThread "HikariPool-1 housekeeper" daemon [_thread_blocked, id=4604, stack(0x0000000024820000,0x0000000024920000)]
  0x0000000022c75000 JavaThread "mssql-jdbc-shared-timer-core-0" daemon [_thread_blocked, id=4128, stack(0x0000000024720000,0x0000000024820000)]
  0x0000000022b1f800 JavaThread "container-0" [_thread_blocked, id=22044, stack(0x0000000024120000,0x0000000024220000)]
  0x0000000022b0e800 JavaThread "Catalina-utility-2" [_thread_blocked, id=32168, stack(0x0000000024020000,0x0000000024120000)]
  0x0000000022a2e800 JavaThread "Catalina-utility-1" [_thread_blocked, id=30508, stack(0x0000000023720000,0x0000000023820000)]
  0x000000002271c000 JavaThread "RMI Scheduler(0)" daemon [_thread_blocked, id=27040, stack(0x0000000023620000,0x0000000023720000)]
  0x00000000226f6800 JavaThread "RMI TCP Connection(idle)" daemon [_thread_blocked, id=18232, stack(0x0000000021f50000,0x0000000022050000)]
  0x0000000020531800 JavaThread "RMI TCP Accept-0" daemon [_thread_in_native, id=28600, stack(0x0000000021950000,0x0000000021a50000)]
  0x00000000202ff800 JavaThread "Service Thread" daemon [_thread_blocked, id=31536, stack(0x00000000216f0000,0x00000000217f0000)]
  0x0000000020278000 JavaThread "C1 CompilerThread11" daemon [_thread_blocked, id=30384, stack(0x00000000214f0000,0x00000000215f0000)]
  0x0000000020265000 JavaThread "C1 CompilerThread10" daemon [_thread_blocked, id=33476, stack(0x00000000213f0000,0x00000000214f0000)]
  0x0000000020250800 JavaThread "C1 CompilerThread9" daemon [_thread_blocked, id=34828, stack(0x00000000212f0000,0x00000000213f0000)]
  0x000000002023f800 JavaThread "C1 CompilerThread8" daemon [_thread_blocked, id=19512, stack(0x00000000211f0000,0x00000000212f0000)]
  0x000000002023f000 JavaThread "C2 CompilerThread7" daemon [_thread_blocked, id=4580, stack(0x00000000210f0000,0x00000000211f0000)]
  0x0000000020214000 JavaThread "C2 CompilerThread6" daemon [_thread_blocked, id=33576, stack(0x0000000020ff0000,0x00000000210f0000)]
  0x0000000020207800 JavaThread "C2 CompilerThread5" daemon [_thread_blocked, id=28640, stack(0x0000000020ef0000,0x0000000020ff0000)]
  0x00000000201fb800 JavaThread "C2 CompilerThread4" daemon [_thread_blocked, id=25432, stack(0x0000000020df0000,0x0000000020ef0000)]
  0x00000000201ee000 JavaThread "C2 CompilerThread3" daemon [_thread_blocked, id=21284, stack(0x0000000020cf0000,0x0000000020df0000)]
  0x00000000201ed000 JavaThread "C2 CompilerThread2" daemon [_thread_blocked, id=10820, stack(0x0000000020bf0000,0x0000000020cf0000)]
  0x00000000201e9800 JavaThread "C2 CompilerThread1" daemon [_thread_blocked, id=29888, stack(0x0000000020af0000,0x0000000020bf0000)]
  0x00000000201e8800 JavaThread "C2 CompilerThread0" daemon [_thread_blocked, id=22692, stack(0x00000000209f0000,0x0000000020af0000)]
  0x00000000201e5000 JavaThread "Monitor Ctrl-Break" daemon [_thread_in_native, id=10736, stack(0x00000000208f0000,0x00000000209f0000)]
  0x000000001e54f000 JavaThread "Attach Listener" daemon [_thread_blocked, id=27596, stack(0x000000001fff0000,0x00000000200f0000)]
  0x000000001e537800 JavaThread "Signal Dispatcher" daemon [_thread_blocked, id=32204, stack(0x000000001fef0000,0x000000001fff0000)]
  0x000000001e526800 JavaThread "Finalizer" daemon [_thread_blocked, id=25548, stack(0x000000001fd90000,0x000000001fe90000)]
  0x000000001caa2000 JavaThread "Reference Handler" daemon [_thread_blocked, id=11856, stack(0x000000001fc90000,0x000000001fd90000)]

Other Threads:
  0x000000001e505800 VMThread [stack: 0x000000001fb90000,0x000000001fc90000] [id=31868]
  0x0000000020536800 WatcherThread [stack: 0x0000000021a50000,0x0000000021b50000] [id=1668]

VM state:not at safepoint (normal execution)

VM Mutex/Monitor currently owned by a thread: None

Heap:
 PSYoungGen      total 246272K, used 172679K [0x000000076bc00000, 0x000000077c080000, 0x00000007c0000000)
  eden space 233984K, 73% used [0x000000076bc00000,0x00000007764a1fd0,0x000000077a080000)
  from space 12288K, 0% used [0x000000077b480000,0x000000077b480000,0x000000077c080000)
  to   space 15872K, 0% used [0x000000077a180000,0x000000077a180000,0x000000077b100000)
 ParOldGen       total 116736K, used 18219K [0x00000006c3400000, 0x00000006ca600000, 0x000000076bc00000)
  object space 116736K, 15% used [0x00000006c3400000,0x00000006c45cacf8,0x00000006ca600000)
 Metaspace       used 45736K, capacity 48356K, committed 48640K, reserved 1091584K
  class space    used 6057K, capacity 6572K, committed 6656K, reserved 1048576K

Card table byte_map: [0x0000000012020000,0x0000000012810000] byte_map_base: 0x000000000ea06000

Marking Bits: (ParMarkBitMap*) 0x000000005beb2d00
 Begin Bits: [0x0000000013a60000, 0x0000000017990000)
 End Bits:   [0x0000000017990000, 0x000000001b8c0000)

Polling page: 0x00000000005f0000

CodeCache: size=245760Kb used=12121Kb max_used=12121Kb free=233638Kb
 bounds [0x0000000002c60000, 0x0000000003840000, 0x0000000011c60000]
 total_blobs=5912 nmethods=5359 adapters=462
 compilation: enabled

Compilation events (10 events):
Event: 31.460 Thread 0x000000002023f800 5355       1       java.lang.Thread::isInterrupted (6 bytes)
Event: 31.460 Thread 0x000000002023f800 nmethod 5355 0x0000000003835910 code [0x0000000003835a60, 0x0000000003835b88]
Event: 31.707 Thread 0x0000000020265000 5356       1       org.apache.tomcat.util.net.NioEndpoint$NioSocketWrapper::interestOps (5 bytes)
Event: 31.708 Thread 0x0000000020265000 nmethod 5356 0x0000000002f1a450 code [0x0000000002f1a5a0, 0x0000000002f1a6b0]
Event: 32.132 Thread 0x0000000020278000 5357       1       java.util.EventObject::<init> (24 bytes)
Event: 32.132 Thread 0x0000000020278000 nmethod 5357 0x0000000002f76550 code [0x0000000002f766c0, 0x0000000002f76888]
Event: 32.132 Thread 0x0000000020250800 5358       1       java.util.concurrent.locks.ReentrantLock$Sync::nonfairTryAcquire (67 bytes)
Event: 32.133 Thread 0x0000000020250800 nmethod 5358 0x0000000003835c10 code [0x0000000003835d80, 0x0000000003835fe8]
Event: 32.850 Thread 0x000000002023f800 5359       1       java.util.concurrent.ScheduledThreadPoolExecutor$DelayedWorkQueue::setIndex (16 bytes)
Event: 32.850 Thread 0x000000002023f800 nmethod 5359 0x0000000003836090 code [0x00000000038361e0, 0x0000000003836370]

GC Heap History (10 events):
Event: 1.462 GC heap before
{Heap before GC invocations=4 (full 0):
 PSYoungGen      total 75776K, used 11128K [0x000000076bc00000, 0x0000000775000000, 0x00000007c0000000)
  eden space 65024K, 3% used [0x000000076bc00000,0x000000076bdfe0a0,0x000000076fb80000)
  from space 10752K, 84% used [0x000000076fb80000,0x0000000770460338,0x0000000770600000)
  to   space 10752K, 0% used [0x0000000774580000,0x0000000774580000,0x0000000775000000)
 ParOldGen       total 173568K, used 1705K [0x00000006c3400000, 0x00000006cdd80000, 0x000000076bc00000)
  object space 173568K, 0% used [0x00000006c3400000,0x00000006c35aa5c8,0x00000006cdd80000)
 Metaspace       used 20408K, capacity 21424K, committed 21628K, reserved 1069056K
  class space    used 2709K, capacity 2944K, committed 2944K, reserved 1048576K
Event: 1.466 GC heap after
Heap after GC invocations=4 (full 0):
 PSYoungGen      total 140800K, used 7502K [0x000000076bc00000, 0x0000000775000000, 0x00000007c0000000)
  eden space 130048K, 0% used [0x000000076bc00000,0x000000076bc00000,0x0000000773b00000)
  from space 10752K, 69% used [0x0000000774580000,0x0000000774cd3ad8,0x0000000775000000)
  to   space 10752K, 0% used [0x0000000773b00000,0x0000000773b00000,0x0000000774580000)
 ParOldGen       total 173568K, used 1713K [0x00000006c3400000, 0x00000006cdd80000, 0x000000076bc00000)
  object space 173568K, 0% used [0x00000006c3400000,0x00000006c35ac5c8,0x00000006cdd80000)
 Metaspace       used 20408K, capacity 21424K, committed 21628K, reserved 1069056K
  class space    used 2709K, capacity 2944K, committed 2944K, reserved 1048576K
}
Event: 1.466 GC heap before
{Heap before GC invocations=5 (full 1):
 PSYoungGen      total 140800K, used 7502K [0x000000076bc00000, 0x0000000775000000, 0x00000007c0000000)
  eden space 130048K, 0% used [0x000000076bc00000,0x000000076bc00000,0x0000000773b00000)
  from space 10752K, 69% used [0x0000000774580000,0x0000000774cd3ad8,0x0000000775000000)
  to   space 10752K, 0% used [0x0000000773b00000,0x0000000773b00000,0x0000000774580000)
 ParOldGen       total 173568K, used 1713K [0x00000006c3400000, 0x00000006cdd80000, 0x000000076bc00000)
  object space 173568K, 0% used [0x00000006c3400000,0x00000006c35ac5c8,0x00000006cdd80000)
 Metaspace       used 20408K, capacity 21424K, committed 21628K, reserved 1069056K
  class space    used 2709K, capacity 2944K, committed 2944K, reserved 1048576K
Event: 1.489 GC heap after
Heap after GC invocations=5 (full 1):
 PSYoungGen      total 140800K, used 0K [0x000000076bc00000, 0x0000000775000000, 0x00000007c0000000)
  eden space 130048K, 0% used [0x000000076bc00000,0x000000076bc00000,0x0000000773b00000)
  from space 10752K, 0% used [0x0000000774580000,0x0000000774580000,0x0000000775000000)
  to   space 10752K, 0% used [0x0000000773b00000,0x0000000773b00000,0x0000000774580000)
 ParOldGen       total 82944K, used 7278K [0x00000006c3400000, 0x00000006c8500000, 0x000000076bc00000)
  object space 82944K, 8% used [0x00000006c3400000,0x00000006c3b1bbd8,0x00000006c8500000)
 Metaspace       used 20408K, capacity 21424K, committed 21628K, reserved 1069056K
  class space    used 2709K, capacity 2944K, committed 2944K, reserved 1048576K
}
Event: 2.209 GC heap before
{Heap before GC invocations=6 (full 1):
 PSYoungGen      total 140800K, used 130048K [0x000000076bc00000, 0x0000000775000000, 0x00000007c0000000)
  eden space 130048K, 100% used [0x000000076bc00000,0x0000000773b00000,0x0000000773b00000)
  from space 10752K, 0% used [0x0000000774580000,0x0000000774580000,0x0000000775000000)
  to   space 10752K, 0% used [0x0000000773b00000,0x0000000773b00000,0x0000000774580000)
 ParOldGen       total 82944K, used 7278K [0x00000006c3400000, 0x00000006c8500000, 0x000000076bc00000)
  object space 82944K, 8% used [0x00000006c3400000,0x00000006c3b1bbd8,0x00000006c8500000)
 Metaspace       used 28474K, capacity 30392K, committed 30592K, reserved 1075200K
  class space    used 3837K, capacity 4209K, committed 4224K, reserved 1048576K
Event: 2.216 GC heap after
Heap after GC invocations=6 (full 1):
 PSYoungGen      total 140800K, used 10749K [0x000000076bc00000, 0x000000077c380000, 0x00000007c0000000)
  eden space 130048K, 0% used [0x000000076bc00000,0x000000076bc00000,0x0000000773b00000)
  from space 10752K, 99% used [0x0000000773b00000,0x000000077457f460,0x0000000774580000)
  to   space 15360K, 0% used [0x000000077b480000,0x000000077b480000,0x000000077c380000)
 ParOldGen       total 82944K, used 10031K [0x00000006c3400000, 0x00000006c8500000, 0x000000076bc00000)
  object space 82944K, 12% used [0x00000006c3400000,0x00000006c3dcbd98,0x00000006c8500000)
 Metaspace       used 28474K, capacity 30392K, committed 30592K, reserved 1075200K
  class space    used 3837K, capacity 4209K, committed 4224K, reserved 1048576K
}
Event: 2.784 GC heap before
{Heap before GC invocations=7 (full 1):
 PSYoungGen      total 140800K, used 62084K [0x000000076bc00000, 0x000000077c380000, 0x00000007c0000000)
  eden space 130048K, 39% used [0x000000076bc00000,0x000000076ee21d08,0x0000000773b00000)
  from space 10752K, 99% used [0x0000000773b00000,0x000000077457f460,0x0000000774580000)
  to   space 15360K, 0% used [0x000000077b480000,0x000000077b480000,0x000000077c380000)
 ParOldGen       total 82944K, used 10031K [0x00000006c3400000, 0x00000006c8500000, 0x000000076bc00000)
  object space 82944K, 12% used [0x00000006c3400000,0x00000006c3dcbd98,0x00000006c8500000)
 Metaspace       used 34006K, capacity 35994K, committed 36048K, reserved 1081344K
  class space    used 4449K, capacity 4844K, committed 4864K, reserved 1048576K
Event: 2.791 GC heap after
Heap after GC invocations=7 (full 1):
 PSYoungGen      total 246272K, used 12198K [0x000000076bc00000, 0x000000077c080000, 0x00000007c0000000)
  eden space 233984K, 0% used [0x000000076bc00000,0x000000076bc00000,0x000000077a080000)
  from space 12288K, 99% used [0x000000077b480000,0x000000077c069988,0x000000077c080000)
  to   space 15872K, 0% used [0x000000077a180000,0x000000077a180000,0x000000077b100000)
 ParOldGen       total 82944K, used 10103K [0x00000006c3400000, 0x00000006c8500000, 0x000000076bc00000)
  object space 82944K, 12% used [0x00000006c3400000,0x00000006c3dddda8,0x00000006c8500000)
 Metaspace       used 34006K, capacity 35994K, committed 36048K, reserved 1081344K
  class space    used 4449K, capacity 4844K, committed 4864K, reserved 1048576K
}
Event: 2.791 GC heap before
{Heap before GC invocations=8 (full 2):
 PSYoungGen      total 246272K, used 12198K [0x000000076bc00000, 0x000000077c080000, 0x00000007c0000000)
  eden space 233984K, 0% used [0x000000076bc00000,0x000000076bc00000,0x000000077a080000)
  from space 12288K, 99% used [0x000000077b480000,0x000000077c069988,0x000000077c080000)
  to   space 15872K, 0% used [0x000000077a180000,0x000000077a180000,0x000000077b100000)
 ParOldGen       total 82944K, used 10103K [0x00000006c3400000, 0x00000006c8500000, 0x000000076bc00000)
  object space 82944K, 12% used [0x00000006c3400000,0x00000006c3dddda8,0x00000006c8500000)
 Metaspace       used 34006K, capacity 35994K, committed 36048K, reserved 1081344K
  class space    used 4449K, capacity 4844K, committed 4864K, reserved 1048576K
Event: 2.835 GC heap after
Heap after GC invocations=8 (full 2):
 PSYoungGen      total 246272K, used 0K [0x000000076bc00000, 0x000000077c080000, 0x00000007c0000000)
  eden space 233984K, 0% used [0x000000076bc00000,0x000000076bc00000,0x000000077a080000)
  from space 12288K, 0% used [0x000000077b480000,0x000000077b480000,0x000000077c080000)
  to   space 15872K, 0% used [0x000000077a180000,0x000000077a180000,0x000000077b100000)
 ParOldGen       total 116736K, used 18219K [0x00000006c3400000, 0x00000006ca600000, 0x000000076bc00000)
  object space 116736K, 15% used [0x00000006c3400000,0x00000006c45cacf8,0x00000006ca600000)
 Metaspace       used 34006K, capacity 35994K, committed 36048K, reserved 1081344K
  class space    used 4449K, capacity 4844K, committed 4864K, reserved 1048576K
}

Deoptimization events (0 events):
No events

Classes redefined (0 events):
No events

Internal exceptions (10 events):
Event: 12.518 Thread 0x0000000025705000 Exception <a 'java/lang/ArrayIndexOutOfBoundsException'> (0x00000007760fa308) thrown at [C:\re\workspace\8-2-build-windows-amd64-cygwin\jdk8u181\11358\hotspot\src\share\vm\runtime\sharedRuntime.cpp, line 605]
Event: 12.518 Thread 0x0000000025705000 Exception <a 'java/lang/ArrayIndexOutOfBoundsException'> (0x00000007760fb040) thrown at [C:\re\workspace\8-2-build-windows-amd64-cygwin\jdk8u181\11358\hotspot\src\share\vm\runtime\sharedRuntime.cpp, line 605]
Event: 12.518 Thread 0x0000000025705000 Exception <a 'java/lang/ArrayIndexOutOfBoundsException'> (0x00000007760fc280) thrown at [C:\re\workspace\8-2-build-windows-amd64-cygwin\jdk8u181\11358\hotspot\src\share\vm\runtime\sharedRuntime.cpp, line 605]
Event: 12.518 Thread 0x0000000025705000 Exception <a 'java/lang/ArrayIndexOutOfBoundsException'> (0x00000007760fd250) thrown at [C:\re\workspace\8-2-build-windows-amd64-cygwin\jdk8u181\11358\hotspot\src\share\vm\runtime\sharedRuntime.cpp, line 605]
Event: 12.518 Thread 0x0000000025705000 Exception <a 'java/lang/ArrayIndexOutOfBoundsException'> (0x00000007760fe350) thrown at [C:\re\workspace\8-2-build-windows-amd64-cygwin\jdk8u181\11358\hotspot\src\share\vm\runtime\sharedRuntime.cpp, line 605]
Event: 12.518 Thread 0x0000000025705000 Exception <a 'java/lang/ArrayIndexOutOfBoundsException'> (0x00000007760fff18) thrown at [C:\re\workspace\8-2-build-windows-amd64-cygwin\jdk8u181\11358\hotspot\src\share\vm\runtime\sharedRuntime.cpp, line 605]
Event: 12.518 Thread 0x0000000025705000 Exception <a 'java/lang/ArrayIndexOutOfBoundsException'> (0x000000077611ac38) thrown at [C:\re\workspace\8-2-build-windows-amd64-cygwin\jdk8u181\11358\hotspot\src\share\vm\runtime\sharedRuntime.cpp, line 605]
Event: 12.518 Thread 0x0000000025705000 Exception <a 'java/lang/ArrayIndexOutOfBoundsException'> (0x000000077611beb0) thrown at [C:\re\workspace\8-2-build-windows-amd64-cygwin\jdk8u181\11358\hotspot\src\share\vm\runtime\sharedRuntime.cpp, line 605]
Event: 12.535 Thread 0x0000000025705000 Exception <a 'java/lang/ArrayIndexOutOfBoundsException'> (0x000000077629c748) thrown at [C:\re\workspace\8-2-build-windows-amd64-cygwin\jdk8u181\11358\hotspot\src\share\vm\runtime\sharedRuntime.cpp, line 605]
Event: 12.536 Thread 0x0000000025705000 Exception <a 'java/lang/ArrayIndexOutOfBoundsException'> (0x00000007762a24c8) thrown at [C:\re\workspace\8-2-build-windows-amd64-cygwin\jdk8u181\11358\hotspot\src\share\vm\runtime\sharedRuntime.cpp, line 605]

Events (10 events):
Event: 31.459 loading class sun/net/ResourceManager
Event: 31.459 loading class sun/net/ResourceManager done
Event: 31.460 Thread 0x000000002023f800 flushing nmethod 0x0000000002f1a290
Event: 31.460 Thread 0x000000002023f800 flushing nmethod 0x0000000002f76550
Event: 33.241 loading class com/example/processingserver/utils/SendMessage
Event: 33.241 loading class com/example/processingserver/utils/SendMessage done
Event: 33.242 loading class com/example/processingserver/utils/SegMCRebuild
Event: 33.242 loading class com/example/processingserver/utils/SegMCRebuild done
Event: 33.243 loading class vtk/vtkMetaImageReader
Event: 33.243 loading class vtk/vtkMetaImageReader done


Dynamic libraries:
0x00007ff773180000 - 0x00007ff7731b7000 	C:\Program Files\Java\jdk1.8.0_181\bin\java.exe
0x00007ffa6a330000 - 0x00007ffa6a525000 	C:\Windows\SYSTEM32\ntdll.dll
0x00007ffa68c50000 - 0x00007ffa68d0e000 	C:\Windows\System32\KERNEL32.DLL
0x00007ffa67f10000 - 0x00007ffa681d8000 	C:\Windows\System32\KERNELBASE.dll
0x00007ffa69050000 - 0x00007ffa690fc000 	C:\Windows\System32\ADVAPI32.dll
0x00007ffa686a0000 - 0x00007ffa6873e000 	C:\Windows\System32\msvcrt.dll
0x00007ffa68bb0000 - 0x00007ffa68c4b000 	C:\Windows\System32\sechost.dll
0x00007ffa69400000 - 0x00007ffa6952a000 	C:\Windows\System32\RPCRT4.dll
0x00007ffa69100000 - 0x00007ffa692a1000 	C:\Windows\System32\USER32.dll
0x00007ffa682f0000 - 0x00007ffa68312000 	C:\Windows\System32\win32u.dll
0x00007ffa692b0000 - 0x00007ffa692db000 	C:\Windows\System32\GDI32.dll
0x00007ffa681e0000 - 0x00007ffa682ed000 	C:\Windows\System32\gdi32full.dll
0x00007ffa67de0000 - 0x00007ffa67e7d000 	C:\Windows\System32\msvcp_win.dll
0x00007ffa67c00000 - 0x00007ffa67d00000 	C:\Windows\System32\ucrtbase.dll
0x00007ffa509a0000 - 0x00007ffa50c3a000 	C:\Windows\WinSxS\amd64_microsoft.windows.common-controls_6595b64144ccf1df_6.0.19041.1110_none_60b5254171f9507e\COMCTL32.dll
0x00007ffa684c0000 - 0x00007ffa684f0000 	C:\Windows\System32\IMM32.DLL
0x000000005bf40000 - 0x000000005c012000 	C:\Program Files\Java\jdk1.8.0_181\jre\bin\msvcr100.dll
0x000000005b690000 - 0x000000005bf32000 	C:\Program Files\Java\jdk1.8.0_181\jre\bin\server\jvm.dll
0x00007ffa684f0000 - 0x00007ffa684f8000 	C:\Windows\System32\PSAPI.DLL
0x00007ffa4b560000 - 0x00007ffa4b569000 	C:\Windows\SYSTEM32\WSOCK32.dll
0x00007ffa52c00000 - 0x00007ffa52c27000 	C:\Windows\SYSTEM32\WINMM.dll
0x00007ffa5cbe0000 - 0x00007ffa5cbea000 	C:\Windows\SYSTEM32\VERSION.dll
0x00007ffa69390000 - 0x00007ffa693fb000 	C:\Windows\System32\WS2_32.dll
0x000000005b680000 - 0x000000005b68f000 	C:\Program Files\Java\jdk1.8.0_181\jre\bin\verify.dll
0x000000005b650000 - 0x000000005b679000 	C:\Program Files\Java\jdk1.8.0_181\jre\bin\java.dll
0x000000005c360000 - 0x000000005c383000 	C:\Program Files\Java\jdk1.8.0_181\jre\bin\instrument.dll
0x000000005b630000 - 0x000000005b646000 	C:\Program Files\Java\jdk1.8.0_181\jre\bin\zip.dll
0x00007ffa69700000 - 0x00007ffa69e44000 	C:\Windows\System32\SHELL32.dll
0x00007ffa65ae0000 - 0x00007ffa66274000 	C:\Windows\SYSTEM32\windows.storage.dll
0x00007ffa68740000 - 0x00007ffa68a95000 	C:\Windows\System32\combase.dll
0x00007ffa67490000 - 0x00007ffa674be000 	C:\Windows\SYSTEM32\Wldp.dll
0x00007ffa692e0000 - 0x00007ffa6938d000 	C:\Windows\System32\SHCORE.dll
0x00007ffa68d10000 - 0x00007ffa68d65000 	C:\Windows\System32\shlwapi.dll
0x00007ffa67980000 - 0x00007ffa6799f000 	C:\Windows\SYSTEM32\profapi.dll
0x00007ffa40190000 - 0x00007ffa401aa000 	D:\ideaIU-2020.1.3.win\bin\breakgen64.dll
0x000000005b610000 - 0x000000005b62a000 	C:\Program Files\Java\jdk1.8.0_181\jre\bin\net.dll
0x00007ffa671f0000 - 0x00007ffa6725a000 	C:\Windows\system32\mswsock.dll
0x00007ffa66ed0000 - 0x00007ffa66f9b000 	C:\Windows\SYSTEM32\DNSAPI.dll
0x00007ffa66e90000 - 0x00007ffa66ecb000 	C:\Windows\SYSTEM32\IPHLPAPI.DLL
0x00007ffa69660000 - 0x00007ffa69668000 	C:\Windows\System32\NSI.dll
0x000000005cd80000 - 0x000000005cda6000 	C:\Program Files\Bonjour\mdnsNSP.dll
0x00007ffa5d940000 - 0x00007ffa5d94a000 	C:\Windows\System32\rasadhlp.dll
0x00007ffa5d150000 - 0x00007ffa5d1cf000 	C:\Windows\System32\fwpuclnt.dll
0x00007ffa67db0000 - 0x00007ffa67dd7000 	C:\Windows\System32\bcrypt.dll
0x000000005c390000 - 0x000000005c39d000 	C:\Program Files\Java\jdk1.8.0_181\jre\bin\management.dll
0x000000005b5f0000 - 0x000000005b601000 	C:\Program Files\Java\jdk1.8.0_181\jre\bin\nio.dll
0x00007ffa673f0000 - 0x00007ffa67408000 	C:\Windows\SYSTEM32\CRYPTSP.dll
0x00007ffa66b00000 - 0x00007ffa66b34000 	C:\Windows\system32\rsaenh.dll
0x00007ffa67940000 - 0x00007ffa6796e000 	C:\Windows\SYSTEM32\USERENV.dll
0x00007ffa67e80000 - 0x00007ffa67f02000 	C:\Windows\System32\bcryptprimitives.dll
0x00007ffa673e0000 - 0x00007ffa673ec000 	C:\Windows\SYSTEM32\CRYPTBASE.dll
0x00007ffa5e070000 - 0x00007ffa5e087000 	C:\Windows\SYSTEM32\dhcpcsvc6.DLL
0x00007ffa5dcf0000 - 0x00007ffa5dd0d000 	C:\Windows\SYSTEM32\dhcpcsvc.DLL
0x00007ffa3e130000 - 0x00007ffa3e147000 	C:\Windows\system32\napinsp.dll
0x00007ffa3e110000 - 0x00007ffa3e12b000 	C:\Windows\system32\pnrpnsp.dll
0x00007ffa60170000 - 0x00007ffa60185000 	C:\Windows\system32\wshbth.dll
0x00007ffa5ffd0000 - 0x00007ffa5ffed000 	C:\Windows\system32\NLAapi.dll
0x00007ffa3d5d0000 - 0x00007ffa3d5e2000 	C:\Windows\System32\winrnr.dll
0x000000005c330000 - 0x000000005c354000 	C:\Program Files\Java\jdk1.8.0_181\jre\bin\sunec.dll
0x000000005c320000 - 0x000000005c32b000 	C:\Program Files\Java\jdk1.8.0_181\jre\bin\sunmscapi.dll
0x00007ffa67aa0000 - 0x00007ffa67bf6000 	C:\Windows\System32\CRYPT32.dll
0x00007ffa5dc20000 - 0x00007ffa5dc41000 	C:\Program Files\Java\jdk1.8.0_181\bin\vtkChartsCoreJava.dll
0x00007ffa540e0000 - 0x00007ffa540f2000 	C:\Program Files\Java\jdk1.8.0_181\bin\vtkRenderingContext2DJava.dll
0x00007ffa659b0000 - 0x00007ffa659bb000 	C:\Program Files\Java\jdk1.8.0_181\bin\vtkWrappingJava.dll
0x00007ffa19670000 - 0x00007ffa19757000 	C:\Program Files\Java\jdk1.8.0_181\bin\vtkChartsCore-7.1.dll
0x00007ffa19620000 - 0x00007ffa19669000 	C:\Program Files\Java\jdk1.8.0_181\bin\vtkCommonCoreJava.dll
0x00007ffa41770000 - 0x00007ffa41816000 	C:\Windows\SYSTEM32\MSVCP120.dll
0x00007ffa4c420000 - 0x00007ffa4c50f000 	C:\Windows\SYSTEM32\MSVCR120.dll
0x00007ffa20f30000 - 0x00007ffa20f59000 	C:\Program Files\Java\jdk1.8.0_181\bin\vtkRenderingContext2D-7.1.dll
0x00007ffa0c900000 - 0x00007ffa0cbcf000 	C:\Program Files\Java\jdk1.8.0_181\bin\vtkCommonCore-7.1.dll
0x00007ffa1ac20000 - 0x00007ffa1ac45000 	C:\Program Files\Java\jdk1.8.0_181\bin\vtkCommonExecutionModelJava.dll
0x00007ffa195b0000 - 0x00007ffa19619000 	C:\Program Files\Java\jdk1.8.0_181\bin\vtkRenderingCoreJava.dll
0x00007ffa19520000 - 0x00007ffa195a6000 	C:\Program Files\Java\jdk1.8.0_181\bin\vtkCommonExecutionModel-7.1.dll
0x00007ffa18bf0000 - 0x00007ffa18c96000 	C:\Program Files\Java\jdk1.8.0_181\bin\vtkInfovisCore-7.1.dll
0x00007ffa13490000 - 0x00007ffa135fb000 	C:\Program Files\Java\jdk1.8.0_181\bin\vtkRenderingCore-7.1.dll
0x00007ffa194f0000 - 0x00007ffa19511000 	C:\Program Files\Java\jdk1.8.0_181\bin\vtkCommonColor-7.1.dll
0x00007ffa0c6e0000 - 0x00007ffa0c900000 	C:\Program Files\Java\jdk1.8.0_181\bin\vtkFiltersGeneral-7.1.dll
0x00007ffa194c0000 - 0x00007ffa194ee000 	C:\Program Files\Java\jdk1.8.0_181\bin\vtkCommonTransforms-7.1.dll
0x00007ffa0c460000 - 0x00007ffa0c6dc000 	C:\Program Files\Java\jdk1.8.0_181\bin\vtkCommonDataModel-7.1.dll
0x00007ffa18ba0000 - 0x00007ffa18beb000 	C:\Program Files\Java\jdk1.8.0_181\bin\vtksys-7.1.dll
0x00007ffa17e70000 - 0x00007ffa17f13000 	C:\Program Files\Java\jdk1.8.0_181\bin\vtkRenderingFreeType-7.1.dll
0x00007ffa18110000 - 0x00007ffa18195000 	C:\Program Files\Java\jdk1.8.0_181\bin\vtkCommonDataModelJava.dll
0x00007ffa540c0000 - 0x00007ffa540df000 	C:\Program Files\Java\jdk1.8.0_181\bin\vtkCommonMisc-7.1.dll
0x00007ffa13400000 - 0x00007ffa1348e000 	C:\Program Files\Java\jdk1.8.0_181\bin\vtkFiltersExtraction-7.1.dll
0x00007ffa189c0000 - 0x00007ffa18a1d000 	C:\Program Files\Java\jdk1.8.0_181\bin\vtkFiltersGeometry-7.1.dll
0x00007ffa0e4b0000 - 0x00007ffa0e51a000 	C:\Program Files\Java\jdk1.8.0_181\bin\vtkFiltersSources-7.1.dll
0x000000005c310000 - 0x000000005c317000 	C:\Program Files\Java\jdk1.8.0_181\jre\bin\jawt.dll
0x00007ffa0c140000 - 0x00007ffa0c455000 	C:\Program Files\Java\jdk1.8.0_181\bin\vtkFiltersCore-7.1.dll
0x00007ffa18700000 - 0x00007ffa18729000 	C:\Program Files\Java\jdk1.8.0_181\bin\vtkCommonComputationalGeometry-7.1.dll
0x00007ffa38f20000 - 0x00007ffa38f3a000 	C:\Program Files\Java\jdk1.8.0_181\bin\vtkCommonSystem-7.1.dll
0x00007ffa18590000 - 0x00007ffa185b3000 	C:\Program Files\Java\jdk1.8.0_181\bin\vtkCommonMath-7.1.dll
0x00007ffa0c0c0000 - 0x00007ffa0c135000 	C:\Program Files\Java\jdk1.8.0_181\bin\vtkfreetype-7.1.dll
0x00007ffa2e640000 - 0x00007ffa2e654000 	C:\Program Files\Java\jdk1.8.0_181\bin\vtkCommonTransformsJava.dll
0x00007ffa27a50000 - 0x00007ffa27a61000 	C:\Program Files\Java\jdk1.8.0_181\bin\vtkCommonMathJava.dll
0x00007ffa0c040000 - 0x00007ffa0c0bc000 	C:\Program Files\Java\jdk1.8.0_181\bin\vtkFiltersStatistics-7.1.dll
0x00007ffa26790000 - 0x00007ffa267a7000 	C:\Program Files\Java\jdk1.8.0_181\bin\vtkzlib-7.1.dll
0x00007ffa24d40000 - 0x00007ffa24d60000 	C:\Program Files\Java\jdk1.8.0_181\bin\vtkalglib-7.1.dll
0x000000005c170000 - 0x000000005c309000 	C:\Program Files\Java\jdk1.8.0_181\jre\bin\awt.dll
0x00007ffa24a00000 - 0x00007ffa24a20000 	C:\Program Files\Java\jdk1.8.0_181\bin\vtkImagingFourier-7.1.dll
0x00007ffa69590000 - 0x00007ffa6965d000 	C:\Windows\System32\OLEAUT32.dll
0x00007ffa0bf00000 - 0x00007ffa0c039000 	C:\Program Files\Java\jdk1.8.0_181\bin\vtkImagingCore-7.1.dll
0x00007ffa5ebf0000 - 0x00007ffa5ec80000 	C:\Windows\SYSTEM32\apphelp.dll
0x00007ffa63760000 - 0x00007ffa63769000 	C:\Program Files\Java\jdk1.8.0_181\bin\vtkCommonColorJava.dll
0x00007ffa63740000 - 0x00007ffa63750000 	C:\Program Files\Java\jdk1.8.0_181\bin\vtkCommonComputationalGeometryJava.dll
0x00007ffa400e0000 - 0x00007ffa400eb000 	C:\Program Files\Java\jdk1.8.0_181\bin\vtkCommonMiscJava.dll
0x00007ffa3bea0000 - 0x00007ffa3beaa000 	C:\Program Files\Java\jdk1.8.0_181\bin\vtkCommonSystemJava.dll
0x00007ffa39360000 - 0x00007ffa3936e000 	C:\Program Files\Java\jdk1.8.0_181\bin\vtkDomainsChemistryJava.dll
0x00007ffa133b0000 - 0x00007ffa13400000 	C:\Program Files\Java\jdk1.8.0_181\bin\vtkDomainsChemistry-7.1.dll
0x00007ffa23f60000 - 0x00007ffa23f7b000 	C:\Program Files\Java\jdk1.8.0_181\bin\vtkIOXMLParser-7.1.dll
0x00007ffa10f70000 - 0x00007ffa10fcc000 	C:\Program Files\Java\jdk1.8.0_181\bin\vtkIOCore-7.1.dll
0x00007ffa18560000 - 0x00007ffa18583000 	C:\Program Files\Java\jdk1.8.0_181\bin\vtkexpat-7.1.dll
0x00007ffa39110000 - 0x00007ffa39119000 	C:\Program Files\Java\jdk1.8.0_181\bin\vtkDomainsChemistryOpenGL2Java.dll
0x00007ffa322a0000 - 0x00007ffa322ae000 	C:\Program Files\Java\jdk1.8.0_181\bin\vtkDomainsChemistryOpenGL2-7.1.dll
0x00007ffa0bd80000 - 0x00007ffa0bef4000 	C:\Program Files\Java\jdk1.8.0_181\bin\vtkRenderingOpenGL2-7.1.dll
0x00007ffa0bd10000 - 0x00007ffa0bd78000 	C:\Program Files\Java\jdk1.8.0_181\bin\vtkglew-7.1.dll
0x00007ffa28140000 - 0x00007ffa28265000 	C:\Windows\SYSTEM32\OPENGL32.dll
0x00007ffa280e0000 - 0x00007ffa2810c000 	C:\Windows\SYSTEM32\GLU32.dll
0x00007ffa2cd30000 - 0x00007ffa2cd3c000 	C:\Program Files\Java\jdk1.8.0_181\bin\vtkFiltersAMRJava.dll
0x00007ffa183a0000 - 0x00007ffa183c6000 	C:\Program Files\Java\jdk1.8.0_181\bin\vtkFiltersAMR-7.1.dll
0x00007ffa10790000 - 0x00007ffa107e1000 	C:\Program Files\Java\jdk1.8.0_181\bin\vtkParallelCore-7.1.dll
0x00007ffa0bc90000 - 0x00007ffa0bd03000 	C:\Program Files\Java\jdk1.8.0_181\bin\vtkIOLegacy-7.1.dll
0x00007ffa18030000 - 0x00007ffa1806e000 	C:\Program Files\Java\jdk1.8.0_181\bin\vtkFiltersCoreJava.dll
0x00007ffa1ce90000 - 0x00007ffa1cea2000 	C:\Program Files\Java\jdk1.8.0_181\bin\vtkFiltersExtractionJava.dll
0x00007ffa0f440000 - 0x00007ffa0f475000 	C:\Program Files\Java\jdk1.8.0_181\bin\vtkFiltersGeneralJava.dll
0x00007ffa1c870000 - 0x00007ffa1c882000 	C:\Program Files\Java\jdk1.8.0_181\bin\vtkFiltersFlowPathsJava.dll
0x00007ffa0bc40000 - 0x00007ffa0bc8d000 	C:\Program Files\Java\jdk1.8.0_181\bin\vtkFiltersFlowPaths-7.1.dll
0x00007ffa1b430000 - 0x00007ffa1b441000 	C:\Program Files\Java\jdk1.8.0_181\bin\vtkFiltersGenericJava.dll
0x00007ffa13ce0000 - 0x00007ffa13d05000 	C:\Program Files\Java\jdk1.8.0_181\bin\vtkFiltersGeneric-7.1.dll

VM Arguments:
jvm_args: -XX:TieredStopAtLevel=1 -Xverify:none -Dspring.output.ansi.enabled=always -Dcom.sun.management.jmxremote -Dspring.jmx.enabled=true -Dspring.liveBeansView.mbeanDomain -Dspring.application.admin.enabled=true -javaagent:D:\ideaIU-2020.1.3.win\lib\idea_rt.jar=25026:D:\ideaIU-2020.1.3.win\bin -Dfile.encoding=UTF-8 
java_command: com.example.processingserver.ProcessingserverApplication
java_class_path (initial): C:\Program Files\Java\jdk1.8.0_181\jre\lib\charsets.jar;C:\Program Files\Java\jdk1.8.0_181\jre\lib\deploy.jar;C:\Program Files\Java\jdk1.8.0_181\jre\lib\ext\access-bridge-64.jar;C:\Program Files\Java\jdk1.8.0_181\jre\lib\ext\cldrdata.jar;C:\Program Files\Java\jdk1.8.0_181\jre\lib\ext\dnsns.jar;C:\Program Files\Java\jdk1.8.0_181\jre\lib\ext\jaccess.jar;C:\Program Files\Java\jdk1.8.0_181\jre\lib\ext\jfxrt.jar;C:\Program Files\Java\jdk1.8.0_181\jre\lib\ext\localedata.jar;C:\Program Files\Java\jdk1.8.0_181\jre\lib\ext\nashorn.jar;C:\Program Files\Java\jdk1.8.0_181\jre\lib\ext\sunec.jar;C:\Program Files\Java\jdk1.8.0_181\jre\lib\ext\sunjce_provider.jar;C:\Program Files\Java\jdk1.8.0_181\jre\lib\ext\sunmscapi.jar;C:\Program Files\Java\jdk1.8.0_181\jre\lib\ext\sunpkcs11.jar;C:\Program Files\Java\jdk1.8.0_181\jre\lib\ext\zipfs.jar;C:\Program Files\Java\jdk1.8.0_181\jre\lib\javaws.jar;C:\Program Files\Java\jdk1.8.0_181\jre\lib\jce.jar;C:\Program Files\Java\jdk1.8.0_181\jre\lib\jfr.jar;C:\Program Files\Java\jdk1.8.0_181\jre\lib\jfxswt.jar;C:\Program Files\Java\jdk1.8.0_181\jre\lib\jsse.jar;C:\Program Files\Java\jdk1.8.0_181\jre\lib\management-agent.jar;C:\Program Files\Java\jdk1.8.0_181\jre\lib\plugin.jar;C:\Program Files\Java\jdk1.8.0_181\jre\lib\resources.jar;C:\Program Files\Java\jdk1.8.0_181\jre\lib\rt.jar;D:\apache-tomcat-9.0.39\webapps\cornerstoneVueWEB-master\processingserver\target\classes;D:\vtkjava\build-7.1.1\bin\vtk.jar;D:\vtkjava\dcm4che\dcm4che-core\5.15.0\dcm4che-core-5.15.0.jar;D:\SimpleITK-2.1.1-Java-win64\simpleitk-2.1.1.jar;C:\Users\TimBai\.m2\repository\org\springframework\boot\spring-boot-starter-web\2.5.5\spring-boot-starter-web-2.5.5.jar;C:\Users\TimBai\.m2\repository\org\springframework\boot\spring-boot-starter\2.5.5\spring-boot-starter-2.5.5.jar;C:\Users\TimBai\.m2\repository\org\springframework\boot\spring-boot\2.5.5\spring-boot-2.5.5.jar;C:\Users\TimBai\.m2\repository\org\springframework\boot\spring-boot-starter-logging\
Launcher Type: SUN_STANDARD

Environment Variables:
JAVA_HOME=C:\Program Files\Java\jdk1.8.0_181
CLASSPATH=.;C:\Program Files\Java\jdk1.8.0_181\lib\dt.jar;C:\Program Files\Java\jdk1.8.0_181\lib\tools.jar; 
USERNAME=TimBai
OS=Windows_NT
PROCESSOR_IDENTIFIER=Intel64 Family 6 Model 165 Stepping 2, GenuineIntel



---------------  S Y S T E M  ---------------

OS: Windows 10.0 , 64 bit Build 19041 (10.0.19041.1348)

CPU:total 16 (initial active 16) (8 cores per cpu, 2 threads per core) family 6 model 165 stepping 2, cmov, cx8, fxsr, mmx, sse, sse2, sse3, ssse3, sse4.1, sse4.2, popcnt, avx, avx2, aes, clmul, erms, 3dnowpref, lzcnt, ht, tsc, tscinvbit, bmi1, bmi2, adx

Memory: 4k page, physical 16556184k(6108432k free), swap 24039620k(4013732k free)

vm_info: Java HotSpot(TM) 64-Bit Server VM (25.181-b13) for windows-amd64 JRE (1.8.0_181-b13), built on Jul  7 2018 04:01:33 by "java_re" with MS VC++ 10.0 (VS2010)

time: Wed Feb 23 09:11:12 2022
elapsed time: 33 seconds (0d 0h 0m 33s)

