#
# A fatal error has been detected by the Java Runtime Environment:
#
#  EXCEPTION_ACCESS_VIOLATION (0xc0000005) at pc=0x00007ffa1870a5f9, pid=4316, tid=0x0000000000004328
#
# JRE version: Java(TM) SE Runtime Environment (8.0_181-b13) (build 1.8.0_181-b13)
# Java VM: Java HotSpot(TM) 64-Bit Server VM (25.181-b13 mixed mode windows-amd64 compressed oops)
# Problematic frame:
# C  [vtkCommonTransforms-7.1.dll+0xa5f9]
#
# Failed to write core dump. Minidumps are not enabled by default on client versions of Windows
#
# If you would like to submit a bug report, please visit:
#   http://bugreport.java.com/bugreport/crash.jsp
# The crash happened outside the Java Virtual Machine in native code.
# See problematic frame for where to report the bug.
#

---------------  T H R E A D  ---------------

Current thread (0x0000000023afe800):  JavaThread "Thread-11" daemon [_thread_in_native, id=17192, stack(0x0000000028660000,0x0000000028760000)]

siginfo: ExceptionCode=0xc0000005, reading address 0x0000000000000068

Registers:
RAX=0x0000922303c17f82, RBX=0x00007ffa1871aa00, RCX=0x0000000027add060, RDX=0x0000000000000000
RSP=0x000000002875dcf0, RBP=0x000000002875ddf0, RSI=0x000000002875de70, RDI=0x00007ffa4c4fc560
R8 =0x000000002ebeef80, R9 =0x000000000000003b, R10=0x0000000027add060, R11=0xfaef8e73bf200009
R12=0x0000000000000000, R13=0x0000000000000000, R14=0x000000002ebeef80, R15=0x0000000027add060
RIP=0x00007ffa1870a5f9, EFLAGS=0x0000000000010206

Top of Stack: (sp=0x000000002875dcf0)
0x000000002875dcf0:   fffffffffffffffe 0000000000000000
0x000000002875dd00:   000000002ebeef80 00007ffa0c1ffa45
0x000000002875dd10:   000000000000000a 000000002875de70
0x000000002875dd20:   000000002875de70 0000000000000070
0x000000002875dd30:   0000922303c17f82 0000000000000000
0x000000002875dd40:   00007ffa4c4fc560 00007ffa0c200190
0x000000002875dd50:   0000000027add060 000000002ebeef80
0x000000002875dd60:   00000000015ac150 0000000000000000
0x000000002875dd70:   00007ffa4c4fc560 000000002875de70
0x000000002875dd80:   000000002875ddf0 00007ffa01ac69f6
0x000000002875dd90:   000000002ebeef80 000000002875de70
0x000000002875dda0:   000000002875da70 00007ffa1871aa00
0x000000002875ddb0:   0000000000000000 0000000001572cd0
0x000000002875ddc0:   0000000000000000 00000000015ac150
0x000000002875ddd0:   0000000027add060 0000000000000000
0x000000002875dde0:   0000000000000000 00007ffa0bf1e364 

Instructions: (pc=0x00007ffa1870a5f9)
0x00007ffa1870a5d9:   54 41 55 41 56 41 57 48 83 ec 60 48 8b 05 35 ea
0x00007ffa1870a5e9:   01 00 48 33 c4 48 89 44 24 40 4c 8b ea 4c 8b d1
0x00007ffa1870a5f9:   48 8b 4a 68 48 8b 41 38 4c 63 49 40 49 8b b2 88
0x00007ffa1870a609:   00 00 00 48 ff c0 4d 8b e0 49 8b ca 48 99 48 83 


Register to memory mapping:

RAX=0x0000922303c17f82 is an unknown value
RBX=0x00007ffa1871aa00 is an unknown value
RCX=0x0000000027add060 is an unknown value
RDX=0x0000000000000000 is an unknown value
RSP=0x000000002875dcf0 is pointing into the stack for thread: 0x0000000023afe800
RBP=0x000000002875ddf0 is pointing into the stack for thread: 0x0000000023afe800
RSI=0x000000002875de70 is pointing into the stack for thread: 0x0000000023afe800
RDI=0x00007ffa4c4fc560 is an unknown value
R8 =0x000000002ebeef80 is an unknown value
R9 =0x000000000000003b is an unknown value
R10=0x0000000027add060 is an unknown value
R11=0xfaef8e73bf200009 is an unknown value
R12=0x0000000000000000 is an unknown value
R13=0x0000000000000000 is an unknown value
R14=0x000000002ebeef80 is an unknown value
R15=0x0000000027add060 is an unknown value


Stack: [0x0000000028660000,0x0000000028760000],  sp=0x000000002875dcf0,  free space=1015k
Native frames: (J=compiled Java code, j=interpreted, Vv=VM code, C=native code)
C  [vtkCommonTransforms-7.1.dll+0xa5f9]
C  0x00007ffa01ac69f6
C  0x00007ffa01ac7851
C  0x00007ffa01ac1e48
C  0x0000000003a18c67

Java frames: (J=compiled Java code, j=interpreted, Vv=VM code)
j  vtk.vtkExporter.Write_2()V+0
j  vtk.vtkExporter.Write()V+1
j  com.example.processingserver.utils.SegMCRebuild.restructing()V+445
j  com.example.processingserver.utils.restruction.restructSeged()Z+21
j  com.example.processingserver.utils.RestructThread.run()V+137
j  java.lang.Thread.run()V+11
v  ~StubRoutines::call_stub

---------------  P R O C E S S  ---------------

Java Threads: ( => current thread )
=>0x0000000023afe800 JavaThread "Thread-11" daemon [_thread_in_native, id=17192, stack(0x0000000028660000,0x0000000028760000)]
  0x0000000023af9800 JavaThread "http-nio-9091-exec-7" daemon [_thread_blocked, id=25348, stack(0x0000000028260000,0x0000000028360000)]
  0x0000000023afb800 JavaThread "http-nio-9091-exec-6" daemon [_thread_blocked, id=25968, stack(0x0000000028160000,0x0000000028260000)]
  0x0000000023af0800 JavaThread "http-nio-9091-exec-5" daemon [_thread_blocked, id=24664, stack(0x0000000028060000,0x0000000028160000)]
  0x0000000023af3800 JavaThread "http-nio-9091-exec-4" daemon [_thread_blocked, id=984, stack(0x0000000027f60000,0x0000000028060000)]
  0x0000000023af2800 JavaThread "http-nio-9091-exec-3" daemon [_thread_blocked, id=19584, stack(0x0000000027e60000,0x0000000027f60000)]
  0x0000000023af7000 JavaThread "http-nio-9091-exec-2" daemon [_thread_blocked, id=1188, stack(0x0000000027b60000,0x0000000027c60000)]
  0x0000000023aef800 JavaThread "http-nio-9091-exec-1" daemon [_thread_blocked, id=15740, stack(0x0000000025e90000,0x0000000025f90000)]
  0x0000000023af6800 JavaThread "RMI TCP Connection(idle)" daemon [_thread_blocked, id=33800, stack(0x0000000027960000,0x0000000027a60000)]
  0x0000000023af2000 JavaThread "DestroyJavaVM" [_thread_blocked, id=28776, stack(0x0000000003610000,0x0000000003710000)]
  0x0000000023af5800 JavaThread "http-nio-9091-Acceptor" daemon [_thread_in_native, id=1920, stack(0x0000000027660000,0x0000000027760000)]
  0x0000000023af4000 JavaThread "http-nio-9091-Poller" daemon [_thread_in_native, id=31072, stack(0x0000000027560000,0x0000000027660000)]
  0x0000000020fa5800 JavaThread "ForkJoinPool.commonPool-worker-15" daemon [_thread_blocked, id=27024, stack(0x0000000025b90000,0x0000000025c90000)]
  0x0000000020fa4000 JavaThread "ForkJoinPool.commonPool-worker-13" daemon [_thread_blocked, id=10612, stack(0x0000000025a90000,0x0000000025b90000)]
  0x0000000020fa0000 JavaThread "ForkJoinPool.commonPool-worker-4" daemon [_thread_blocked, id=15468, stack(0x0000000025990000,0x0000000025a90000)]
  0x0000000020fa1800 JavaThread "ForkJoinPool.commonPool-worker-11" daemon [_thread_blocked, id=26744, stack(0x0000000025890000,0x0000000025990000)]
  0x0000000020fa2000 JavaThread "ForkJoinPool.commonPool-worker-2" daemon [_thread_blocked, id=31964, stack(0x0000000025790000,0x0000000025890000)]
  0x0000000023a58800 JavaThread "ForkJoinPool.commonPool-worker-9" daemon [_thread_blocked, id=8108, stack(0x0000000025690000,0x0000000025790000)]
  0x0000000023a58000 JavaThread "HikariPool-1 housekeeper" daemon [_thread_blocked, id=17828, stack(0x0000000025590000,0x0000000025690000)]
  0x0000000023a24000 JavaThread "mssql-jdbc-shared-timer-core-0" daemon [_thread_blocked, id=8028, stack(0x0000000025490000,0x0000000025590000)]
  0x0000000023843000 JavaThread "container-0" [_thread_blocked, id=25564, stack(0x0000000024e90000,0x0000000024f90000)]
  0x00000000237b6800 JavaThread "Catalina-utility-2" [_thread_blocked, id=31712, stack(0x0000000024d90000,0x0000000024e90000)]
  0x00000000237b5800 JavaThread "Catalina-utility-1" [_thread_blocked, id=10156, stack(0x0000000024c90000,0x0000000024d90000)]
  0x0000000023420000 JavaThread "RMI Scheduler(0)" daemon [_thread_blocked, id=29516, stack(0x0000000024390000,0x0000000024490000)]
  0x000000002341a800 JavaThread "RMI TCP Connection(idle)" daemon [_thread_blocked, id=32108, stack(0x0000000022cc0000,0x0000000022dc0000)]
  0x0000000021297800 JavaThread "RMI TCP Accept-0" daemon [_thread_in_native, id=31856, stack(0x0000000022610000,0x0000000022710000)]
  0x000000002106a000 JavaThread "Service Thread" daemon [_thread_blocked, id=34176, stack(0x0000000022460000,0x0000000022560000)]
  0x0000000020fa7000 JavaThread "C1 CompilerThread11" daemon [_thread_blocked, id=34152, stack(0x0000000022260000,0x0000000022360000)]
  0x0000000020fa3000 JavaThread "C1 CompilerThread10" daemon [_thread_blocked, id=31268, stack(0x0000000022160000,0x0000000022260000)]
  0x0000000020fa0800 JavaThread "C1 CompilerThread9" daemon [_thread_blocked, id=31264, stack(0x0000000022060000,0x0000000022160000)]
  0x0000000020fa4800 JavaThread "C1 CompilerThread8" daemon [_thread_blocked, id=15840, stack(0x0000000021f60000,0x0000000022060000)]
  0x0000000020f97000 JavaThread "C2 CompilerThread7" daemon [_thread_blocked, id=30868, stack(0x0000000021e60000,0x0000000021f60000)]
  0x0000000020f7c800 JavaThread "C2 CompilerThread6" daemon [_thread_blocked, id=35500, stack(0x0000000021d60000,0x0000000021e60000)]
  0x0000000020f77800 JavaThread "C2 CompilerThread5" daemon [_thread_blocked, id=31064, stack(0x0000000021c60000,0x0000000021d60000)]
  0x0000000020f6e000 JavaThread "C2 CompilerThread4" daemon [_thread_blocked, id=3360, stack(0x0000000021b60000,0x0000000021c60000)]
  0x0000000020f5f000 JavaThread "C2 CompilerThread3" daemon [_thread_blocked, id=33172, stack(0x0000000021a60000,0x0000000021b60000)]
  0x0000000020f5d800 JavaThread "C2 CompilerThread2" daemon [_thread_blocked, id=5232, stack(0x0000000021960000,0x0000000021a60000)]
  0x0000000020f59800 JavaThread "C2 CompilerThread1" daemon [_thread_blocked, id=10976, stack(0x0000000021860000,0x0000000021960000)]
  0x0000000020f59000 JavaThread "C2 CompilerThread0" daemon [_thread_blocked, id=30240, stack(0x0000000021760000,0x0000000021860000)]
  0x0000000020eeb000 JavaThread "Monitor Ctrl-Break" daemon [_thread_in_native, id=31544, stack(0x0000000021660000,0x0000000021760000)]
  0x000000001f2cb800 JavaThread "Attach Listener" daemon [_thread_blocked, id=25244, stack(0x0000000020d60000,0x0000000020e60000)]
  0x000000001f32b800 JavaThread "Signal Dispatcher" daemon [_thread_blocked, id=5468, stack(0x0000000020c60000,0x0000000020d60000)]
  0x000000001f2a6800 JavaThread "Finalizer" daemon [_thread_blocked, id=35264, stack(0x0000000020b00000,0x0000000020c00000)]
  0x000000001d841000 JavaThread "Reference Handler" daemon [_thread_blocked, id=10324, stack(0x0000000020a00000,0x0000000020b00000)]

Other Threads:
  0x000000001f285800 VMThread [stack: 0x0000000020900000,0x0000000020a00000] [id=16316]
  0x000000002129b000 WatcherThread [stack: 0x0000000022710000,0x0000000022810000] [id=24008]

VM state:not at safepoint (normal execution)

VM Mutex/Monitor currently owned by a thread: None

Heap:
 PSYoungGen      total 178176K, used 24794K [0x000000076bc00000, 0x000000077f000000, 0x00000007c0000000)
  eden space 162304K, 5% used [0x000000076bc00000,0x000000076c549570,0x0000000775a80000)
  from space 15872K, 96% used [0x0000000775a80000,0x000000077696d520,0x0000000776a00000)
  to   space 17920K, 0% used [0x000000077de80000,0x000000077de80000,0x000000077f000000)
 ParOldGen       total 131072K, used 16074K [0x00000006c3400000, 0x00000006cb400000, 0x000000076bc00000)
  object space 131072K, 12% used [0x00000006c3400000,0x00000006c43b2888,0x00000006cb400000)
 Metaspace       used 45738K, capacity 48351K, committed 48640K, reserved 1091584K
  class space    used 6057K, capacity 6571K, committed 6656K, reserved 1048576K

Card table byte_map: [0x0000000012dc0000,0x00000000135b0000] byte_map_base: 0x000000000f7a6000

Marking Bits: (ParMarkBitMap*) 0x000000005beb2d00
 Begin Bits: [0x0000000014800000, 0x0000000018730000)
 End Bits:   [0x0000000018730000, 0x000000001c660000)

Polling page: 0x00000000018d0000

CodeCache: size=245760Kb used=12169Kb max_used=12169Kb free=233590Kb
 bounds [0x0000000003a00000, 0x00000000045f0000, 0x0000000012a00000]
 total_blobs=5940 nmethods=5386 adapters=462
 compilation: enabled

Compilation events (10 events):
Event: 35.594 Thread 0x0000000020fa4800 5383       1       org.apache.tomcat.util.net.NioEndpoint$NioSocketWrapper::interestOps (5 bytes)
Event: 35.594 Thread 0x0000000020fa4800 nmethod 5383 0x00000000045e1990 code [0x00000000045e1ae0, 0x00000000045e1bf0]
Event: 38.425 Thread 0x0000000020fa0800 5384       1       java.util.concurrent.locks.AbstractQueuedSynchronizer::compareAndSetWaitStatus (13 bytes)
Event: 38.425 Thread 0x0000000020fa0800 nmethod 5384 0x00000000045e1c50 code [0x00000000045e1da0, 0x00000000045e1eb0]
Event: 40.092 Thread 0x0000000020fa7000 5385       1       java.io.BufferedOutputStream::flushBuffer (29 bytes)
Event: 40.092 Thread 0x0000000020fa7000 nmethod 5385 0x00000000045e1f10 code [0x00000000045e2060, 0x00000000045e21c8]
Event: 40.093 Thread 0x0000000020fa3000 5386       1       java.lang.Long::hashCode (8 bytes)
Event: 40.093 Thread 0x0000000020fa0800 5387       1       java.lang.Long::hashCode (8 bytes)
Event: 40.093 Thread 0x0000000020fa3000 nmethod 5386 0x00000000045e2250 code [0x00000000045e23a0, 0x00000000045e24d0]
Event: 40.093 Thread 0x0000000020fa0800 nmethod 5387 0x00000000045e2510 code [0x00000000045e2660, 0x00000000045e2750]

GC Heap History (10 events):
Event: 1.828 GC heap before
{Heap before GC invocations=5 (full 1):
 PSYoungGen      total 75776K, used 65024K [0x000000076bc00000, 0x0000000775000000, 0x00000007c0000000)
  eden space 65024K, 100% used [0x000000076bc00000,0x000000076fb80000,0x000000076fb80000)
  from space 10752K, 0% used [0x000000076fb80000,0x000000076fb80000,0x0000000770600000)
  to   space 10752K, 0% used [0x0000000774580000,0x0000000774580000,0x0000000775000000)
 ParOldGen       total 101888K, used 8738K [0x00000006c3400000, 0x00000006c9780000, 0x000000076bc00000)
  object space 101888K, 8% used [0x00000006c3400000,0x00000006c3c88b70,0x00000006c9780000)
 Metaspace       used 23618K, capacity 24963K, committed 25088K, reserved 1071104K
  class space    used 3217K, capacity 3498K, committed 3584K, reserved 1048576K
Event: 1.832 GC heap after
Heap after GC invocations=5 (full 1):
 PSYoungGen      total 109568K, used 6534K [0x000000076bc00000, 0x0000000774c00000, 0x00000007c0000000)
  eden space 102912K, 0% used [0x000000076bc00000,0x000000076bc00000,0x0000000772080000)
  from space 6656K, 98% used [0x0000000774580000,0x0000000774be1a40,0x0000000774c00000)
  to   space 10752K, 0% used [0x0000000773700000,0x0000000773700000,0x0000000774180000)
 ParOldGen       total 101888K, used 8746K [0x00000006c3400000, 0x00000006c9780000, 0x000000076bc00000)
  object space 101888K, 8% used [0x00000006c3400000,0x00000006c3c8ab70,0x00000006c9780000)
 Metaspace       used 23618K, capacity 24963K, committed 25088K, reserved 1071104K
  class space    used 3217K, capacity 3498K, committed 3584K, reserved 1048576K
}
Event: 2.830 GC heap before
{Heap before GC invocations=6 (full 1):
 PSYoungGen      total 109568K, used 109446K [0x000000076bc00000, 0x0000000774c00000, 0x00000007c0000000)
  eden space 102912K, 100% used [0x000000076bc00000,0x0000000772080000,0x0000000772080000)
  from space 6656K, 98% used [0x0000000774580000,0x0000000774be1a40,0x0000000774c00000)
  to   space 10752K, 0% used [0x0000000773700000,0x0000000773700000,0x0000000774180000)
 ParOldGen       total 101888K, used 8746K [0x00000006c3400000, 0x00000006c9780000, 0x000000076bc00000)
  object space 101888K, 8% used [0x00000006c3400000,0x00000006c3c8ab70,0x00000006c9780000)
 Metaspace       used 32449K, capacity 34405K, committed 34688K, reserved 1079296K
  class space    used 4266K, capacity 4657K, committed 4736K, reserved 1048576K
Event: 2.846 GC heap after
Heap after GC invocations=6 (full 1):
 PSYoungGen      total 136704K, used 10748K [0x000000076bc00000, 0x0000000777a80000, 0x00000007c0000000)
  eden space 125952K, 0% used [0x000000076bc00000,0x000000076bc00000,0x0000000773700000)
  from space 10752K, 99% used [0x0000000773700000,0x000000077417f3c0,0x0000000774180000)
  to   space 16896K, 0% used [0x0000000776a00000,0x0000000776a00000,0x0000000777a80000)
 ParOldGen       total 101888K, used 12956K [0x00000006c3400000, 0x00000006c9780000, 0x000000076bc00000)
  object space 101888K, 12% used [0x00000006c3400000,0x00000006c40a7210,0x00000006c9780000)
 Metaspace       used 32449K, capacity 34405K, committed 34688K, reserved 1079296K
  class space    used 4266K, capacity 4657K, committed 4736K, reserved 1048576K
}
Event: 2.879 GC heap before
{Heap before GC invocations=7 (full 1):
 PSYoungGen      total 136704K, used 21411K [0x000000076bc00000, 0x0000000777a80000, 0x00000007c0000000)
  eden space 125952K, 8% used [0x000000076bc00000,0x000000076c6698d0,0x0000000773700000)
  from space 10752K, 99% used [0x0000000773700000,0x000000077417f3c0,0x0000000774180000)
  to   space 16896K, 0% used [0x0000000776a00000,0x0000000776a00000,0x0000000777a80000)
 ParOldGen       total 101888K, used 12956K [0x00000006c3400000, 0x00000006c9780000, 0x000000076bc00000)
  object space 101888K, 12% used [0x00000006c3400000,0x00000006c40a7210,0x00000006c9780000)
 Metaspace       used 33358K, capacity 35321K, committed 35496K, reserved 1079296K
  class space    used 4373K, capacity 4747K, committed 4864K, reserved 1048576K
Event: 2.886 GC heap after
Heap after GC invocations=7 (full 1):
 PSYoungGen      total 179200K, used 9315K [0x000000076bc00000, 0x000000077b880000, 0x00000007c0000000)
  eden space 162304K, 0% used [0x000000076bc00000,0x000000076bc00000,0x0000000775a80000)
  from space 16896K, 55% used [0x0000000776a00000,0x0000000777318ff0,0x0000000777a80000)
  to   space 15872K, 0% used [0x0000000775a80000,0x0000000775a80000,0x0000000776a00000)
 ParOldGen       total 101888K, used 12964K [0x00000006c3400000, 0x00000006c9780000, 0x000000076bc00000)
  object space 101888K, 12% used [0x00000006c3400000,0x00000006c40a9210,0x00000006c9780000)
 Metaspace       used 33358K, capacity 35321K, committed 35496K, reserved 1079296K
  class space    used 4373K, capacity 4747K, committed 4864K, reserved 1048576K
}
Event: 2.886 GC heap before
{Heap before GC invocations=8 (full 2):
 PSYoungGen      total 179200K, used 9315K [0x000000076bc00000, 0x000000077b880000, 0x00000007c0000000)
  eden space 162304K, 0% used [0x000000076bc00000,0x000000076bc00000,0x0000000775a80000)
  from space 16896K, 55% used [0x0000000776a00000,0x0000000777318ff0,0x0000000777a80000)
  to   space 15872K, 0% used [0x0000000775a80000,0x0000000775a80000,0x0000000776a00000)
 ParOldGen       total 101888K, used 12964K [0x00000006c3400000, 0x00000006c9780000, 0x000000076bc00000)
  object space 101888K, 12% used [0x00000006c3400000,0x00000006c40a9210,0x00000006c9780000)
 Metaspace       used 33358K, capacity 35321K, committed 35496K, reserved 1079296K
  class space    used 4373K, capacity 4747K, committed 4864K, reserved 1048576K
Event: 2.914 GC heap after
Heap after GC invocations=8 (full 2):
 PSYoungGen      total 179200K, used 0K [0x000000076bc00000, 0x000000077b880000, 0x00000007c0000000)
  eden space 162304K, 0% used [0x000000076bc00000,0x000000076bc00000,0x0000000775a80000)
  from space 16896K, 0% used [0x0000000776a00000,0x0000000776a00000,0x0000000777a80000)
  to   space 15872K, 0% used [0x0000000775a80000,0x0000000775a80000,0x0000000776a00000)
 ParOldGen       total 131072K, used 16002K [0x00000006c3400000, 0x00000006cb400000, 0x000000076bc00000)
  object space 131072K, 12% used [0x00000006c3400000,0x00000006c43a0878,0x00000006cb400000)
 Metaspace       used 33358K, capacity 35321K, committed 35496K, reserved 1079296K
  class space    used 4373K, capacity 4747K, committed 4864K, reserved 1048576K
}
Event: 17.415 GC heap before
{Heap before GC invocations=9 (full 2):
 PSYoungGen      total 179200K, used 162304K [0x000000076bc00000, 0x000000077b880000, 0x00000007c0000000)
  eden space 162304K, 100% used [0x000000076bc00000,0x0000000775a80000,0x0000000775a80000)
  from space 16896K, 0% used [0x0000000776a00000,0x0000000776a00000,0x0000000777a80000)
  to   space 15872K, 0% used [0x0000000775a80000,0x0000000775a80000,0x0000000776a00000)
 ParOldGen       total 131072K, used 16002K [0x00000006c3400000, 0x00000006cb400000, 0x000000076bc00000)
  object space 131072K, 12% used [0x00000006c3400000,0x00000006c43a0878,0x00000006cb400000)
 Metaspace       used 44806K, capacity 47449K, committed 47744K, reserved 1091584K
  class space    used 5942K, capacity 6442K, committed 6528K, reserved 1048576K
Event: 17.425 GC heap after
Heap after GC invocations=9 (full 2):
 PSYoungGen      total 178176K, used 15285K [0x000000076bc00000, 0x000000077f000000, 0x00000007c0000000)
  eden space 162304K, 0% used [0x000000076bc00000,0x000000076bc00000,0x0000000775a80000)
  from space 15872K, 96% used [0x0000000775a80000,0x000000077696d520,0x0000000776a00000)
  to   space 17920K, 0% used [0x000000077de80000,0x000000077de80000,0x000000077f000000)
 ParOldGen       total 131072K, used 16074K [0x00000006c3400000, 0x00000006cb400000, 0x000000076bc00000)
  object space 131072K, 12% used [0x00000006c3400000,0x00000006c43b2888,0x00000006cb400000)
 Metaspace       used 44806K, capacity 47449K, committed 47744K, reserved 1091584K
  class space    used 5942K, capacity 6442K, committed 6528K, reserved 1048576K
}

Deoptimization events (0 events):
No events

Classes redefined (0 events):
No events

Internal exceptions (10 events):
Event: 17.429 Thread 0x0000000023af9800 Exception <a 'java/lang/ArrayIndexOutOfBoundsException'> (0x000000076c000ae0) thrown at [C:\re\workspace\8-2-build-windows-amd64-cygwin\jdk8u181\11358\hotspot\src\share\vm\runtime\sharedRuntime.cpp, line 605]
Event: 17.430 Thread 0x0000000023af9800 Exception <a 'java/lang/ArrayIndexOutOfBoundsException'> (0x000000076c001818) thrown at [C:\re\workspace\8-2-build-windows-amd64-cygwin\jdk8u181\11358\hotspot\src\share\vm\runtime\sharedRuntime.cpp, line 605]
Event: 17.430 Thread 0x0000000023af9800 Exception <a 'java/lang/ArrayIndexOutOfBoundsException'> (0x000000076c002a58) thrown at [C:\re\workspace\8-2-build-windows-amd64-cygwin\jdk8u181\11358\hotspot\src\share\vm\runtime\sharedRuntime.cpp, line 605]
Event: 17.430 Thread 0x0000000023af9800 Exception <a 'java/lang/ArrayIndexOutOfBoundsException'> (0x000000076c003a28) thrown at [C:\re\workspace\8-2-build-windows-amd64-cygwin\jdk8u181\11358\hotspot\src\share\vm\runtime\sharedRuntime.cpp, line 605]
Event: 17.430 Thread 0x0000000023af9800 Exception <a 'java/lang/ArrayIndexOutOfBoundsException'> (0x000000076c004b28) thrown at [C:\re\workspace\8-2-build-windows-amd64-cygwin\jdk8u181\11358\hotspot\src\share\vm\runtime\sharedRuntime.cpp, line 605]
Event: 17.430 Thread 0x0000000023af9800 Exception <a 'java/lang/ArrayIndexOutOfBoundsException'> (0x000000076c0066f0) thrown at [C:\re\workspace\8-2-build-windows-amd64-cygwin\jdk8u181\11358\hotspot\src\share\vm\runtime\sharedRuntime.cpp, line 605]
Event: 17.430 Thread 0x0000000023af9800 Exception <a 'java/lang/ArrayIndexOutOfBoundsException'> (0x000000076c021400) thrown at [C:\re\workspace\8-2-build-windows-amd64-cygwin\jdk8u181\11358\hotspot\src\share\vm\runtime\sharedRuntime.cpp, line 605]
Event: 17.430 Thread 0x0000000023af9800 Exception <a 'java/lang/ArrayIndexOutOfBoundsException'> (0x000000076c022678) thrown at [C:\re\workspace\8-2-build-windows-amd64-cygwin\jdk8u181\11358\hotspot\src\share\vm\runtime\sharedRuntime.cpp, line 605]
Event: 17.445 Thread 0x0000000023af9800 Exception <a 'java/lang/ArrayIndexOutOfBoundsException'> (0x000000076c1a7b28) thrown at [C:\re\workspace\8-2-build-windows-amd64-cygwin\jdk8u181\11358\hotspot\src\share\vm\runtime\sharedRuntime.cpp, line 605]
Event: 17.446 Thread 0x0000000023af9800 Exception <a 'java/lang/ArrayIndexOutOfBoundsException'> (0x000000076c1ad8a8) thrown at [C:\re\workspace\8-2-build-windows-amd64-cygwin\jdk8u181\11358\hotspot\src\share\vm\runtime\sharedRuntime.cpp, line 605]

Events (10 events):
Event: 26.768 loading class java/lang/ProcessImpl$2 done
Event: 31.466 loading class sun/net/ResourceManager
Event: 31.466 loading class sun/net/ResourceManager done
Event: 36.883 Thread 0x0000000020fa6000 Thread exited: 0x0000000020fa6000
Event: 40.089 loading class com/example/processingserver/utils/SendMessage
Event: 40.089 loading class com/example/processingserver/utils/SendMessage done
Event: 40.090 loading class com/example/processingserver/utils/SegMCRebuild
Event: 40.090 loading class com/example/processingserver/utils/SegMCRebuild done
Event: 40.090 loading class vtk/vtkMetaImageReader
Event: 40.090 loading class vtk/vtkMetaImageReader done


Dynamic libraries:
0x00007ff773180000 - 0x00007ff7731b7000 	C:\Program Files\Java\jdk1.8.0_181\bin\java.exe
0x00007ffa6a330000 - 0x00007ffa6a525000 	C:\Windows\SYSTEM32\ntdll.dll
0x00007ffa68c50000 - 0x00007ffa68d0e000 	C:\Windows\System32\KERNEL32.DLL
0x00007ffa67f10000 - 0x00007ffa681d8000 	C:\Windows\System32\KERNELBASE.dll
0x00007ffa69050000 - 0x00007ffa690fc000 	C:\Windows\System32\ADVAPI32.dll
0x00007ffa686a0000 - 0x00007ffa6873e000 	C:\Windows\System32\msvcrt.dll
0x00007ffa68bb0000 - 0x00007ffa68c4b000 	C:\Windows\System32\sechost.dll
0x00007ffa69400000 - 0x00007ffa6952a000 	C:\Windows\System32\RPCRT4.dll
0x00007ffa69100000 - 0x00007ffa692a1000 	C:\Windows\System32\USER32.dll
0x00007ffa682f0000 - 0x00007ffa68312000 	C:\Windows\System32\win32u.dll
0x00007ffa692b0000 - 0x00007ffa692db000 	C:\Windows\System32\GDI32.dll
0x00007ffa681e0000 - 0x00007ffa682ed000 	C:\Windows\System32\gdi32full.dll
0x00007ffa67de0000 - 0x00007ffa67e7d000 	C:\Windows\System32\msvcp_win.dll
0x00007ffa67c00000 - 0x00007ffa67d00000 	C:\Windows\System32\ucrtbase.dll
0x00007ffa509a0000 - 0x00007ffa50c3a000 	C:\Windows\WinSxS\amd64_microsoft.windows.common-controls_6595b64144ccf1df_6.0.19041.1110_none_60b5254171f9507e\COMCTL32.dll
0x00007ffa684c0000 - 0x00007ffa684f0000 	C:\Windows\System32\IMM32.DLL
0x000000005bf40000 - 0x000000005c012000 	C:\Program Files\Java\jdk1.8.0_181\jre\bin\msvcr100.dll
0x000000005b690000 - 0x000000005bf32000 	C:\Program Files\Java\jdk1.8.0_181\jre\bin\server\jvm.dll
0x00007ffa684f0000 - 0x00007ffa684f8000 	C:\Windows\System32\PSAPI.DLL
0x00007ffa4b560000 - 0x00007ffa4b569000 	C:\Windows\SYSTEM32\WSOCK32.dll
0x00007ffa52c00000 - 0x00007ffa52c27000 	C:\Windows\SYSTEM32\WINMM.dll
0x00007ffa5cbe0000 - 0x00007ffa5cbea000 	C:\Windows\SYSTEM32\VERSION.dll
0x00007ffa69390000 - 0x00007ffa693fb000 	C:\Windows\System32\WS2_32.dll
0x000000005b680000 - 0x000000005b68f000 	C:\Program Files\Java\jdk1.8.0_181\jre\bin\verify.dll
0x000000005b650000 - 0x000000005b679000 	C:\Program Files\Java\jdk1.8.0_181\jre\bin\java.dll
0x000000005c360000 - 0x000000005c383000 	C:\Program Files\Java\jdk1.8.0_181\jre\bin\instrument.dll
0x000000005b630000 - 0x000000005b646000 	C:\Program Files\Java\jdk1.8.0_181\jre\bin\zip.dll
0x00007ffa69700000 - 0x00007ffa69e44000 	C:\Windows\System32\SHELL32.dll
0x00007ffa65ae0000 - 0x00007ffa66274000 	C:\Windows\SYSTEM32\windows.storage.dll
0x00007ffa68740000 - 0x00007ffa68a95000 	C:\Windows\System32\combase.dll
0x00007ffa67490000 - 0x00007ffa674be000 	C:\Windows\SYSTEM32\Wldp.dll
0x00007ffa692e0000 - 0x00007ffa6938d000 	C:\Windows\System32\SHCORE.dll
0x00007ffa68d10000 - 0x00007ffa68d65000 	C:\Windows\System32\shlwapi.dll
0x00007ffa67980000 - 0x00007ffa6799f000 	C:\Windows\SYSTEM32\profapi.dll
0x00007ffa2e640000 - 0x00007ffa2e65a000 	D:\ideaIU-2020.1.3.win\bin\breakgen64.dll
0x000000005b610000 - 0x000000005b62a000 	C:\Program Files\Java\jdk1.8.0_181\jre\bin\net.dll
0x00007ffa671f0000 - 0x00007ffa6725a000 	C:\Windows\system32\mswsock.dll
0x00007ffa66ed0000 - 0x00007ffa66f9b000 	C:\Windows\SYSTEM32\DNSAPI.dll
0x00007ffa66e90000 - 0x00007ffa66ecb000 	C:\Windows\SYSTEM32\IPHLPAPI.DLL
0x00007ffa69660000 - 0x00007ffa69668000 	C:\Windows\System32\NSI.dll
0x000000005cd80000 - 0x000000005cda6000 	C:\Program Files\Bonjour\mdnsNSP.dll
0x00007ffa5d940000 - 0x00007ffa5d94a000 	C:\Windows\System32\rasadhlp.dll
0x00007ffa5d150000 - 0x00007ffa5d1cf000 	C:\Windows\System32\fwpuclnt.dll
0x00007ffa67db0000 - 0x00007ffa67dd7000 	C:\Windows\System32\bcrypt.dll
0x000000005c390000 - 0x000000005c39d000 	C:\Program Files\Java\jdk1.8.0_181\jre\bin\management.dll
0x000000005b5f0000 - 0x000000005b601000 	C:\Program Files\Java\jdk1.8.0_181\jre\bin\nio.dll
0x00007ffa673f0000 - 0x00007ffa67408000 	C:\Windows\SYSTEM32\CRYPTSP.dll
0x00007ffa66b00000 - 0x00007ffa66b34000 	C:\Windows\system32\rsaenh.dll
0x00007ffa67940000 - 0x00007ffa6796e000 	C:\Windows\SYSTEM32\USERENV.dll
0x00007ffa67e80000 - 0x00007ffa67f02000 	C:\Windows\System32\bcryptprimitives.dll
0x00007ffa673e0000 - 0x00007ffa673ec000 	C:\Windows\SYSTEM32\CRYPTBASE.dll
0x00007ffa5e070000 - 0x00007ffa5e087000 	C:\Windows\SYSTEM32\dhcpcsvc6.DLL
0x00007ffa5dcf0000 - 0x00007ffa5dd0d000 	C:\Windows\SYSTEM32\dhcpcsvc.DLL
0x00007ffa3e130000 - 0x00007ffa3e147000 	C:\Windows\system32\napinsp.dll
0x00007ffa3e110000 - 0x00007ffa3e12b000 	C:\Windows\system32\pnrpnsp.dll
0x00007ffa60170000 - 0x00007ffa60185000 	C:\Windows\system32\wshbth.dll
0x00007ffa5ffd0000 - 0x00007ffa5ffed000 	C:\Windows\system32\NLAapi.dll
0x00007ffa3d5d0000 - 0x00007ffa3d5e2000 	C:\Windows\System32\winrnr.dll
0x000000005c330000 - 0x000000005c354000 	C:\Program Files\Java\jdk1.8.0_181\jre\bin\sunec.dll
0x000000005c320000 - 0x000000005c32b000 	C:\Program Files\Java\jdk1.8.0_181\jre\bin\sunmscapi.dll
0x00007ffa67aa0000 - 0x00007ffa67bf6000 	C:\Windows\System32\CRYPT32.dll
0x00007ffa1ae40000 - 0x00007ffa1ae61000 	C:\Program Files\Java\jdk1.8.0_181\bin\vtkChartsCoreJava.dll
0x00007ffa26790000 - 0x00007ffa267a2000 	C:\Program Files\Java\jdk1.8.0_181\bin\vtkRenderingContext2DJava.dll
0x00007ffa0c390000 - 0x00007ffa0c477000 	C:\Program Files\Java\jdk1.8.0_181\bin\vtkChartsCore-7.1.dll
0x00007ffa189d0000 - 0x00007ffa18a19000 	C:\Program Files\Java\jdk1.8.0_181\bin\vtkCommonCoreJava.dll
0x00007ffa659b0000 - 0x00007ffa659bb000 	C:\Program Files\Java\jdk1.8.0_181\bin\vtkWrappingJava.dll
0x00007ffa41770000 - 0x00007ffa41816000 	C:\Windows\SYSTEM32\MSVCP120.dll
0x00007ffa0c0c0000 - 0x00007ffa0c38f000 	C:\Program Files\Java\jdk1.8.0_181\bin\vtkCommonCore-7.1.dll
0x00007ffa4c420000 - 0x00007ffa4c50f000 	C:\Windows\SYSTEM32\MSVCR120.dll
0x00007ffa19930000 - 0x00007ffa19959000 	C:\Program Files\Java\jdk1.8.0_181\bin\vtkRenderingContext2D-7.1.dll
0x00007ffa17eb0000 - 0x00007ffa17f19000 	C:\Program Files\Java\jdk1.8.0_181\bin\vtkRenderingCoreJava.dll
0x00007ffa194c0000 - 0x00007ffa194e5000 	C:\Program Files\Java\jdk1.8.0_181\bin\vtkCommonExecutionModelJava.dll
0x00007ffa0e490000 - 0x00007ffa0e516000 	C:\Program Files\Java\jdk1.8.0_181\bin\vtkCommonExecutionModel-7.1.dll
0x00007ffa0c010000 - 0x00007ffa0c0b6000 	C:\Program Files\Java\jdk1.8.0_181\bin\vtkInfovisCore-7.1.dll
0x00007ffa0bea0000 - 0x00007ffa0c00b000 	C:\Program Files\Java\jdk1.8.0_181\bin\vtkRenderingCore-7.1.dll
0x00007ffa189a0000 - 0x00007ffa189c1000 	C:\Program Files\Java\jdk1.8.0_181\bin\vtkCommonColor-7.1.dll
0x00007ffa0bc80000 - 0x00007ffa0bea0000 	C:\Program Files\Java\jdk1.8.0_181\bin\vtkFiltersGeneral-7.1.dll
0x00007ffa18700000 - 0x00007ffa1872e000 	C:\Program Files\Java\jdk1.8.0_181\bin\vtkCommonTransforms-7.1.dll
0x00007ffa04320000 - 0x00007ffa0459c000 	C:\Program Files\Java\jdk1.8.0_181\bin\vtkCommonDataModel-7.1.dll
0x00007ffa18570000 - 0x00007ffa185bb000 	C:\Program Files\Java\jdk1.8.0_181\bin\vtksys-7.1.dll
0x00007ffa0bbd0000 - 0x00007ffa0bc73000 	C:\Program Files\Java\jdk1.8.0_181\bin\vtkRenderingFreeType-7.1.dll
0x00007ffa0bb40000 - 0x00007ffa0bbc5000 	C:\Program Files\Java\jdk1.8.0_181\bin\vtkCommonDataModelJava.dll
0x000000005c310000 - 0x000000005c317000 	C:\Program Files\Java\jdk1.8.0_181\jre\bin\jawt.dll
0x00007ffa24d40000 - 0x00007ffa24d5f000 	C:\Program Files\Java\jdk1.8.0_181\bin\vtkCommonMisc-7.1.dll
0x00007ffa04290000 - 0x00007ffa0431e000 	C:\Program Files\Java\jdk1.8.0_181\bin\vtkFiltersExtraction-7.1.dll
0x00007ffa13ce0000 - 0x00007ffa13d3d000 	C:\Program Files\Java\jdk1.8.0_181\bin\vtkFiltersGeometry-7.1.dll
0x00007ffa04220000 - 0x00007ffa0428a000 	C:\Program Files\Java\jdk1.8.0_181\bin\vtkFiltersSources-7.1.dll
0x00007ffa03af0000 - 0x00007ffa03e05000 	C:\Program Files\Java\jdk1.8.0_181\bin\vtkFiltersCore-7.1.dll
0x00007ffa183a0000 - 0x00007ffa183c9000 	C:\Program Files\Java\jdk1.8.0_181\bin\vtkCommonComputationalGeometry-7.1.dll
0x00007ffa24cb0000 - 0x00007ffa24cca000 	C:\Program Files\Java\jdk1.8.0_181\bin\vtkCommonSystem-7.1.dll
0x00007ffa18040000 - 0x00007ffa18063000 	C:\Program Files\Java\jdk1.8.0_181\bin\vtkCommonMath-7.1.dll
0x00007ffa041a0000 - 0x00007ffa04215000 	C:\Program Files\Java\jdk1.8.0_181\bin\vtkfreetype-7.1.dll
0x000000005b450000 - 0x000000005b5e9000 	C:\Program Files\Java\jdk1.8.0_181\jre\bin\awt.dll
0x00007ffa24a00000 - 0x00007ffa24a14000 	C:\Program Files\Java\jdk1.8.0_181\bin\vtkCommonTransformsJava.dll
0x00007ffa69590000 - 0x00007ffa6965d000 	C:\Windows\System32\OLEAUT32.dll
0x00007ffa23f60000 - 0x00007ffa23f71000 	C:\Program Files\Java\jdk1.8.0_181\bin\vtkCommonMathJava.dll
0x00007ffa04120000 - 0x00007ffa0419c000 	C:\Program Files\Java\jdk1.8.0_181\bin\vtkFiltersStatistics-7.1.dll
0x00007ffa1d0c0000 - 0x00007ffa1d0d7000 	C:\Program Files\Java\jdk1.8.0_181\bin\vtkzlib-7.1.dll
0x00007ffa1ce90000 - 0x00007ffa1ceb0000 	C:\Program Files\Java\jdk1.8.0_181\bin\vtkalglib-7.1.dll
0x00007ffa1c870000 - 0x00007ffa1c890000 	C:\Program Files\Java\jdk1.8.0_181\bin\vtkImagingFourier-7.1.dll
0x00007ffa03fe0000 - 0x00007ffa04119000 	C:\Program Files\Java\jdk1.8.0_181\bin\vtkImagingCore-7.1.dll
0x00007ffa5ebf0000 - 0x00007ffa5ec80000 	C:\Windows\SYSTEM32\apphelp.dll
0x00007ffa400e0000 - 0x00007ffa400e9000 	C:\Program Files\Java\jdk1.8.0_181\bin\vtkCommonColorJava.dll
0x00007ffa3bea0000 - 0x00007ffa3beb0000 	C:\Program Files\Java\jdk1.8.0_181\bin\vtkCommonComputationalGeometryJava.dll
0x00007ffa39110000 - 0x00007ffa3911b000 	C:\Program Files\Java\jdk1.8.0_181\bin\vtkCommonMiscJava.dll
0x00007ffa322a0000 - 0x00007ffa322aa000 	C:\Program Files\Java\jdk1.8.0_181\bin\vtkCommonSystemJava.dll
0x00007ffa32240000 - 0x00007ffa3224e000 	C:\Program Files\Java\jdk1.8.0_181\bin\vtkDomainsChemistryJava.dll
0x00007ffa10f80000 - 0x00007ffa10fd0000 	C:\Program Files\Java\jdk1.8.0_181\bin\vtkDomainsChemistry-7.1.dll
0x00007ffa1b430000 - 0x00007ffa1b44b000 	C:\Program Files\Java\jdk1.8.0_181\bin\vtkIOXMLParser-7.1.dll
0x00007ffa17e80000 - 0x00007ffa17ea3000 	C:\Program Files\Java\jdk1.8.0_181\bin\vtkexpat-7.1.dll
0x00007ffa10790000 - 0x00007ffa107ec000 	C:\Program Files\Java\jdk1.8.0_181\bin\vtkIOCore-7.1.dll
0x00007ffa2cd30000 - 0x00007ffa2cd39000 	C:\Program Files\Java\jdk1.8.0_181\bin\vtkDomainsChemistryOpenGL2Java.dll
0x00007ffa28a40000 - 0x00007ffa28a4e000 	C:\Program Files\Java\jdk1.8.0_181\bin\vtkDomainsChemistryOpenGL2-7.1.dll
0x00007ffa03970000 - 0x00007ffa03ae4000 	C:\Program Files\Java\jdk1.8.0_181\bin\vtkRenderingOpenGL2-7.1.dll
0x00007ffa28140000 - 0x00007ffa28265000 	C:\Windows\SYSTEM32\OPENGL32.dll
0x00007ffa03900000 - 0x00007ffa03968000 	C:\Program Files\Java\jdk1.8.0_181\bin\vtkglew-7.1.dll
0x00007ffa280e0000 - 0x00007ffa2810c000 	C:\Windows\SYSTEM32\GLU32.dll
0x00007ffa27a90000 - 0x00007ffa27a9c000 	C:\Program Files\Java\jdk1.8.0_181\bin\vtkFiltersAMRJava.dll
0x00007ffa133b0000 - 0x00007ffa133d6000 	C:\Program Files\Java\jdk1.8.0_181\bin\vtkFiltersAMR-7.1.dll
0x00007ffa0f420000 - 0x00007ffa0f471000 	C:\Program Files\Java\jdk1.8.0_181\bin\vtkParallelCore-7.1.dll
0x00007ffa03630000 - 0x00007ffa036a3000 	C:\Program Files\Java\jdk1.8.0_181\bin\vtkIOLegacy-7.1.dll
0x00007ffa0bb00000 - 0x00007ffa0bb3e000 	C:\Program Files\Java\jdk1.8.0_181\bin\vtkFiltersCoreJava.dll
0x00007ffa1aae0000 - 0x00007ffa1aaf2000 	C:\Program Files\Java\jdk1.8.0_181\bin\vtkFiltersExtractionJava.dll
0x00007ffa03fa0000 - 0x00007ffa03fd5000 	C:\Program Files\Java\jdk1.8.0_181\bin\vtkFiltersGeneralJava.dll
0x00007ffa1a910000 - 0x00007ffa1a922000 	C:\Program Files\Java\jdk1.8.0_181\bin\vtkFiltersFlowPathsJava.dll
0x00007ffa038b0000 - 0x00007ffa038fd000 	C:\Program Files\Java\jdk1.8.0_181\bin\vtkFiltersFlowPaths-7.1.dll
0x00007ffa1a8c0000 - 0x00007ffa1a8d1000 	C:\Program Files\Java\jdk1.8.0_181\bin\vtkFiltersGenericJava.dll
0x00007ffa104e0000 - 0x00007ffa10505000 	C:\Program Files\Java\jdk1.8.0_181\bin\vtkFiltersGeneric-7.1.dll

VM Arguments:
jvm_args: -XX:TieredStopAtLevel=1 -Xverify:none -Dspring.output.ansi.enabled=always -Dcom.sun.management.jmxremote -Dspring.jmx.enabled=true -Dspring.liveBeansView.mbeanDomain -Dspring.application.admin.enabled=true -javaagent:D:\ideaIU-2020.1.3.win\lib\idea_rt.jar=26994:D:\ideaIU-2020.1.3.win\bin -Dfile.encoding=UTF-8 
java_command: com.example.processingserver.ProcessingserverApplication
java_class_path (initial): C:\Program Files\Java\jdk1.8.0_181\jre\lib\charsets.jar;C:\Program Files\Java\jdk1.8.0_181\jre\lib\deploy.jar;C:\Program Files\Java\jdk1.8.0_181\jre\lib\ext\access-bridge-64.jar;C:\Program Files\Java\jdk1.8.0_181\jre\lib\ext\cldrdata.jar;C:\Program Files\Java\jdk1.8.0_181\jre\lib\ext\dnsns.jar;C:\Program Files\Java\jdk1.8.0_181\jre\lib\ext\jaccess.jar;C:\Program Files\Java\jdk1.8.0_181\jre\lib\ext\jfxrt.jar;C:\Program Files\Java\jdk1.8.0_181\jre\lib\ext\localedata.jar;C:\Program Files\Java\jdk1.8.0_181\jre\lib\ext\nashorn.jar;C:\Program Files\Java\jdk1.8.0_181\jre\lib\ext\sunec.jar;C:\Program Files\Java\jdk1.8.0_181\jre\lib\ext\sunjce_provider.jar;C:\Program Files\Java\jdk1.8.0_181\jre\lib\ext\sunmscapi.jar;C:\Program Files\Java\jdk1.8.0_181\jre\lib\ext\sunpkcs11.jar;C:\Program Files\Java\jdk1.8.0_181\jre\lib\ext\zipfs.jar;C:\Program Files\Java\jdk1.8.0_181\jre\lib\javaws.jar;C:\Program Files\Java\jdk1.8.0_181\jre\lib\jce.jar;C:\Program Files\Java\jdk1.8.0_181\jre\lib\jfr.jar;C:\Program Files\Java\jdk1.8.0_181\jre\lib\jfxswt.jar;C:\Program Files\Java\jdk1.8.0_181\jre\lib\jsse.jar;C:\Program Files\Java\jdk1.8.0_181\jre\lib\management-agent.jar;C:\Program Files\Java\jdk1.8.0_181\jre\lib\plugin.jar;C:\Program Files\Java\jdk1.8.0_181\jre\lib\resources.jar;C:\Program Files\Java\jdk1.8.0_181\jre\lib\rt.jar;D:\apache-tomcat-9.0.39\webapps\cornerstoneVueWEB-master\processingserver\target\classes;D:\vtkjava\build-7.1.1\bin\vtk.jar;D:\vtkjava\dcm4che\dcm4che-core\5.15.0\dcm4che-core-5.15.0.jar;D:\SimpleITK-2.1.1-Java-win64\simpleitk-2.1.1.jar;C:\Users\TimBai\.m2\repository\org\springframework\boot\spring-boot-starter-web\2.5.5\spring-boot-starter-web-2.5.5.jar;C:\Users\TimBai\.m2\repository\org\springframework\boot\spring-boot-starter\2.5.5\spring-boot-starter-2.5.5.jar;C:\Users\TimBai\.m2\repository\org\springframework\boot\spring-boot\2.5.5\spring-boot-2.5.5.jar;C:\Users\TimBai\.m2\repository\org\springframework\boot\spring-boot-starter-logging\
Launcher Type: SUN_STANDARD

Environment Variables:
JAVA_HOME=C:\Program Files\Java\jdk1.8.0_181
CLASSPATH=.;C:\Program Files\Java\jdk1.8.0_181\lib\dt.jar;C:\Program Files\Java\jdk1.8.0_181\lib\tools.jar; 
USERNAME=TimBai
OS=Windows_NT
PROCESSOR_IDENTIFIER=Intel64 Family 6 Model 165 Stepping 2, GenuineIntel



---------------  S Y S T E M  ---------------

OS: Windows 10.0 , 64 bit Build 19041 (10.0.19041.1348)

CPU:total 16 (initial active 16) (8 cores per cpu, 2 threads per core) family 6 model 165 stepping 2, cmov, cx8, fxsr, mmx, sse, sse2, sse3, ssse3, sse4.1, sse4.2, popcnt, avx, avx2, aes, clmul, erms, 3dnowpref, lzcnt, ht, tsc, tscinvbit, bmi1, bmi2, adx

Memory: 4k page, physical 16556184k(5793640k free), swap 24433144k(3651492k free)

vm_info: Java HotSpot(TM) 64-Bit Server VM (25.181-b13) for windows-amd64 JRE (1.8.0_181-b13), built on Jul  7 2018 04:01:33 by "java_re" with MS VC++ 10.0 (VS2010)

time: Wed Feb 23 08:43:55 2022
elapsed time: 40 seconds (0d 0h 0m 40s)

