#
# A fatal error has been detected by the Java Runtime Environment:
#
#  EXCEPTION_ACCESS_VIOLATION (0xc0000005) at pc=0x00007ffd975da5f9, pid=13356, tid=0x0000000000003e28
#
# JRE version: Java(TM) SE Runtime Environment (8.0_181-b13) (build 1.8.0_181-b13)
# Java VM: Java HotSpot(TM) 64-Bit Server VM (25.181-b13 mixed mode windows-amd64 compressed oops)
# Problematic frame:
# C  [vtkCommonTransforms-7.1.dll+0xa5f9]
#
# Failed to write core dump. Minidumps are not enabled by default on client versions of Windows
#
# If you would like to submit a bug report, please visit:
#   http://bugreport.java.com/bugreport/crash.jsp
# The crash happened outside the Java Virtual Machine in native code.
# See problematic frame for where to report the bug.
#

---------------  T H R E A D  ---------------

Current thread (0x0000000003233800):  JavaThread "main" [_thread_in_native, id=15912, stack(0x0000000002f20000,0x0000000003020000)]

siginfo: ExceptionCode=0xc0000005, reading address 0x0000000000000068

Registers:
RAX=0x0000f2ebba5242ab, RBX=0x00007ffd975eaa00, RCX=0x0000000029089310, RDX=0x0000000000000000
RSP=0x000000000301e200, RBP=0x000000000301e300, RSI=0x000000000301e380, RDI=0x00007ffdc708c530
R8 =0x0000000000f72740, R9 =0x000000000000003b, R10=0x0000000029089310, R11=0x0100007c400001e2
R12=0x0000000000000000, R13=0x0000000000000000, R14=0x0000000000f72740, R15=0x0000000029089310
RIP=0x00007ffd975da5f9, EFLAGS=0x0000000000010202

Top of Stack: (sp=0x000000000301e200)
0x000000000301e200:   fffffffffffffffe 0000000000000000
0x000000000301e210:   0000000000f72740 00007ffd81aefa45
0x000000000301e220:   000000000000000a 000000000301e380
0x000000000301e230:   000000000301e380 0000000000000070
0x000000000301e240:   0000f2ebba5242ab 0000000000000000
0x000000000301e250:   00007ffdc708c530 00007ffd81af0190
0x000000000301e260:   0000000029089310 0000000000f72740
0x000000000301e270:   00000000223c6240 0000000000000000
0x000000000301e280:   00007ffdc708c530 000000000301e380
0x000000000301e290:   000000000301e300 00007ffd663e69f6
0x000000000301e2a0:   0000000000f72740 000000000301e380
0x000000000301e2b0:   000000000301df80 00007ffd975eaa00
0x000000000301e2c0:   0000000000000000 00000000290434a0
0x000000000301e2d0:   0000000000000000 00000000223c6240
0x000000000301e2e0:   0000000029089310 0000000000000000
0x000000000301e2f0:   0000000000000000 00007ffd8e08e364 

Instructions: (pc=0x00007ffd975da5f9)
0x00007ffd975da5d9:   54 41 55 41 56 41 57 48 83 ec 60 48 8b 05 35 ea
0x00007ffd975da5e9:   01 00 48 33 c4 48 89 44 24 40 4c 8b ea 4c 8b d1
0x00007ffd975da5f9:   48 8b 4a 68 48 8b 41 38 4c 63 49 40 49 8b b2 88
0x00007ffd975da609:   00 00 00 48 ff c0 4d 8b e0 49 8b ca 48 99 48 83 


Register to memory mapping:

RAX=0x0000f2ebba5242ab is an unknown value
RBX=0x00007ffd975eaa00 is an unknown value
RCX=0x0000000029089310 is an unknown value
RDX=0x0000000000000000 is an unknown value
RSP=0x000000000301e200 is pointing into the stack for thread: 0x0000000003233800
RBP=0x000000000301e300 is pointing into the stack for thread: 0x0000000003233800
RSI=0x000000000301e380 is pointing into the stack for thread: 0x0000000003233800
RDI=0x00007ffdc708c530 is an unknown value
R8 =0x0000000000f72740 is an unknown value
R9 =0x000000000000003b is an unknown value
R10=0x0000000029089310 is an unknown value
R11=0x0100007c400001e2 is an unknown value
R12=0x0000000000000000 is an unknown value
R13=0x0000000000000000 is an unknown value
R14=0x0000000000f72740 is an unknown value
R15=0x0000000029089310 is an unknown value


Stack: [0x0000000002f20000,0x0000000003020000],  sp=0x000000000301e200,  free space=1016k
Native frames: (J=compiled Java code, j=interpreted, Vv=VM code, C=native code)
C  [vtkCommonTransforms-7.1.dll+0xa5f9]
C  0x00007ffd663e69f6
C  0x00007ffd663e7851
C  0x00007ffd663e1e48
C  0x0000000003348c67

Java frames: (J=compiled Java code, j=interpreted, Vv=VM code)
j  vtk.vtkExporter.Write_2()V+0
j  vtk.vtkExporter.Write()V+1
j  MCRebuild.main([Ljava/lang/String;)V+424
v  ~StubRoutines::call_stub

---------------  P R O C E S S  ---------------

Java Threads: ( => current thread )
  0x000000001edb0000 JavaThread "Service Thread" daemon [_thread_blocked, id=10772, stack(0x0000000021520000,0x0000000021620000)]
  0x000000001ed04000 JavaThread "C1 CompilerThread11" daemon [_thread_blocked, id=11384, stack(0x0000000021420000,0x0000000021520000)]
  0x000000001ed0a000 JavaThread "C1 CompilerThread10" daemon [_thread_blocked, id=16048, stack(0x0000000021320000,0x0000000021420000)]
  0x000000001ed09000 JavaThread "C1 CompilerThread9" daemon [_thread_blocked, id=27428, stack(0x0000000021220000,0x0000000021320000)]
  0x000000001ed06000 JavaThread "C1 CompilerThread8" daemon [_thread_blocked, id=5340, stack(0x0000000021020000,0x0000000021120000)]
  0x000000001ed03000 JavaThread "C2 CompilerThread7" daemon [_thread_blocked, id=23736, stack(0x0000000020f20000,0x0000000021020000)]
  0x000000001ecdb800 JavaThread "C2 CompilerThread6" daemon [_thread_blocked, id=24720, stack(0x0000000020e20000,0x0000000020f20000)]
  0x000000001ecca800 JavaThread "C2 CompilerThread5" daemon [_thread_blocked, id=27116, stack(0x0000000020d20000,0x0000000020e20000)]
  0x000000001ecca000 JavaThread "C2 CompilerThread4" daemon [_thread_blocked, id=18628, stack(0x0000000020c20000,0x0000000020d20000)]
  0x000000001ecb7000 JavaThread "C2 CompilerThread3" daemon [_thread_blocked, id=12120, stack(0x0000000020b20000,0x0000000020c20000)]
  0x000000001ecb6800 JavaThread "C2 CompilerThread2" daemon [_thread_blocked, id=10016, stack(0x0000000020a20000,0x0000000020b20000)]
  0x000000001ecb3800 JavaThread "C2 CompilerThread1" daemon [_thread_blocked, id=1744, stack(0x0000000020920000,0x0000000020a20000)]
  0x000000001ecae000 JavaThread "C2 CompilerThread0" daemon [_thread_blocked, id=27028, stack(0x0000000020820000,0x0000000020920000)]
  0x000000001eca0800 JavaThread "Monitor Ctrl-Break" daemon [_thread_in_native, id=24712, stack(0x0000000020720000,0x0000000020820000)]
  0x000000001ebe9800 JavaThread "Attach Listener" daemon [_thread_blocked, id=24640, stack(0x0000000020620000,0x0000000020720000)]
  0x000000001ec41000 JavaThread "Signal Dispatcher" daemon [_thread_blocked, id=5084, stack(0x0000000020520000,0x0000000020620000)]
  0x000000001ebc6800 JavaThread "Finalizer" daemon [_thread_blocked, id=25736, stack(0x0000000020420000,0x0000000020520000)]
  0x000000001d171800 JavaThread "Reference Handler" daemon [_thread_blocked, id=9900, stack(0x0000000020320000,0x0000000020420000)]
=>0x0000000003233800 JavaThread "main" [_thread_in_native, id=15912, stack(0x0000000002f20000,0x0000000003020000)]

Other Threads:
  0x000000001d165800 VMThread [stack: 0x0000000020220000,0x0000000020320000] [id=24376]
  0x000000001ede0800 WatcherThread [stack: 0x0000000021620000,0x0000000021720000] [id=16872]

VM state:not at safepoint (normal execution)

VM Mutex/Monitor currently owned by a thread: None

Heap:
 PSYoungGen      total 75776K, used 11719K [0x000000076bc00000, 0x0000000771080000, 0x00000007c0000000)
  eden space 65024K, 18% used [0x000000076bc00000,0x000000076c771e88,0x000000076fb80000)
  from space 10752K, 0% used [0x0000000770600000,0x0000000770600000,0x0000000771080000)
  to   space 10752K, 0% used [0x000000076fb80000,0x000000076fb80000,0x0000000770600000)
 ParOldGen       total 173568K, used 0K [0x00000006c3400000, 0x00000006cdd80000, 0x000000076bc00000)
  object space 173568K, 0% used [0x00000006c3400000,0x00000006c3400000,0x00000006cdd80000)
 Metaspace       used 4999K, capacity 5408K, committed 5504K, reserved 1056768K
  class space    used 558K, capacity 592K, committed 640K, reserved 1048576K

Card table byte_map: [0x00000000126f0000,0x0000000012ee0000] byte_map_base: 0x000000000f0d6000

Marking Bits: (ParMarkBitMap*) 0x000000006c682d00
 Begin Bits: [0x0000000014130000, 0x0000000018060000)
 End Bits:   [0x0000000018060000, 0x000000001bf90000)

Polling page: 0x0000000001330000

CodeCache: size=245760Kb used=3221Kb max_used=3223Kb free=242538Kb
 bounds [0x0000000003330000, 0x0000000003660000, 0x0000000012330000]
 total_blobs=474 nmethods=182 adapters=202
 compilation: enabled

Compilation events (10 events):
Event: 1.036 Thread 0x000000001ed0a000 nmethod 174 0x0000000003650490 code [0x0000000003650640, 0x0000000003650c98]
Event: 1.036 Thread 0x000000001ed06000 nmethod 173 0x0000000003650fd0 code [0x00000000036511a0, 0x0000000003651958]
Event: 1.036 Thread 0x000000001ed09000 nmethod 178 0x0000000003651cd0 code [0x0000000003651e20, 0x0000000003651ff0]
Event: 1.037 Thread 0x000000001ed04000  180       3       java.lang.StringBuffer::<init> (6 bytes)
Event: 1.037 Thread 0x000000001ed06000  181  s    3       java.lang.StringBuffer::toString (36 bytes)
Event: 1.037 Thread 0x000000001ed04000 nmethod 180 0x0000000003652090 code [0x0000000003652200, 0x00000000036524b0]
Event: 1.037 Thread 0x000000001ed06000 nmethod 181 0x00000000036525d0 code [0x0000000003652760, 0x0000000003652c08]
Event: 1.041 Thread 0x000000001ecca800 nmethod 179 0x0000000003655ed0 code [0x0000000003656020, 0x00000000036565a8]
Event: 2.014 Thread 0x000000001ed09000  182   !   3       java.util.concurrent.ConcurrentHashMap::putVal (362 bytes)
Event: 2.015 Thread 0x000000001ed09000 nmethod 182 0x00000000036535d0 code [0x0000000003653880, 0x0000000003655258]

GC Heap History (0 events):
No events

Deoptimization events (0 events):
No events

Classes redefined (0 events):
No events

Internal exceptions (6 events):
Event: 0.029 Thread 0x0000000003233800 Exception <a 'java/lang/NoSuchMethodError': Method sun.misc.Unsafe.defineClass(Ljava/lang/String;[BII)Ljava/lang/Class; name or signature does not match> (0x000000076bc07cb0) thrown at [C:\re\workspace\8-2-build-windows-amd64-cygwin\jdk8u181\11358\hotspot
Event: 0.029 Thread 0x0000000003233800 Exception <a 'java/lang/NoSuchMethodError': Method sun.misc.Unsafe.prefetchRead(Ljava/lang/Object;J)V name or signature does not match> (0x000000076bc07f98) thrown at [C:\re\workspace\8-2-build-windows-amd64-cygwin\jdk8u181\11358\hotspot\src\share\vm\prim
Event: 1.022 Thread 0x000000001ebe9800 Exception <a 'java/security/PrivilegedActionException'> (0x000000076c6a7cc0) thrown at [C:\re\workspace\8-2-build-windows-amd64-cygwin\jdk8u181\11358\hotspot\src\share\vm\prims\jvm.cpp, line 1435]
Event: 1.022 Thread 0x000000001ebe9800 Exception <a 'java/security/PrivilegedActionException'> (0x000000076c6a80b8) thrown at [C:\re\workspace\8-2-build-windows-amd64-cygwin\jdk8u181\11358\hotspot\src\share\vm\prims\jvm.cpp, line 1435]
Event: 1.023 Thread 0x000000001ebe9800 Exception <a 'java/security/PrivilegedActionException'> (0x000000076c6ac1b0) thrown at [C:\re\workspace\8-2-build-windows-amd64-cygwin\jdk8u181\11358\hotspot\src\share\vm\prims\jvm.cpp, line 1435]
Event: 1.023 Thread 0x000000001ebe9800 Exception <a 'java/security/PrivilegedActionException'> (0x000000076c6ac5a8) thrown at [C:\re\workspace\8-2-build-windows-amd64-cygwin\jdk8u181\11358\hotspot\src\share\vm\prims\jvm.cpp, line 1435]

Events (10 events):
Event: 1.026 loading class sun/util/resources/en/TimeZoneNames_en
Event: 1.026 loading class sun/util/resources/en/TimeZoneNames_en done
Event: 1.026 loading class java/util/LinkedHashMap$LinkedKeySet
Event: 1.026 loading class java/util/LinkedHashMap$LinkedKeySet done
Event: 1.027 loading class sun/util/locale/provider/LocaleResources$ResourceReference
Event: 1.027 loading class sun/util/locale/provider/LocaleResources$ResourceReference done
Event: 2.013 loading class vtk/vtkOBJExporter
Event: 2.013 loading class vtk/vtkOBJExporter done
Event: 2.013 loading class vtk/vtkExporter
Event: 2.013 loading class vtk/vtkExporter done


Dynamic libraries:
0x00007ff7827a0000 - 0x00007ff7827d7000 	C:\Program Files\Java\jdk1.8.0_181\bin\java.exe
0x00007ffde3a30000 - 0x00007ffde3c25000 	C:\Windows\SYSTEM32\ntdll.dll
0x00007ffde2350000 - 0x00007ffde240e000 	C:\Windows\System32\KERNEL32.DLL
0x00007ffde17b0000 - 0x00007ffde1a79000 	C:\Windows\System32\KERNELBASE.dll
0x00007ffde3380000 - 0x00007ffde342c000 	C:\Windows\System32\ADVAPI32.dll
0x00007ffde3510000 - 0x00007ffde35ae000 	C:\Windows\System32\msvcrt.dll
0x00007ffde3740000 - 0x00007ffde37db000 	C:\Windows\System32\sechost.dll
0x00007ffde29e0000 - 0x00007ffde2b0a000 	C:\Windows\System32\RPCRT4.dll
0x00007ffde3840000 - 0x00007ffde39e1000 	C:\Windows\System32\USER32.dll
0x00007ffde12f0000 - 0x00007ffde1312000 	C:\Windows\System32\win32u.dll
0x00007ffde2320000 - 0x00007ffde234b000 	C:\Windows\System32\GDI32.dll
0x00007ffde11e0000 - 0x00007ffde12eb000 	C:\Windows\System32\gdi32full.dll
0x00007ffde14d0000 - 0x00007ffde156d000 	C:\Windows\System32\msvcp_win.dll
0x00007ffde13d0000 - 0x00007ffde14d0000 	C:\Windows\System32\ucrtbase.dll
0x00007ffdcc0e0000 - 0x00007ffdcc37a000 	C:\Windows\WinSxS\amd64_microsoft.windows.common-controls_6595b64144ccf1df_6.0.19041.1110_none_60b5254171f9507e\COMCTL32.dll
0x00007ffde3630000 - 0x00007ffde3660000 	C:\Windows\System32\IMM32.DLL
0x000000006c710000 - 0x000000006c7e2000 	C:\Program Files\Java\jdk1.8.0_181\jre\bin\msvcr100.dll
0x000000006be60000 - 0x000000006c702000 	C:\Program Files\Java\jdk1.8.0_181\jre\bin\server\jvm.dll
0x00007ffde2890000 - 0x00007ffde2898000 	C:\Windows\System32\PSAPI.DLL
0x00007ffdccd00000 - 0x00007ffdccd09000 	C:\Windows\SYSTEM32\WSOCK32.dll
0x00007ffdcc530000 - 0x00007ffdcc557000 	C:\Windows\SYSTEM32\WINMM.dll
0x00007ffde22a0000 - 0x00007ffde230b000 	C:\Windows\System32\WS2_32.dll
0x00007ffdd6dc0000 - 0x00007ffdd6dca000 	C:\Windows\SYSTEM32\VERSION.dll
0x000000006d240000 - 0x000000006d24f000 	C:\Program Files\Java\jdk1.8.0_181\jre\bin\verify.dll
0x000000006be30000 - 0x000000006be59000 	C:\Program Files\Java\jdk1.8.0_181\jre\bin\java.dll
0x000000006be00000 - 0x000000006be23000 	C:\Program Files\Java\jdk1.8.0_181\jre\bin\instrument.dll
0x000000006bde0000 - 0x000000006bdf6000 	C:\Program Files\Java\jdk1.8.0_181\jre\bin\zip.dll
0x00007ffde2b10000 - 0x00007ffde324f000 	C:\Windows\System32\SHELL32.dll
0x00007ffddf200000 - 0x00007ffddf990000 	C:\Windows\SYSTEM32\windows.storage.dll
0x00007ffde1a80000 - 0x00007ffde1dd5000 	C:\Windows\System32\combase.dll
0x00007ffde0ba0000 - 0x00007ffde0bcc000 	C:\Windows\SYSTEM32\Wldp.dll
0x00007ffde1f90000 - 0x00007ffde203d000 	C:\Windows\System32\SHCORE.dll
0x00007ffde36e0000 - 0x00007ffde3735000 	C:\Windows\System32\shlwapi.dll
0x00007ffde1090000 - 0x00007ffde10af000 	C:\Windows\SYSTEM32\profapi.dll
0x00007ffdd7f80000 - 0x00007ffdd7f9a000 	D:\ideaIU-2020.1.3.win\bin\breakgen64.dll
0x000000006bdc0000 - 0x000000006bdda000 	C:\Program Files\Java\jdk1.8.0_181\jre\bin\net.dll
0x00007ffde0900000 - 0x00007ffde096a000 	C:\Windows\system32\mswsock.dll
0x00007ffd9a6d0000 - 0x00007ffd9a6f1000 	C:\Program Files\Java\jdk1.8.0_181\bin\vtkChartsCoreJava.dll
0x00007ffdd5b40000 - 0x00007ffdd5b4b000 	C:\Program Files\Java\jdk1.8.0_181\bin\vtkWrappingJava.dll
0x00007ffd94f00000 - 0x00007ffd94fe7000 	C:\Program Files\Java\jdk1.8.0_181\bin\vtkChartsCore-7.1.dll
0x00007ffd99fa0000 - 0x00007ffd99fe9000 	C:\Program Files\Java\jdk1.8.0_181\bin\vtkCommonCoreJava.dll
0x00007ffdcbeb0000 - 0x00007ffdcbec2000 	C:\Program Files\Java\jdk1.8.0_181\bin\vtkRenderingContext2DJava.dll
0x00007ffdc38f0000 - 0x00007ffdc3996000 	C:\Windows\SYSTEM32\MSVCP120.dll
0x00007ffd819b0000 - 0x00007ffd81c7f000 	C:\Program Files\Java\jdk1.8.0_181\bin\vtkCommonCore-7.1.dll
0x00007ffdc6fb0000 - 0x00007ffdc709f000 	C:\Windows\SYSTEM32\MSVCR120.dll
0x00007ffd9a080000 - 0x00007ffd9a0a5000 	C:\Program Files\Java\jdk1.8.0_181\bin\vtkCommonExecutionModelJava.dll
0x00007ffd99f70000 - 0x00007ffd99f99000 	C:\Program Files\Java\jdk1.8.0_181\bin\vtkRenderingContext2D-7.1.dll
0x00007ffd995d0000 - 0x00007ffd99639000 	C:\Program Files\Java\jdk1.8.0_181\bin\vtkRenderingCoreJava.dll
0x00007ffd974c0000 - 0x00007ffd97546000 	C:\Program Files\Java\jdk1.8.0_181\bin\vtkCommonExecutionModel-7.1.dll
0x00007ffd964e0000 - 0x00007ffd96586000 	C:\Program Files\Java\jdk1.8.0_181\bin\vtkInfovisCore-7.1.dll
0x00007ffd8e010000 - 0x00007ffd8e17b000 	C:\Program Files\Java\jdk1.8.0_181\bin\vtkRenderingCore-7.1.dll
0x00007ffd98a40000 - 0x00007ffd98a61000 	C:\Program Files\Java\jdk1.8.0_181\bin\vtkCommonColor-7.1.dll
0x00007ffd7cbe0000 - 0x00007ffd7ce00000 	C:\Program Files\Java\jdk1.8.0_181\bin\vtkFiltersGeneral-7.1.dll
0x00007ffd975d0000 - 0x00007ffd975fe000 	C:\Program Files\Java\jdk1.8.0_181\bin\vtkCommonTransforms-7.1.dll
0x00007ffd97150000 - 0x00007ffd9719b000 	C:\Program Files\Java\jdk1.8.0_181\bin\vtksys-7.1.dll
0x00007ffd6c580000 - 0x00007ffd6c7fc000 	C:\Program Files\Java\jdk1.8.0_181\bin\vtkCommonDataModel-7.1.dll
0x00007ffd8bc30000 - 0x00007ffd8bcd3000 	C:\Program Files\Java\jdk1.8.0_181\bin\vtkRenderingFreeType-7.1.dll
0x00007ffdc8220000 - 0x00007ffdc823f000 	C:\Program Files\Java\jdk1.8.0_181\bin\vtkCommonMisc-7.1.dll
0x000000006c810000 - 0x000000006c817000 	C:\Program Files\Java\jdk1.8.0_181\jre\bin\jawt.dll
0x00007ffd94c20000 - 0x00007ffd94ca5000 	C:\Program Files\Java\jdk1.8.0_181\bin\vtkCommonDataModelJava.dll
0x00007ffd949c0000 - 0x00007ffd94a4e000 	C:\Program Files\Java\jdk1.8.0_181\bin\vtkFiltersExtraction-7.1.dll
0x00007ffd96090000 - 0x00007ffd960ed000 	C:\Program Files\Java\jdk1.8.0_181\bin\vtkFiltersGeometry-7.1.dll
0x00007ffd94090000 - 0x00007ffd940fa000 	C:\Program Files\Java\jdk1.8.0_181\bin\vtkFiltersSources-7.1.dll
0x00007ffd68760000 - 0x00007ffd68a75000 	C:\Program Files\Java\jdk1.8.0_181\bin\vtkFiltersCore-7.1.dll
0x00007ffd97120000 - 0x00007ffd97149000 	C:\Program Files\Java\jdk1.8.0_181\bin\vtkCommonComputationalGeometry-7.1.dll
0x00007ffdb9420000 - 0x00007ffdb943a000 	C:\Program Files\Java\jdk1.8.0_181\bin\vtkCommonSystem-7.1.dll
0x00007ffd970b0000 - 0x00007ffd970d3000 	C:\Program Files\Java\jdk1.8.0_181\bin\vtkCommonMath-7.1.dll
0x00007ffd8eb00000 - 0x00007ffd8eb75000 	C:\Program Files\Java\jdk1.8.0_181\bin\vtkfreetype-7.1.dll
0x000000006bb70000 - 0x000000006bd09000 	C:\Program Files\Java\jdk1.8.0_181\jre\bin\awt.dll
0x00007ffde32b0000 - 0x00007ffde337d000 	C:\Windows\System32\OLEAUT32.dll
0x00007ffd8e500000 - 0x00007ffd8e57c000 	C:\Program Files\Java\jdk1.8.0_181\bin\vtkFiltersStatistics-7.1.dll
0x00007ffda3830000 - 0x00007ffda3841000 	C:\Program Files\Java\jdk1.8.0_181\bin\vtkCommonMathJava.dll
0x00007ffda3550000 - 0x00007ffda3564000 	C:\Program Files\Java\jdk1.8.0_181\bin\vtkCommonTransformsJava.dll
0x00007ffda34b0000 - 0x00007ffda34c7000 	C:\Program Files\Java\jdk1.8.0_181\bin\vtkzlib-7.1.dll
0x00007ffd9fb80000 - 0x00007ffd9fba0000 	C:\Program Files\Java\jdk1.8.0_181\bin\vtkImagingFourier-7.1.dll
0x00007ffda2bf0000 - 0x00007ffda2c10000 	C:\Program Files\Java\jdk1.8.0_181\bin\vtkalglib-7.1.dll
0x00007ffd7db50000 - 0x00007ffd7dc89000 	C:\Program Files\Java\jdk1.8.0_181\bin\vtkImagingCore-7.1.dll
0x00007ffdd6bf0000 - 0x00007ffdd6c80000 	C:\Windows\SYSTEM32\apphelp.dll
0x00007ffdcbda0000 - 0x00007ffdcbda9000 	C:\Program Files\Java\jdk1.8.0_181\bin\vtkCommonColorJava.dll
0x00007ffdc84f0000 - 0x00007ffdc8500000 	C:\Program Files\Java\jdk1.8.0_181\bin\vtkCommonComputationalGeometryJava.dll
0x00007ffdc8490000 - 0x00007ffdc849b000 	C:\Program Files\Java\jdk1.8.0_181\bin\vtkCommonMiscJava.dll
0x00007ffdc7a90000 - 0x00007ffdc7a9a000 	C:\Program Files\Java\jdk1.8.0_181\bin\vtkCommonSystemJava.dll
0x00007ffdc7740000 - 0x00007ffdc774e000 	C:\Program Files\Java\jdk1.8.0_181\bin\vtkDomainsChemistryJava.dll
0x00007ffd95280000 - 0x00007ffd952d0000 	C:\Program Files\Java\jdk1.8.0_181\bin\vtkDomainsChemistry-7.1.dll
0x00007ffd9c020000 - 0x00007ffd9c03b000 	C:\Program Files\Java\jdk1.8.0_181\bin\vtkIOXMLParser-7.1.dll
0x00007ffd93ab0000 - 0x00007ffd93ad3000 	C:\Program Files\Java\jdk1.8.0_181\bin\vtkexpat-7.1.dll
0x00007ffd90c20000 - 0x00007ffd90c7c000 	C:\Program Files\Java\jdk1.8.0_181\bin\vtkIOCore-7.1.dll
0x00007ffdb74b0000 - 0x00007ffdb74b9000 	C:\Program Files\Java\jdk1.8.0_181\bin\vtkDomainsChemistryOpenGL2Java.dll
0x00007ffdb1f50000 - 0x00007ffdb1f5e000 	C:\Program Files\Java\jdk1.8.0_181\bin\vtkDomainsChemistryOpenGL2-7.1.dll
0x00007ffd7ca60000 - 0x00007ffd7cbd4000 	C:\Program Files\Java\jdk1.8.0_181\bin\vtkRenderingOpenGL2-7.1.dll
0x00007ffda10c0000 - 0x00007ffda11e5000 	C:\Windows\SYSTEM32\OPENGL32.dll
0x00007ffda56c0000 - 0x00007ffda56ec000 	C:\Windows\SYSTEM32\GLU32.dll
0x00007ffd8e2f0000 - 0x00007ffd8e358000 	C:\Program Files\Java\jdk1.8.0_181\bin\vtkglew-7.1.dll
0x00007ffdadb20000 - 0x00007ffdadb2c000 	C:\Program Files\Java\jdk1.8.0_181\bin\vtkFiltersAMRJava.dll
0x00007ffd8fea0000 - 0x00007ffd8fec6000 	C:\Program Files\Java\jdk1.8.0_181\bin\vtkFiltersAMR-7.1.dll
0x00007ffd8ed50000 - 0x00007ffd8eda1000 	C:\Program Files\Java\jdk1.8.0_181\bin\vtkParallelCore-7.1.dll
0x00007ffd8e240000 - 0x00007ffd8e2b3000 	C:\Program Files\Java\jdk1.8.0_181\bin\vtkIOLegacy-7.1.dll
0x00007ffd8f4f0000 - 0x00007ffd8f52e000 	C:\Program Files\Java\jdk1.8.0_181\bin\vtkFiltersCoreJava.dll
0x00007ffd9b3d0000 - 0x00007ffd9b3e2000 	C:\Program Files\Java\jdk1.8.0_181\bin\vtkFiltersExtractionJava.dll
0x00007ffd8e1b0000 - 0x00007ffd8e1e5000 	C:\Program Files\Java\jdk1.8.0_181\bin\vtkFiltersGeneralJava.dll
0x00007ffd98a80000 - 0x00007ffd98a92000 	C:\Program Files\Java\jdk1.8.0_181\bin\vtkFiltersFlowPathsJava.dll
0x00007ffd8dfc0000 - 0x00007ffd8e00d000 	C:\Program Files\Java\jdk1.8.0_181\bin\vtkFiltersFlowPaths-7.1.dll
0x00007ffd98a20000 - 0x00007ffd98a31000 	C:\Program Files\Java\jdk1.8.0_181\bin\vtkFiltersGenericJava.dll
0x00007ffd8dec0000 - 0x00007ffd8dee5000 	C:\Program Files\Java\jdk1.8.0_181\bin\vtkFiltersGeneric-7.1.dll
0x00007ffd983a0000 - 0x00007ffd983b2000 	C:\Program Files\Java\jdk1.8.0_181\bin\vtkFiltersGeometryJava.dll
0x00007ffd975b0000 - 0x00007ffd975c6000 	C:\Program Files\Java\jdk1.8.0_181\bin\vtkFiltersHybridJava.dll
0x00007ffd81d30000 - 0x00007ffd81ddb000 	C:\Program Files\Java\jdk1.8.0_181\bin\vtkFiltersHybrid-7.1.dll
0x00007ffd8de80000 - 0x00007ffd8deb2000 	C:\Program Files\Java\jdk1.8.0_181\bin\vtkImagingSources-7.1.dll
0x00007ffdaa4c0000 - 0x00007ffdaa4cf000 	C:\Program Files\Java\jdk1.8.0_181\bin\vtkFiltersHyperTreeJava.dll
0x00007ffd8cf90000 - 0x00007ffd8cfbc000 	C:\Program Files\Java\jdk1.8.0_181\bin\vtkFiltersHyperTree-7.1.dll
0x00007ffda08c0000 - 0x00007ffda08cc000 	C:\Program Files\Java\jdk1.8.0_181\bin\vtkFiltersImagingJava.dll
0x00007ffd974a0000 - 0x00007ffd974ba000 	C:\Program Files\Java\jdk1.8.0_181\bin\vtkFiltersImaging-7.1.dll
0x00007ffda0630000 - 0x00007ffda063f000 	C:\Program Files\Java\jdk1.8.0_181\bin\vtkFiltersStatisticsJava.dll
0x00007ffd81580000 - 0x00007ffd81626000 	C:\Program Files\Java\jdk1.8.0_181\bin\vtkImagingGeneral-7.1.dll
0x00007ffd964c0000 - 0x00007ffd964d4000 	C:\Program Files\Java\jdk1.8.0_181\bin\vtkFiltersModelingJava.dll
0x00007ffd8bef0000 - 0x00007ffd8bf3a000 	C:\Program Files\Java\jdk1.8.0_181\bin\vtkFiltersModeling-7.1.dll
0x00007ffd94ee0000 - 0x00007ffd94ef3000 	C:\Program Files\Java\jdk1.8.0_181\bin\vtkFiltersParallelJava.dll
0x00007ffd90830000 - 0x00007ffd9084e000 	C:\Program Files\Java\jdk1.8.0_181\bin\vtkFiltersSourcesJava.dll
0x00007ffd7dac0000 - 0x00007ffd7db45000 	C:\Program Files\Java\jdk1.8.0_181\bin\vtkFiltersParallel-7.1.dll
0x00007ffda01c0000 - 0x00007ffda01c9000 	C:\Program Files\Java\jdk1.8.0_181\bin\vtkFiltersParallelImagingJava.dll
0x00007ffd90510000 - 0x00007ffd90526000 	C:\Program Files\Java\jdk1.8.0_181\bin\vtkFiltersParallelImaging-7.1.dll
0x00007ffd904b0000 - 0x00007ffd904d0000 	C:\Program Files\Java\jdk1.8.0_181\bin\vtkImagingCoreJava.dll
0x00007ffd8ef60000 - 0x00007ffd8ef79000 	C:\Program Files\Java\jdk1.8.0_181\bin\vtkFiltersPointsJava.dll
0x00007ffd72ae0000 - 0x00007ffd72b80000 	C:\Program Files\Java\jdk1.8.0_181\bin\vtkFiltersPoints-7.1.dll
0x00007ffda0170000 - 0x00007ffda017a000 	C:\Program Files\Java\jdk1.8.0_181\bin\vtkFiltersProgrammableJava.dll
0x00007ffd9fda0000 - 0x00007ffd9fdb0000 	C:\Program Files\Java\jdk1.8.0_181\bin\vtkFiltersProgrammable-7.1.dll
0x00007ffd9fb50000 - 0x00007ffd9fb5b000 	C:\Program Files\Java\jdk1.8.0_181\bin\vtkFiltersSMPJava.dll
0x00007ffd8bd50000 - 0x00007ffd8bd9d000 	C:\Program Files\Java\jdk1.8.0_181\bin\vtkFiltersSMP-7.1.dll

VM Arguments:
jvm_args: -javaagent:D:\ideaIU-2020.1.3.win\lib\idea_rt.jar=37272:D:\ideaIU-2020.1.3.win\bin -Dfile.encoding=UTF-8 
java_command: MCRebuild
java_class_path (initial): C:\Program Files\Java\jdk1.8.0_181\jre\lib\charsets.jar;C:\Program Files\Java\jdk1.8.0_181\jre\lib\deploy.jar;C:\Program Files\Java\jdk1.8.0_181\jre\lib\ext\access-bridge-64.jar;C:\Program Files\Java\jdk1.8.0_181\jre\lib\ext\cldrdata.jar;C:\Program Files\Java\jdk1.8.0_181\jre\lib\ext\dnsns.jar;C:\Program Files\Java\jdk1.8.0_181\jre\lib\ext\jaccess.jar;C:\Program Files\Java\jdk1.8.0_181\jre\lib\ext\jfxrt.jar;C:\Program Files\Java\jdk1.8.0_181\jre\lib\ext\localedata.jar;C:\Program Files\Java\jdk1.8.0_181\jre\lib\ext\nashorn.jar;C:\Program Files\Java\jdk1.8.0_181\jre\lib\ext\sunec.jar;C:\Program Files\Java\jdk1.8.0_181\jre\lib\ext\sunjce_provider.jar;C:\Program Files\Java\jdk1.8.0_181\jre\lib\ext\sunmscapi.jar;C:\Program Files\Java\jdk1.8.0_181\jre\lib\ext\sunpkcs11.jar;C:\Program Files\Java\jdk1.8.0_181\jre\lib\ext\zipfs.jar;C:\Program Files\Java\jdk1.8.0_181\jre\lib\javaws.jar;C:\Program Files\Java\jdk1.8.0_181\jre\lib\jce.jar;C:\Program Files\Java\jdk1.8.0_181\jre\lib\jfr.jar;C:\Program Files\Java\jdk1.8.0_181\jre\lib\jfxswt.jar;C:\Program Files\Java\jdk1.8.0_181\jre\lib\jsse.jar;C:\Program Files\Java\jdk1.8.0_181\jre\lib\management-agent.jar;C:\Program Files\Java\jdk1.8.0_181\jre\lib\plugin.jar;C:\Program Files\Java\jdk1.8.0_181\jre\lib\resources.jar;C:\Program Files\Java\jdk1.8.0_181\jre\lib\rt.jar;D:\apache-tomcat-9.0.39\webapps\vtkdemo\out\production\vtkdemo;D:\vtkjava\build-7.1.1\bin\vtk.jar;D:\ideaIU-2020.1.3.win\lib\idea_rt.jar
Launcher Type: SUN_STANDARD

Environment Variables:
JAVA_HOME=C:\Program Files\Java\jdk1.8.0_181
CLASSPATH=.;C:\Program Files\Java\jdk1.8.0_181\lib\dt.jar;C:\Program Files\Java\jdk1.8.0_181\lib\tools.jar; 
USERNAME=TimBai
OS=Windows_NT
PROCESSOR_IDENTIFIER=Intel64 Family 6 Model 165 Stepping 2, GenuineIntel



---------------  S Y S T E M  ---------------

OS: Windows 10.0 , 64 bit Build 19041 (10.0.19041.1202)

CPU:total 16 (initial active 16) (8 cores per cpu, 2 threads per core) family 6 model 165 stepping 2, cmov, cx8, fxsr, mmx, sse, sse2, sse3, ssse3, sse4.1, sse4.2, popcnt, avx, avx2, aes, clmul, erms, 3dnowpref, lzcnt, ht, tsc, tscinvbit, bmi1, bmi2, adx

Memory: 4k page, physical 16556184k(5425268k free), swap 23634072k(5961860k free)

vm_info: Java HotSpot(TM) 64-Bit Server VM (25.181-b13) for windows-amd64 JRE (1.8.0_181-b13), built on Jul  7 2018 04:01:33 by "java_re" with MS VC++ 10.0 (VS2010)

time: Fri Oct 29 15:05:33 2021
elapsed time: 2 seconds (0d 0h 0m 2s)

