#
# A fatal error has been detected by the Java Runtime Environment:
#
#  EXCEPTION_ACCESS_VIOLATION (0xc0000005) at pc=0x0000002820726576, pid=15580, tid=0x00000000000060d8
#
# JRE version: Java(TM) SE Runtime Environment (8.0_181-b13) (build 1.8.0_181-b13)
# Java VM: Java HotSpot(TM) 64-Bit Server VM (25.181-b13 mixed mode windows-amd64 compressed oops)
# Problematic frame:
# C  0x0000002820726576
#
# Failed to write core dump. Minidumps are not enabled by default on client versions of Windows
#
# If you would like to submit a bug report, please visit:
#   http://bugreport.java.com/bugreport/crash.jsp
# The crash happened outside the Java Virtual Machine in native code.
# See problematic frame for where to report the bug.
#

---------------  T H R E A D  ---------------

Current thread (0x0000000002fb3800):  JavaThread "main" [_thread_in_native, id=24792, stack(0x0000000002d00000,0x0000000002e00000)]

siginfo: ExceptionCode=0xc0000005, ExceptionInformation=0x0000000000000008 0x0000002820726576

Registers:
RAX=0x00007ffd8d214938, RBX=0x000000001ca31820, RCX=0x000000005c6eb510, RDX=0x0000000000cd9f70
RSP=0x0000000002dff128, RBP=0x0000000002dff1a0, RSI=0x000000001c63b1c8, RDI=0x0000000000000318
R8 =0x0000000000000042, R9 =0x000000076c4bd030, R10=0x0000000000000004, R11=0x000000006c674970
R12=0x0000000000000000, R13=0x000000001ca31820, R14=0x0000000002dff1c8, R15=0x0000000002fb3800
RIP=0x0000002820726576, EFLAGS=0x0000000000010202

Top of Stack: (sp=0x0000000002dff128)
0x0000000002dff128:   00000000030c8c67 000000001ca31820
0x0000000002dff138:   000000001c63b1c8 000000001c63b1c8
0x0000000002dff148:   0000000002fb3800 0000000002dff228
0x0000000002dff158:   00000000030c8962 0000000002dff160
0x0000000002dff168:   000000001ca31820 0000000002dff1c8
0x0000000002dff178:   000000001ca31f40 0000000000000000
0x0000000002dff188:   000000001ca31820 0000000000000000
0x0000000002dff198:   0000000002dff1c0 0000000002dff210
0x0000000002dff1a8:   00000000030b835d 0000000000000000
0x0000000002dff1b8:   00000000030c21d8 000000076c411d20
0x0000000002dff1c8:   000000076c4bd030 0000000002dff1d0
0x0000000002dff1d8:   000000001ca318ba 0000000002dff228
0x0000000002dff1e8:   000000001ca31f40 0000000000000000
0x0000000002dff1f8:   000000001ca318c8 0000000002dff1c0
0x0000000002dff208:   0000000002dff220 0000000002dff270
0x0000000002dff218:   00000000030b835d 000000076c411d20 

Instructions: (pc=0x0000002820726576)
0x0000002820726556:   
[error occurred during error reporting (printing registers, top of stack, instructions near pc), id 0xc0000005]

Register to memory mapping:

RAX=0x00007ffd8d214938 is an unknown value
RBX={method} {0x000000001ca31828} 'SetInput_6' '(Lvtk/vtkRenderWindow;)V' in 'vtk/vtkExporter'
RCX=0x000000005c6eb510 is an unknown value
RDX=0x0000000000cd9f70 is an unknown value
RSP=0x0000000002dff128 is pointing into the stack for thread: 0x0000000002fb3800
RBP=0x0000000002dff1a0 is pointing into the stack for thread: 0x0000000002fb3800
RSI={method} {0x000000001c63b1d0} 'afterNodeInsertion' '(Z)V' in 'java/util/HashMap'
RDI=0x0000000000000318 is an unknown value
R8 =0x0000000000000042 is an unknown value
R9 =0x000000076c4bd030 is an oop
vtk.vtkExporter 
 - klass: 'vtk/vtkExporter'
R10=0x0000000000000004 is an unknown value
R11=0x000000006c674970 is an unknown value
R12=0x0000000000000000 is an unknown value
R13={method} {0x000000001ca31828} 'SetInput_6' '(Lvtk/vtkRenderWindow;)V' in 'vtk/vtkExporter'
R14=0x0000000002dff1c8 is pointing into the stack for thread: 0x0000000002fb3800
R15=0x0000000002fb3800 is a thread


Stack: [0x0000000002d00000,0x0000000002e00000],  sp=0x0000000002dff128,  free space=1020k
Native frames: (J=compiled Java code, j=interpreted, Vv=VM code, C=native code)
C  0x0000002820726576

Java frames: (J=compiled Java code, j=interpreted, Vv=VM code)
j  vtk.vtkExporter.SetInput_6(Lvtk/vtkRenderWindow;)V+0
j  vtk.vtkExporter.SetInput(Lvtk/vtkRenderWindow;)V+2
j  test.main([Ljava/lang/String;)V+588
v  ~StubRoutines::call_stub

---------------  P R O C E S S  ---------------

Java Threads: ( => current thread )
  0x000000001eb9f000 JavaThread "Service Thread" daemon [_thread_blocked, id=21012, stack(0x0000000021360000,0x0000000021460000)]
  0x000000001eaf3000 JavaThread "C1 CompilerThread11" daemon [_thread_blocked, id=1480, stack(0x0000000021160000,0x0000000021260000)]
  0x000000001eaf2800 JavaThread "C1 CompilerThread10" daemon [_thread_blocked, id=4792, stack(0x0000000021060000,0x0000000021160000)]
  0x000000001eaf4800 JavaThread "C1 CompilerThread9" daemon [_thread_blocked, id=10140, stack(0x0000000020f60000,0x0000000021060000)]
  0x000000001eace000 JavaThread "C1 CompilerThread8" daemon [_thread_blocked, id=26488, stack(0x0000000020e60000,0x0000000020f60000)]
  0x000000001eab5000 JavaThread "C2 CompilerThread7" daemon [_thread_blocked, id=18544, stack(0x0000000020d60000,0x0000000020e60000)]
  0x000000001eaa9800 JavaThread "C2 CompilerThread6" daemon [_thread_blocked, id=20732, stack(0x0000000020c60000,0x0000000020d60000)]
  0x000000001eaa4800 JavaThread "C2 CompilerThread5" daemon [_thread_blocked, id=25824, stack(0x0000000020b60000,0x0000000020c60000)]
  0x000000001ea94000 JavaThread "C2 CompilerThread4" daemon [_thread_blocked, id=2712, stack(0x0000000020a60000,0x0000000020b60000)]
  0x000000001ea93000 JavaThread "C2 CompilerThread3" daemon [_thread_blocked, id=4808, stack(0x0000000020960000,0x0000000020a60000)]
  0x000000001ea92800 JavaThread "C2 CompilerThread2" daemon [_thread_blocked, id=27048, stack(0x0000000020860000,0x0000000020960000)]
  0x000000001ea8f800 JavaThread "C2 CompilerThread1" daemon [_thread_blocked, id=5328, stack(0x0000000020760000,0x0000000020860000)]
  0x000000001ea8a000 JavaThread "C2 CompilerThread0" daemon [_thread_blocked, id=1520, stack(0x0000000020660000,0x0000000020760000)]
  0x000000001ea61800 JavaThread "Monitor Ctrl-Break" daemon [_thread_in_native, id=22768, stack(0x0000000020560000,0x0000000020660000)]
  0x000000001ea1e000 JavaThread "Attach Listener" daemon [_thread_blocked, id=14800, stack(0x0000000020460000,0x0000000020560000)]
  0x000000001e9c7000 JavaThread "Signal Dispatcher" daemon [_thread_blocked, id=2228, stack(0x0000000020360000,0x0000000020460000)]
  0x000000001e9a6800 JavaThread "Finalizer" daemon [_thread_blocked, id=14408, stack(0x0000000020200000,0x0000000020300000)]
  0x000000001cf3d800 JavaThread "Reference Handler" daemon [_thread_blocked, id=5712, stack(0x0000000020100000,0x0000000020200000)]
=>0x0000000002fb3800 JavaThread "main" [_thread_in_native, id=24792, stack(0x0000000002d00000,0x0000000002e00000)]

Other Threads:
  0x000000001cf35800 VMThread [stack: 0x0000000020000000,0x0000000020100000] [id=2728]
  0x000000001ebb1000 WatcherThread [stack: 0x0000000021460000,0x0000000021560000] [id=1032]

VM state:not at safepoint (normal execution)

VM Mutex/Monitor currently owned by a thread: None

Heap:
 PSYoungGen      total 75776K, used 11713K [0x000000076bc00000, 0x0000000771080000, 0x00000007c0000000)
  eden space 65024K, 18% used [0x000000076bc00000,0x000000076c7706b8,0x000000076fb80000)
  from space 10752K, 0% used [0x0000000770600000,0x0000000770600000,0x0000000771080000)
  to   space 10752K, 0% used [0x000000076fb80000,0x000000076fb80000,0x0000000770600000)
 ParOldGen       total 173568K, used 0K [0x00000006c3400000, 0x00000006cdd80000, 0x000000076bc00000)
  object space 173568K, 0% used [0x00000006c3400000,0x00000006c3400000,0x00000006cdd80000)
 Metaspace       used 5228K, capacity 5632K, committed 5760K, reserved 1056768K
  class space    used 590K, capacity 624K, committed 640K, reserved 1048576K

Card table byte_map: [0x0000000012470000,0x0000000012c60000] byte_map_base: 0x000000000ee56000

Marking Bits: (ParMarkBitMap*) 0x000000006c682d00
 Begin Bits: [0x0000000013eb0000, 0x0000000017de0000)
 End Bits:   [0x0000000017de0000, 0x000000001bd10000)

Polling page: 0x0000000001020000

CodeCache: size=245760Kb used=3235Kb max_used=3246Kb free=242524Kb
 bounds [0x00000000030b0000, 0x00000000033e0000, 0x00000000120b0000]
 total_blobs=487 nmethods=189 adapters=208
 compilation: enabled

Compilation events (10 events):
Event: 1.634 Thread 0x000000001ea8f800  186       4       sun.nio.cs.UTF_8$Encoder::encode (359 bytes)
Event: 1.634 Thread 0x000000001eaf3000  187       3       java.util.concurrent.ConcurrentHashMap::putIfAbsent (8 bytes)
Event: 1.634 Thread 0x000000001eaf4800  188       3       java.util.zip.Inflater::ensureOpen (47 bytes)
Event: 1.634 Thread 0x000000001eaf2800  185       1       java.util.zip.ZipCoder::isUTF8 (5 bytes)
Event: 1.634 Thread 0x000000001eaf3000 nmethod 187 0x00000000033d31d0 code [0x00000000033d3340, 0x00000000033d3548]
Event: 1.635 Thread 0x000000001eaf2800 nmethod 185 0x00000000033d2f10 code [0x00000000033d3060, 0x00000000033d3170]
Event: 1.635 Thread 0x000000001eaf4800 nmethod 188 0x00000000033d9110 code [0x00000000033d9280, 0x00000000033d9568]
Event: 1.636 Thread 0x000000001eaf3000  189   !   3       java.lang.ClassLoader::findNative (86 bytes)
Event: 1.636 Thread 0x000000001eaf3000 nmethod 189 0x00000000033d82d0 code [0x00000000033d8480, 0x00000000033d8d58]
Event: 1.636 Thread 0x000000001ea8f800 nmethod 186 0x00000000033d7d10 code [0x00000000033d7e60, 0x00000000033d80b8]

GC Heap History (0 events):
No events

Deoptimization events (0 events):
No events

Classes redefined (0 events):
No events

Internal exceptions (6 events):
Event: 0.029 Thread 0x0000000002fb3800 Exception <a 'java/lang/NoSuchMethodError': Method sun.misc.Unsafe.defineClass(Ljava/lang/String;[BII)Ljava/lang/Class; name or signature does not match> (0x000000076bc07cb0) thrown at [C:\re\workspace\8-2-build-windows-amd64-cygwin\jdk8u181\11358\hotspot
Event: 0.029 Thread 0x0000000002fb3800 Exception <a 'java/lang/NoSuchMethodError': Method sun.misc.Unsafe.prefetchRead(Ljava/lang/Object;J)V name or signature does not match> (0x000000076bc07f98) thrown at [C:\re\workspace\8-2-build-windows-amd64-cygwin\jdk8u181\11358\hotspot\src\share\vm\prim
Event: 1.096 Thread 0x000000001ea1e000 Exception <a 'java/security/PrivilegedActionException'> (0x000000076c5612d8) thrown at [C:\re\workspace\8-2-build-windows-amd64-cygwin\jdk8u181\11358\hotspot\src\share\vm\prims\jvm.cpp, line 1435]
Event: 1.096 Thread 0x000000001ea1e000 Exception <a 'java/security/PrivilegedActionException'> (0x000000076c5616d0) thrown at [C:\re\workspace\8-2-build-windows-amd64-cygwin\jdk8u181\11358\hotspot\src\share\vm\prims\jvm.cpp, line 1435]
Event: 1.097 Thread 0x000000001ea1e000 Exception <a 'java/security/PrivilegedActionException'> (0x000000076c5657c8) thrown at [C:\re\workspace\8-2-build-windows-amd64-cygwin\jdk8u181\11358\hotspot\src\share\vm\prims\jvm.cpp, line 1435]
Event: 1.097 Thread 0x000000001ea1e000 Exception <a 'java/security/PrivilegedActionException'> (0x000000076c565bc0) thrown at [C:\re\workspace\8-2-build-windows-amd64-cygwin\jdk8u181\11358\hotspot\src\share\vm\prims\jvm.cpp, line 1435]

Events (10 events):
Event: 1.632 loading class vtk/vtkOutlineFilter
Event: 1.632 loading class vtk/vtkOutlineFilter done
Event: 1.632 loading class vtk/vtkPolyDataAlgorithm
Event: 1.632 loading class vtk/vtkPolyDataAlgorithm done
Event: 1.634 loading class vtk/vtkOpenGLProperty
Event: 1.634 loading class vtk/vtkOpenGLProperty done
Event: 1.634 loading class vtk/vtkProperty
Event: 1.634 loading class vtk/vtkProperty done
Event: 3.456 loading class vtk/vtkExporter
Event: 3.456 loading class vtk/vtkExporter done


Dynamic libraries:
0x00007ff7827a0000 - 0x00007ff7827d7000 	C:\Program Files\Java\jdk1.8.0_181\bin\java.exe
0x00007ffde3a30000 - 0x00007ffde3c25000 	C:\Windows\SYSTEM32\ntdll.dll
0x00007ffde2350000 - 0x00007ffde240e000 	C:\Windows\System32\KERNEL32.DLL
0x00007ffde17b0000 - 0x00007ffde1a79000 	C:\Windows\System32\KERNELBASE.dll
0x00007ffde3380000 - 0x00007ffde342c000 	C:\Windows\System32\ADVAPI32.dll
0x00007ffde3510000 - 0x00007ffde35ae000 	C:\Windows\System32\msvcrt.dll
0x00007ffde3740000 - 0x00007ffde37db000 	C:\Windows\System32\sechost.dll
0x00007ffde29e0000 - 0x00007ffde2b0a000 	C:\Windows\System32\RPCRT4.dll
0x00007ffde3840000 - 0x00007ffde39e1000 	C:\Windows\System32\USER32.dll
0x00007ffde12f0000 - 0x00007ffde1312000 	C:\Windows\System32\win32u.dll
0x00007ffde2320000 - 0x00007ffde234b000 	C:\Windows\System32\GDI32.dll
0x00007ffde11e0000 - 0x00007ffde12eb000 	C:\Windows\System32\gdi32full.dll
0x00007ffde14d0000 - 0x00007ffde156d000 	C:\Windows\System32\msvcp_win.dll
0x00007ffde13d0000 - 0x00007ffde14d0000 	C:\Windows\System32\ucrtbase.dll
0x00007ffdcc0e0000 - 0x00007ffdcc37a000 	C:\Windows\WinSxS\amd64_microsoft.windows.common-controls_6595b64144ccf1df_6.0.19041.1110_none_60b5254171f9507e\COMCTL32.dll
0x00007ffde3630000 - 0x00007ffde3660000 	C:\Windows\System32\IMM32.DLL
0x000000006c710000 - 0x000000006c7e2000 	C:\Program Files\Java\jdk1.8.0_181\jre\bin\msvcr100.dll
0x000000006be60000 - 0x000000006c702000 	C:\Program Files\Java\jdk1.8.0_181\jre\bin\server\jvm.dll
0x00007ffde2890000 - 0x00007ffde2898000 	C:\Windows\System32\PSAPI.DLL
0x00007ffdd6dc0000 - 0x00007ffdd6dca000 	C:\Windows\SYSTEM32\VERSION.dll
0x00007ffdcc530000 - 0x00007ffdcc557000 	C:\Windows\SYSTEM32\WINMM.dll
0x00007ffdccd00000 - 0x00007ffdccd09000 	C:\Windows\SYSTEM32\WSOCK32.dll
0x00007ffde22a0000 - 0x00007ffde230b000 	C:\Windows\System32\WS2_32.dll
0x000000006d240000 - 0x000000006d24f000 	C:\Program Files\Java\jdk1.8.0_181\jre\bin\verify.dll
0x000000006be30000 - 0x000000006be59000 	C:\Program Files\Java\jdk1.8.0_181\jre\bin\java.dll
0x000000006c7f0000 - 0x000000006c813000 	C:\Program Files\Java\jdk1.8.0_181\jre\bin\instrument.dll
0x000000006bde0000 - 0x000000006bdf6000 	C:\Program Files\Java\jdk1.8.0_181\jre\bin\zip.dll
0x00007ffde2b10000 - 0x00007ffde324f000 	C:\Windows\System32\SHELL32.dll
0x00007ffddf200000 - 0x00007ffddf990000 	C:\Windows\SYSTEM32\windows.storage.dll
0x00007ffde1a80000 - 0x00007ffde1dd5000 	C:\Windows\System32\combase.dll
0x00007ffde0ba0000 - 0x00007ffde0bcc000 	C:\Windows\SYSTEM32\Wldp.dll
0x00007ffde1f90000 - 0x00007ffde203d000 	C:\Windows\System32\SHCORE.dll
0x00007ffde36e0000 - 0x00007ffde3735000 	C:\Windows\System32\shlwapi.dll
0x00007ffde1090000 - 0x00007ffde10af000 	C:\Windows\SYSTEM32\profapi.dll
0x00007ffdd7f80000 - 0x00007ffdd7f9a000 	D:\ideaIU-2020.1.3.win\bin\breakgen64.dll
0x000000006bdc0000 - 0x000000006bdda000 	C:\Program Files\Java\jdk1.8.0_181\jre\bin\net.dll
0x00007ffde0900000 - 0x00007ffde096a000 	C:\Windows\system32\mswsock.dll
0x00007ffdd59e0000 - 0x00007ffdd5a01000 	C:\Program Files\Java\jdk1.8.0_181\bin\vtkChartsCoreJava.dll
0x00007ffdd5b10000 - 0x00007ffdd5b22000 	C:\Program Files\Java\jdk1.8.0_181\bin\vtkRenderingContext2DJava.dll
0x00007ffdd5b40000 - 0x00007ffdd5b4b000 	C:\Program Files\Java\jdk1.8.0_181\bin\vtkWrappingJava.dll
0x00007ffd97d50000 - 0x00007ffd97e37000 	C:\Program Files\Java\jdk1.8.0_181\bin\vtkChartsCore-7.1.dll
0x00007ffd9a060000 - 0x00007ffd9a0a9000 	C:\Program Files\Java\jdk1.8.0_181\bin\vtkCommonCoreJava.dll
0x00007ffd8d040000 - 0x00007ffd8d30f000 	C:\Program Files\Java\jdk1.8.0_181\bin\vtkCommonCore-7.1.dll
0x00007ffdc38f0000 - 0x00007ffdc3996000 	C:\Windows\SYSTEM32\MSVCP120.dll
0x00007ffdc6fb0000 - 0x00007ffdc709f000 	C:\Windows\SYSTEM32\MSVCR120.dll
0x00007ffd99ff0000 - 0x00007ffd9a059000 	C:\Program Files\Java\jdk1.8.0_181\bin\vtkRenderingCoreJava.dll
0x00007ffdc8500000 - 0x00007ffdc8529000 	C:\Program Files\Java\jdk1.8.0_181\bin\vtkRenderingContext2D-7.1.dll
0x00007ffd9a6d0000 - 0x00007ffd9a6f5000 	C:\Program Files\Java\jdk1.8.0_181\bin\vtkCommonExecutionModelJava.dll
0x00007ffd97cc0000 - 0x00007ffd97d46000 	C:\Program Files\Java\jdk1.8.0_181\bin\vtkCommonExecutionModel-7.1.dll
0x00007ffd93bb0000 - 0x00007ffd93d1b000 	C:\Program Files\Java\jdk1.8.0_181\bin\vtkRenderingCore-7.1.dll
0x00007ffd974a0000 - 0x00007ffd97546000 	C:\Program Files\Java\jdk1.8.0_181\bin\vtkInfovisCore-7.1.dll
0x00007ffd99f60000 - 0x00007ffd99f81000 	C:\Program Files\Java\jdk1.8.0_181\bin\vtkCommonColor-7.1.dll
0x00007ffd81a60000 - 0x00007ffd81c80000 	C:\Program Files\Java\jdk1.8.0_181\bin\vtkFiltersGeneral-7.1.dll
0x00007ffd99610000 - 0x00007ffd9963e000 	C:\Program Files\Java\jdk1.8.0_181\bin\vtkCommonTransforms-7.1.dll
0x00007ffd7cb80000 - 0x00007ffd7cdfc000 	C:\Program Files\Java\jdk1.8.0_181\bin\vtkCommonDataModel-7.1.dll
0x00007ffd98a20000 - 0x00007ffd98a6b000 	C:\Program Files\Java\jdk1.8.0_181\bin\vtksys-7.1.dll
0x00007ffd97110000 - 0x00007ffd97195000 	C:\Program Files\Java\jdk1.8.0_181\bin\vtkCommonDataModelJava.dll
0x00007ffd964e0000 - 0x00007ffd96583000 	C:\Program Files\Java\jdk1.8.0_181\bin\vtkRenderingFreeType-7.1.dll
0x00007ffdd59c0000 - 0x00007ffdd59df000 	C:\Program Files\Java\jdk1.8.0_181\bin\vtkCommonMisc-7.1.dll
0x00007ffd94f60000 - 0x00007ffd94fee000 	C:\Program Files\Java\jdk1.8.0_181\bin\vtkFiltersExtraction-7.1.dll
0x00007ffd96090000 - 0x00007ffd960ed000 	C:\Program Files\Java\jdk1.8.0_181\bin\vtkFiltersGeometry-7.1.dll
0x00007ffd94ef0000 - 0x00007ffd94f5a000 	C:\Program Files\Java\jdk1.8.0_181\bin\vtkFiltersSources-7.1.dll
0x000000006be20000 - 0x000000006be27000 	C:\Program Files\Java\jdk1.8.0_181\jre\bin\jawt.dll
0x00007ffd6c4e0000 - 0x00007ffd6c7f5000 	C:\Program Files\Java\jdk1.8.0_181\bin\vtkFiltersCore-7.1.dll
0x00007ffd995e0000 - 0x00007ffd99609000 	C:\Program Files\Java\jdk1.8.0_181\bin\vtkCommonComputationalGeometry-7.1.dll
0x00007ffdd54b0000 - 0x00007ffdd54ca000 	C:\Program Files\Java\jdk1.8.0_181\bin\vtkCommonSystem-7.1.dll
0x00007ffd97c90000 - 0x00007ffd97cb3000 	C:\Program Files\Java\jdk1.8.0_181\bin\vtkCommonMath-7.1.dll
0x00007ffdcbeb0000 - 0x00007ffdcbec4000 	C:\Program Files\Java\jdk1.8.0_181\bin\vtkCommonTransformsJava.dll
0x00007ffdc8220000 - 0x00007ffdc8231000 	C:\Program Files\Java\jdk1.8.0_181\bin\vtkCommonMathJava.dll
0x00007ffd94c30000 - 0x00007ffd94ca5000 	C:\Program Files\Java\jdk1.8.0_181\bin\vtkfreetype-7.1.dll
0x00007ffd949d0000 - 0x00007ffd94a4c000 	C:\Program Files\Java\jdk1.8.0_181\bin\vtkFiltersStatistics-7.1.dll
0x00007ffdb9420000 - 0x00007ffdb9437000 	C:\Program Files\Java\jdk1.8.0_181\bin\vtkzlib-7.1.dll
0x00007ffda3830000 - 0x00007ffda3850000 	C:\Program Files\Java\jdk1.8.0_181\bin\vtkalglib-7.1.dll
0x000000006bb70000 - 0x000000006bd09000 	C:\Program Files\Java\jdk1.8.0_181\jre\bin\awt.dll
0x00007ffda3550000 - 0x00007ffda3570000 	C:\Program Files\Java\jdk1.8.0_181\bin\vtkImagingFourier-7.1.dll
0x00007ffde32b0000 - 0x00007ffde337d000 	C:\Windows\System32\OLEAUT32.dll
0x00007ffd8e040000 - 0x00007ffd8e179000 	C:\Program Files\Java\jdk1.8.0_181\bin\vtkImagingCore-7.1.dll
0x00007ffdd6bf0000 - 0x00007ffdd6c80000 	C:\Windows\SYSTEM32\apphelp.dll
0x00007ffdcbda0000 - 0x00007ffdcbda9000 	C:\Program Files\Java\jdk1.8.0_181\bin\vtkCommonColorJava.dll
0x00007ffdc84f0000 - 0x00007ffdc8500000 	C:\Program Files\Java\jdk1.8.0_181\bin\vtkCommonComputationalGeometryJava.dll
0x00007ffdc8490000 - 0x00007ffdc849b000 	C:\Program Files\Java\jdk1.8.0_181\bin\vtkCommonMiscJava.dll
0x00007ffdc7a90000 - 0x00007ffdc7a9a000 	C:\Program Files\Java\jdk1.8.0_181\bin\vtkCommonSystemJava.dll
0x00007ffdc7740000 - 0x00007ffdc774e000 	C:\Program Files\Java\jdk1.8.0_181\bin\vtkDomainsChemistryJava.dll
0x00007ffd975b0000 - 0x00007ffd97600000 	C:\Program Files\Java\jdk1.8.0_181\bin\vtkDomainsChemistry-7.1.dll
0x00007ffda34b0000 - 0x00007ffda34cb000 	C:\Program Files\Java\jdk1.8.0_181\bin\vtkIOXMLParser-7.1.dll
0x00007ffd95270000 - 0x00007ffd952cc000 	C:\Program Files\Java\jdk1.8.0_181\bin\vtkIOCore-7.1.dll
0x00007ffd970b0000 - 0x00007ffd970d3000 	C:\Program Files\Java\jdk1.8.0_181\bin\vtkexpat-7.1.dll
0x00007ffdb74b0000 - 0x00007ffdb74b9000 	C:\Program Files\Java\jdk1.8.0_181\bin\vtkDomainsChemistryOpenGL2Java.dll
0x00007ffdb1f50000 - 0x00007ffdb1f5e000 	C:\Program Files\Java\jdk1.8.0_181\bin\vtkDomainsChemistryOpenGL2-7.1.dll
0x00007ffd7db10000 - 0x00007ffd7dc84000 	C:\Program Files\Java\jdk1.8.0_181\bin\vtkRenderingOpenGL2-7.1.dll
0x00007ffd94090000 - 0x00007ffd940f8000 	C:\Program Files\Java\jdk1.8.0_181\bin\vtkglew-7.1.dll
0x00007ffda10c0000 - 0x00007ffda11e5000 	C:\Windows\SYSTEM32\OPENGL32.dll
0x00007ffda56c0000 - 0x00007ffda56ec000 	C:\Windows\SYSTEM32\GLU32.dll
0x00007ffdadb20000 - 0x00007ffdadb2c000 	C:\Program Files\Java\jdk1.8.0_181\bin\vtkFiltersAMRJava.dll
0x00007ffd93ab0000 - 0x00007ffd93ad6000 	C:\Program Files\Java\jdk1.8.0_181\bin\vtkFiltersAMR-7.1.dll
0x00007ffd90c20000 - 0x00007ffd90c71000 	C:\Program Files\Java\jdk1.8.0_181\bin\vtkParallelCore-7.1.dll
0x00007ffd8eb00000 - 0x00007ffd8eb73000 	C:\Program Files\Java\jdk1.8.0_181\bin\vtkIOLegacy-7.1.dll
0x00007ffd8f4f0000 - 0x00007ffd8f52e000 	C:\Program Files\Java\jdk1.8.0_181\bin\vtkFiltersCoreJava.dll
0x00007ffda2bf0000 - 0x00007ffda2c02000 	C:\Program Files\Java\jdk1.8.0_181\bin\vtkFiltersExtractionJava.dll
0x00007ffd8ed70000 - 0x00007ffd8eda5000 	C:\Program Files\Java\jdk1.8.0_181\bin\vtkFiltersGeneralJava.dll
0x00007ffd9fb80000 - 0x00007ffd9fb92000 	C:\Program Files\Java\jdk1.8.0_181\bin\vtkFiltersFlowPathsJava.dll
0x00007ffd8e530000 - 0x00007ffd8e57d000 	C:\Program Files\Java\jdk1.8.0_181\bin\vtkFiltersFlowPaths-7.1.dll
0x00007ffd9c020000 - 0x00007ffd9c031000 	C:\Program Files\Java\jdk1.8.0_181\bin\vtkFiltersGenericJava.dll
0x00007ffd8fea0000 - 0x00007ffd8fec5000 	C:\Program Files\Java\jdk1.8.0_181\bin\vtkFiltersGeneric-7.1.dll
0x00007ffd9b3d0000 - 0x00007ffd9b3e2000 	C:\Program Files\Java\jdk1.8.0_181\bin\vtkFiltersGeometryJava.dll
0x00007ffd98a80000 - 0x00007ffd98a96000 	C:\Program Files\Java\jdk1.8.0_181\bin\vtkFiltersHybridJava.dll
0x00007ffd8cf90000 - 0x00007ffd8d03b000 	C:\Program Files\Java\jdk1.8.0_181\bin\vtkFiltersHybrid-7.1.dll
0x00007ffd8e4f0000 - 0x00007ffd8e522000 	C:\Program Files\Java\jdk1.8.0_181\bin\vtkImagingSources-7.1.dll
0x00007ffdaa4c0000 - 0x00007ffdaa4cf000 	C:\Program Files\Java\jdk1.8.0_181\bin\vtkFiltersHyperTreeJava.dll
0x00007ffd8e330000 - 0x00007ffd8e35c000 	C:\Program Files\Java\jdk1.8.0_181\bin\vtkFiltersHyperTree-7.1.dll
0x00007ffda08c0000 - 0x00007ffda08cc000 	C:\Program Files\Java\jdk1.8.0_181\bin\vtkFiltersImagingJava.dll
0x00007ffd983a0000 - 0x00007ffd983ba000 	C:\Program Files\Java\jdk1.8.0_181\bin\vtkFiltersImaging-7.1.dll
0x00007ffda0630000 - 0x00007ffda063f000 	C:\Program Files\Java\jdk1.8.0_181\bin\vtkFiltersStatisticsJava.dll
0x00007ffd8bc30000 - 0x00007ffd8bcd6000 	C:\Program Files\Java\jdk1.8.0_181\bin\vtkImagingGeneral-7.1.dll
0x00007ffd97c70000 - 0x00007ffd97c84000 	C:\Program Files\Java\jdk1.8.0_181\bin\vtkFiltersModelingJava.dll
0x00007ffd8e270000 - 0x00007ffd8e2ba000 	C:\Program Files\Java\jdk1.8.0_181\bin\vtkFiltersModeling-7.1.dll
0x00007ffd964c0000 - 0x00007ffd964d3000 	C:\Program Files\Java\jdk1.8.0_181\bin\vtkFiltersParallelJava.dll
0x00007ffd8dfb0000 - 0x00007ffd8e035000 	C:\Program Files\Java\jdk1.8.0_181\bin\vtkFiltersParallel-7.1.dll
0x00007ffd93b90000 - 0x00007ffd93bae000 	C:\Program Files\Java\jdk1.8.0_181\bin\vtkFiltersSourcesJava.dll
0x00007ffda01c0000 - 0x00007ffda01c9000 	C:\Program Files\Java\jdk1.8.0_181\bin\vtkFiltersParallelImagingJava.dll
0x00007ffd90830000 - 0x00007ffd90846000 	C:\Program Files\Java\jdk1.8.0_181\bin\vtkFiltersParallelImaging-7.1.dll
0x00007ffd90510000 - 0x00007ffd90530000 	C:\Program Files\Java\jdk1.8.0_181\bin\vtkImagingCoreJava.dll
0x00007ffd904b0000 - 0x00007ffd904c9000 	C:\Program Files\Java\jdk1.8.0_181\bin\vtkFiltersPointsJava.dll
0x00007ffd81d40000 - 0x00007ffd81de0000 	C:\Program Files\Java\jdk1.8.0_181\bin\vtkFiltersPoints-7.1.dll
0x00007ffda0170000 - 0x00007ffda017a000 	C:\Program Files\Java\jdk1.8.0_181\bin\vtkFiltersProgrammableJava.dll
0x00007ffd9fda0000 - 0x00007ffd9fdb0000 	C:\Program Files\Java\jdk1.8.0_181\bin\vtkFiltersProgrammable-7.1.dll
0x00007ffd9fb50000 - 0x00007ffd9fb5b000 	C:\Program Files\Java\jdk1.8.0_181\bin\vtkFiltersSMPJava.dll
0x00007ffd8e1a0000 - 0x00007ffd8e1ed000 	C:\Program Files\Java\jdk1.8.0_181\bin\vtkFiltersSMP-7.1.dll

VM Arguments:
jvm_args: -javaagent:D:\ideaIU-2020.1.3.win\lib\idea_rt.jar=38411:D:\ideaIU-2020.1.3.win\bin -Dfile.encoding=UTF-8 
java_command: test
java_class_path (initial): C:\Program Files\Java\jdk1.8.0_181\jre\lib\charsets.jar;C:\Program Files\Java\jdk1.8.0_181\jre\lib\deploy.jar;C:\Program Files\Java\jdk1.8.0_181\jre\lib\ext\access-bridge-64.jar;C:\Program Files\Java\jdk1.8.0_181\jre\lib\ext\cldrdata.jar;C:\Program Files\Java\jdk1.8.0_181\jre\lib\ext\dnsns.jar;C:\Program Files\Java\jdk1.8.0_181\jre\lib\ext\jaccess.jar;C:\Program Files\Java\jdk1.8.0_181\jre\lib\ext\jfxrt.jar;C:\Program Files\Java\jdk1.8.0_181\jre\lib\ext\localedata.jar;C:\Program Files\Java\jdk1.8.0_181\jre\lib\ext\nashorn.jar;C:\Program Files\Java\jdk1.8.0_181\jre\lib\ext\sunec.jar;C:\Program Files\Java\jdk1.8.0_181\jre\lib\ext\sunjce_provider.jar;C:\Program Files\Java\jdk1.8.0_181\jre\lib\ext\sunmscapi.jar;C:\Program Files\Java\jdk1.8.0_181\jre\lib\ext\sunpkcs11.jar;C:\Program Files\Java\jdk1.8.0_181\jre\lib\ext\zipfs.jar;C:\Program Files\Java\jdk1.8.0_181\jre\lib\javaws.jar;C:\Program Files\Java\jdk1.8.0_181\jre\lib\jce.jar;C:\Program Files\Java\jdk1.8.0_181\jre\lib\jfr.jar;C:\Program Files\Java\jdk1.8.0_181\jre\lib\jfxswt.jar;C:\Program Files\Java\jdk1.8.0_181\jre\lib\jsse.jar;C:\Program Files\Java\jdk1.8.0_181\jre\lib\management-agent.jar;C:\Program Files\Java\jdk1.8.0_181\jre\lib\plugin.jar;C:\Program Files\Java\jdk1.8.0_181\jre\lib\resources.jar;C:\Program Files\Java\jdk1.8.0_181\jre\lib\rt.jar;D:\apache-tomcat-9.0.39\webapps\vtkdemo\out\production\vtkdemo;D:\vtkjava\build-7.1.1\bin\vtk.jar;D:\ideaIU-2020.1.3.win\lib\idea_rt.jar
Launcher Type: SUN_STANDARD

Environment Variables:
JAVA_HOME=C:\Program Files\Java\jdk1.8.0_181
CLASSPATH=.;C:\Program Files\Java\jdk1.8.0_181\lib\dt.jar;C:\Program Files\Java\jdk1.8.0_181\lib\tools.jar; 
USERNAME=TimBai
OS=Windows_NT
PROCESSOR_IDENTIFIER=Intel64 Family 6 Model 165 Stepping 2, GenuineIntel



---------------  S Y S T E M  ---------------

OS: Windows 10.0 , 64 bit Build 19041 (10.0.19041.1202)

CPU:total 16 (initial active 16) (8 cores per cpu, 2 threads per core) family 6 model 165 stepping 2, cmov, cx8, fxsr, mmx, sse, sse2, sse3, ssse3, sse4.1, sse4.2, popcnt, avx, avx2, aes, clmul, erms, 3dnowpref, lzcnt, ht, tsc, tscinvbit, bmi1, bmi2, adx

Memory: 4k page, physical 16556184k(3018968k free), swap 23634072k(3424716k free)

vm_info: Java HotSpot(TM) 64-Bit Server VM (25.181-b13) for windows-amd64 JRE (1.8.0_181-b13), built on Jul  7 2018 04:01:33 by "java_re" with MS VC++ 10.0 (VS2010)

time: Fri Oct 29 15:22:09 2021
elapsed time: 3 seconds (0d 0h 0m 3s)

