#
# A fatal error has been detected by the Java Runtime Environment:
#
#  EXCEPTION_UNCAUGHT_CXX_EXCEPTION (0xe06d7363) at pc=0x00007ffedd584f69, pid=18496, tid=0x0000000000006560
#
# JRE version: Java(TM) SE Runtime Environment (8.0_181-b13) (build 1.8.0_181-b13)
# Java VM: Java HotSpot(TM) 64-Bit Server VM (25.181-b13 mixed mode windows-amd64 compressed oops)
# Problematic frame:
# C  [KERNELBASE.dll+0x34f69]
#
# Failed to write core dump. Minidumps are not enabled by default on client versions of Windows
#
# If you would like to submit a bug report, please visit:
#   http://bugreport.java.com/bugreport/crash.jsp
# The crash happened outside the Java Virtual Machine in native code.
# See problematic frame for where to report the bug.
#

---------------  T H R E A D  ---------------

Current thread (0x0000000002e34000):  JavaThread "main" [_thread_in_native, id=25952, stack(0x0000000002ae0000,0x0000000002be0000)]

siginfo: ExceptionCode=0xe06d7363, ExceptionInformation=0x0000000019930520 0x0000000002bde218 0x00007ffe97394b68 0x00007ffe97170000 

Registers:
RAX=0x0000000746000640, RBX=0x00007ffe97394b68, RCX=0x0000000002bde050, RDX=0x0000000002bde000
RSP=0x0000000002bde0a0, RBP=0x0000000002bde1e0, RSI=0x000000000095a9a0, RDI=0x0000000002bde218
R8 =0x00000000000043f5, R9 =0x00000000000043f5, R10=0x00000000f30005f6, R11=0x0000000000888780
R12=0x000000000095a0e0, R13=0x0000000000000000, R14=0x0000000000000005, R15=0x0000000000000000
RIP=0x00007ffedd584f69, EFLAGS=0x0000000000000202

Top of Stack: (sp=0x0000000002bde0a0)
0x0000000002bde0a0:   0000000022767f60 00007ffe97394b68
0x0000000002bde0b0:   000000000095a9a0 0000000000000005
0x0000000002bde0c0:   00000001e06d7363 0000000000000000
0x0000000002bde0d0:   00007ffedd584f69 00007ffe00000004
0x0000000002bde0e0:   0000000019930520 0000000002bde218
0x0000000002bde0f0:   00007ffe97394b68 00007ffe97170000
0x0000000002bde100:   0000000000000000 000000000095a0e0
0x0000000002bde110:   000000000095a9a0 0000000002bde1e0
0x0000000002bde120:   0000000002bde1f0 00007ffedfe64a5f
0x0000000002bde130:   0000000002bde218 00007ffe00000000
0x0000000002bde140:   000000002278beb0 00007ffec2dd69d8
0x0000000002bde150:   00007ffe9741c000 00007ffe97170000
0x0000000002bde160:   0000fad93d8909d9 0000000000967330
0x0000000002bde170:   00007ffe97394b68 00007ffec2dcef53
0x0000000002bde180:   0000000002bde218 000000000095a9a0
0x0000000002bde190:   0000000000967330 0000000000000000 

Instructions: (pc=0x00007ffedd584f69)
0x00007ffedd584f49:   8b d1 44 0f 47 c0 44 89 44 24 38 49 c1 e0 03 e8
0x00007ffedd584f59:   1a d5 05 00 48 8d 4c 24 20 48 ff 15 8f 9d 18 00
0x00007ffedd584f69:   0f 1f 44 00 00 48 8b 8c 24 c0 00 00 00 48 33 cc
0x00007ffedd584f79:   e8 52 97 05 00 48 81 c4 d8 00 00 00 c3 cc 83 64 


Register to memory mapping:

RAX=0x0000000746000640 is an unallocated location in the heap
RBX=0x00007ffe97394b68 is an unknown value
RCX=0x0000000002bde050 is pointing into the stack for thread: 0x0000000002e34000
RDX=0x0000000002bde000 is pointing into the stack for thread: 0x0000000002e34000
RSP=0x0000000002bde0a0 is pointing into the stack for thread: 0x0000000002e34000
RBP=0x0000000002bde1e0 is pointing into the stack for thread: 0x0000000002e34000
RSI=0x000000000095a9a0 is an unknown value
RDI=0x0000000002bde218 is pointing into the stack for thread: 0x0000000002e34000
R8 =0x00000000000043f5 is an unknown value
R9 =0x00000000000043f5 is an unknown value
R10=0x00000000f30005f6 is an unknown value
R11=0x0000000000888780 is an unknown value
R12=0x000000000095a0e0 is an unknown value
R13=0x0000000000000000 is an unknown value
R14=0x0000000000000005 is an unknown value
R15=0x0000000000000000 is an unknown value


Stack: [0x0000000002ae0000,0x0000000002be0000],  sp=0x0000000002bde0a0,  free space=1016k
Native frames: (J=compiled Java code, j=interpreted, Vv=VM code, C=native code)
C  [KERNELBASE.dll+0x34f69]
C  [MSVCR120.dll+0x5ef53]
C  [vtkCommonCore-7.1.dll+0x414e3]
C  [vtkCommonCore-7.1.dll+0xfa209]
C  [vtkCommonDataModel-7.1.dll+0x73ed]
C  [vtkFiltersCore-7.1.dll+0x9cad6]
C  [vtkFiltersCore-7.1.dll+0xa5b1a]
C  [vtkCommonExecutionModel-7.1.dll+0x23d3a]
C  [vtkCommonExecutionModel-7.1.dll+0x1406c]
C  [vtkCommonExecutionModel-7.1.dll+0x10a6c]
C  [vtkCommonExecutionModel-7.1.dll+0xdbd0]
C  [vtkCommonExecutionModel-7.1.dll+0x12530]
C  [vtkCommonExecutionModel-7.1.dll+0x2b35e]
C  [vtkCommonExecutionModel-7.1.dll+0xe884]
C  [vtkCommonExecutionModel-7.1.dll+0x124ea]
C  [vtkCommonExecutionModel-7.1.dll+0x2b35e]
C  [vtkCommonExecutionModel-7.1.dll+0x12802]
C  [vtkCommonExecutionModel-7.1.dll+0x2cd32]
C  [vtkCommonExecutionModel-7.1.dll+0xa586]
C  [vtkCommonExecutionModel-7.1.dll+0xa62c]
C  [vtkCommonExecutionModel-7.1.dll+0xab04]
C  [vtkRenderingCore-7.1.dll+0x7ccd7]
C  [vtkRenderingCore-7.1.dll+0xb659]
C  [vtkRenderingCore-7.1.dll+0x86c18]
C  [vtkRenderingCore-7.1.dll+0x897e2]
C  0x0000000002f48c67

Java frames: (J=compiled Java code, j=interpreted, Vv=VM code)
j  vtk.vtkRenderer.ResetCamera_71()V+0
j  vtk.vtkRenderer.ResetCamera()V+1
j  MCRebuild.restructing()V+388
j  go.main([Ljava/lang/String;)V+13
v  ~StubRoutines::call_stub

---------------  P R O C E S S  ---------------

Java Threads: ( => current thread )
  0x000000001e9eb000 JavaThread "Service Thread" daemon [_thread_blocked, id=12268, stack(0x0000000021160000,0x0000000021260000)]
  0x000000001e959000 JavaThread "C1 CompilerThread11" daemon [_thread_blocked, id=6840, stack(0x0000000021060000,0x0000000021160000)]
  0x000000001e955800 JavaThread "C1 CompilerThread10" daemon [_thread_blocked, id=26108, stack(0x0000000020f60000,0x0000000021060000)]
  0x000000001e954800 JavaThread "C1 CompilerThread9" daemon [_thread_blocked, id=6908, stack(0x0000000020e60000,0x0000000020f60000)]
  0x000000001e936000 JavaThread "C1 CompilerThread8" daemon [_thread_blocked, id=23472, stack(0x0000000020c60000,0x0000000020d60000)]
  0x000000001e915000 JavaThread "C2 CompilerThread7" daemon [_thread_blocked, id=8304, stack(0x0000000020b60000,0x0000000020c60000)]
  0x000000001e909800 JavaThread "C2 CompilerThread6" daemon [_thread_blocked, id=7508, stack(0x0000000020a60000,0x0000000020b60000)]
  0x000000001e904800 JavaThread "C2 CompilerThread5" daemon [_thread_blocked, id=25708, stack(0x0000000020960000,0x0000000020a60000)]
  0x000000001e8f4000 JavaThread "C2 CompilerThread4" daemon [_thread_blocked, id=3480, stack(0x0000000020860000,0x0000000020960000)]
  0x000000001e8f3000 JavaThread "C2 CompilerThread3" daemon [_thread_blocked, id=24472, stack(0x0000000020760000,0x0000000020860000)]
  0x000000001e8f2800 JavaThread "C2 CompilerThread2" daemon [_thread_blocked, id=22348, stack(0x0000000020660000,0x0000000020760000)]
  0x000000001e8ef800 JavaThread "C2 CompilerThread1" daemon [_thread_blocked, id=22772, stack(0x0000000020560000,0x0000000020660000)]
  0x000000001e8ea000 JavaThread "C2 CompilerThread0" daemon [_thread_blocked, id=26052, stack(0x0000000020460000,0x0000000020560000)]
  0x000000001e8e6800 JavaThread "Monitor Ctrl-Break" daemon [_thread_in_native, id=3212, stack(0x0000000020360000,0x0000000020460000)]
  0x000000001e870000 JavaThread "Attach Listener" daemon [_thread_blocked, id=26172, stack(0x0000000020260000,0x0000000020360000)]
  0x000000001e819000 JavaThread "Signal Dispatcher" daemon [_thread_blocked, id=23840, stack(0x0000000020160000,0x0000000020260000)]
  0x000000001e7f6800 JavaThread "Finalizer" daemon [_thread_blocked, id=8104, stack(0x0000000020060000,0x0000000020160000)]
  0x000000001cd6e800 JavaThread "Reference Handler" daemon [_thread_blocked, id=15352, stack(0x000000001ff60000,0x0000000020060000)]
=>0x0000000002e34000 JavaThread "main" [_thread_in_native, id=25952, stack(0x0000000002ae0000,0x0000000002be0000)]

Other Threads:
  0x000000001cd65800 VMThread [stack: 0x000000001fe60000,0x000000001ff60000] [id=14012]
  0x000000001ea1d000 WatcherThread [stack: 0x0000000021260000,0x0000000021360000] [id=10944]

VM state:not at safepoint (normal execution)

VM Mutex/Monitor currently owned by a thread: None

Heap:
 PSYoungGen      total 75776K, used 10407K [0x000000076bc00000, 0x0000000771080000, 0x00000007c0000000)
  eden space 65024K, 16% used [0x000000076bc00000,0x000000076c629f88,0x000000076fb80000)
  from space 10752K, 0% used [0x0000000770600000,0x0000000770600000,0x0000000771080000)
  to   space 10752K, 0% used [0x000000076fb80000,0x000000076fb80000,0x0000000770600000)
 ParOldGen       total 173568K, used 0K [0x00000006c3400000, 0x00000006cdd80000, 0x000000076bc00000)
  object space 173568K, 0% used [0x00000006c3400000,0x00000006c3400000,0x00000006cdd80000)
 Metaspace       used 4984K, capacity 5408K, committed 5504K, reserved 1056768K
  class space    used 556K, capacity 592K, committed 640K, reserved 1048576K

Card table byte_map: [0x00000000122f0000,0x0000000012ae0000] byte_map_base: 0x000000000ecd6000

Marking Bits: (ParMarkBitMap*) 0x0000000065962d00
 Begin Bits: [0x0000000013d30000, 0x0000000017c60000)
 End Bits:   [0x0000000017c60000, 0x000000001bb90000)

Polling page: 0x00000000026c0000

CodeCache: size=245760Kb used=3221Kb max_used=3221Kb free=242538Kb
 bounds [0x0000000002f30000, 0x0000000003260000, 0x0000000011f30000]
 total_blobs=474 nmethods=183 adapters=201
 compilation: enabled

Compilation events (10 events):
Event: 1.452 Thread 0x000000001e954800  180       3       java.lang.Character::toUpperCase (6 bytes)
Event: 1.452 Thread 0x000000001e959000  181       3       java.lang.Character::toUpperCase (9 bytes)
Event: 1.453 Thread 0x000000001e936000  182       3       java.lang.CharacterDataLatin1::toUpperCase (53 bytes)
Event: 1.453 Thread 0x000000001e955800  179       1       sun.misc.URLClassPath$Loader::getBaseURL (5 bytes)
Event: 1.453 Thread 0x000000001e954800 nmethod 180 0x000000000324d610 code [0x000000000324d780, 0x000000000324da18]
Event: 1.453 Thread 0x000000001e959000 nmethod 181 0x000000000324d190 code [0x000000000324d300, 0x000000000324d538]
Event: 1.453 Thread 0x000000001e955800 nmethod 179 0x000000000324ced0 code [0x000000000324d020, 0x000000000324d130]
Event: 1.453 Thread 0x000000001e936000 nmethod 182 0x000000000324c910 code [0x000000000324ca80, 0x000000000324cd70]
Event: 1.454 Thread 0x000000001e959000  183   !   3       java.util.concurrent.ConcurrentHashMap::putVal (362 bytes)
Event: 1.455 Thread 0x000000001e959000 nmethod 183 0x0000000003256250 code [0x0000000003256500, 0x0000000003257ed8]

GC Heap History (0 events):
No events

Deoptimization events (0 events):
No events

Classes redefined (0 events):
No events

Internal exceptions (6 events):
Event: 0.027 Thread 0x0000000002e34000 Exception <a 'java/lang/NoSuchMethodError': Method sun.misc.Unsafe.defineClass(Ljava/lang/String;[BII)Ljava/lang/Class; name or signature does not match> (0x000000076bc07cb0) thrown at [C:\re\workspace\8-2-build-windows-amd64-cygwin\jdk8u181\11358\hotspot
Event: 0.027 Thread 0x0000000002e34000 Exception <a 'java/lang/NoSuchMethodError': Method sun.misc.Unsafe.prefetchRead(Ljava/lang/Object;J)V name or signature does not match> (0x000000076bc07f98) thrown at [C:\re\workspace\8-2-build-windows-amd64-cygwin\jdk8u181\11358\hotspot\src\share\vm\prim
Event: 1.032 Thread 0x000000001e870000 Exception <a 'java/security/PrivilegedActionException'> (0x000000076c55fda8) thrown at [C:\re\workspace\8-2-build-windows-amd64-cygwin\jdk8u181\11358\hotspot\src\share\vm\prims\jvm.cpp, line 1435]
Event: 1.032 Thread 0x000000001e870000 Exception <a 'java/security/PrivilegedActionException'> (0x000000076c5601a0) thrown at [C:\re\workspace\8-2-build-windows-amd64-cygwin\jdk8u181\11358\hotspot\src\share\vm\prims\jvm.cpp, line 1435]
Event: 1.033 Thread 0x000000001e870000 Exception <a 'java/security/PrivilegedActionException'> (0x000000076c564298) thrown at [C:\re\workspace\8-2-build-windows-amd64-cygwin\jdk8u181\11358\hotspot\src\share\vm\prims\jvm.cpp, line 1435]
Event: 1.033 Thread 0x000000001e870000 Exception <a 'java/security/PrivilegedActionException'> (0x000000076c564690) thrown at [C:\re\workspace\8-2-build-windows-amd64-cygwin\jdk8u181\11358\hotspot\src\share\vm\prims\jvm.cpp, line 1435]

Events (10 events):
Event: 1.450 loading class vtk/vtkOpenGLProperty
Event: 1.450 loading class vtk/vtkOpenGLProperty done
Event: 1.451 loading class vtk/vtkProperty
Event: 1.451 loading class vtk/vtkProperty done
Event: 1.452 loading class vtk/vtkCamera
Event: 1.452 loading class vtk/vtkCamera done
Event: 1.454 loading class vtk/vtkOutlineFilter
Event: 1.454 loading class vtk/vtkOutlineFilter done
Event: 4.175 Executing VM operation: EnableBiasedLocking
Event: 4.175 Executing VM operation: EnableBiasedLocking done


Dynamic libraries:
0x00007ff6d0540000 - 0x00007ff6d0577000 	C:\Program Files\Java\jdk1.8.0_181\bin\java.exe
0x00007ffedfe30000 - 0x00007ffee0025000 	C:\Windows\SYSTEM32\ntdll.dll
0x00007ffede3c0000 - 0x00007ffede47e000 	C:\Windows\System32\KERNEL32.DLL
0x00007ffedd550000 - 0x00007ffedd818000 	C:\Windows\System32\KERNELBASE.dll
0x00007ffede740000 - 0x00007ffede7ec000 	C:\Windows\System32\ADVAPI32.dll
0x00007ffededd0000 - 0x00007ffedee6e000 	C:\Windows\System32\msvcrt.dll
0x00007ffedec50000 - 0x00007ffedeceb000 	C:\Windows\System32\sechost.dll
0x00007ffedef00000 - 0x00007ffedf02a000 	C:\Windows\System32\RPCRT4.dll
0x00007ffede480000 - 0x00007ffede621000 	C:\Windows\System32\USER32.dll
0x00007ffeddaa0000 - 0x00007ffeddac2000 	C:\Windows\System32\win32u.dll
0x00007ffedf190000 - 0x00007ffedf1bb000 	C:\Windows\System32\GDI32.dll
0x00007ffeddcc0000 - 0x00007ffedddcb000 	C:\Windows\System32\gdi32full.dll
0x00007ffedd820000 - 0x00007ffedd8bd000 	C:\Windows\System32\msvcp_win.dll
0x00007ffedd9a0000 - 0x00007ffeddaa0000 	C:\Windows\System32\ucrtbase.dll
0x00007ffeca5a0000 - 0x00007ffeca83a000 	C:\Windows\WinSxS\amd64_microsoft.windows.common-controls_6595b64144ccf1df_6.0.19041.1110_none_60b5254171f9507e\COMCTL32.dll
0x00007ffedf160000 - 0x00007ffedf190000 	C:\Windows\System32\IMM32.DLL
0x00000000659f0000 - 0x0000000065ac2000 	C:\Program Files\Java\jdk1.8.0_181\jre\bin\msvcr100.dll
0x0000000065140000 - 0x00000000659e2000 	C:\Program Files\Java\jdk1.8.0_181\jre\bin\server\jvm.dll
0x00007ffedf220000 - 0x00007ffedf228000 	C:\Windows\System32\PSAPI.DLL
0x00007ffec5c80000 - 0x00007ffec5c89000 	C:\Windows\SYSTEM32\WSOCK32.dll
0x00007ffec7f60000 - 0x00007ffec7f87000 	C:\Windows\SYSTEM32\WINMM.dll
0x00007ffecf980000 - 0x00007ffecf98a000 	C:\Windows\SYSTEM32\VERSION.dll
0x00007ffedebd0000 - 0x00007ffedec3b000 	C:\Windows\System32\WS2_32.dll
0x0000000066520000 - 0x000000006652f000 	C:\Program Files\Java\jdk1.8.0_181\jre\bin\verify.dll
0x0000000065110000 - 0x0000000065139000 	C:\Program Files\Java\jdk1.8.0_181\jre\bin\java.dll
0x00000000650b0000 - 0x00000000650d3000 	C:\Program Files\Java\jdk1.8.0_181\jre\bin\instrument.dll
0x00000000650f0000 - 0x0000000065106000 	C:\Program Files\Java\jdk1.8.0_181\jre\bin\zip.dll
0x00007ffedf6b0000 - 0x00007ffedfdef000 	C:\Windows\System32\SHELL32.dll
0x00007ffed8240000 - 0x00007ffed89d0000 	C:\Windows\SYSTEM32\windows.storage.dll
0x00007ffede870000 - 0x00007ffedebc5000 	C:\Windows\System32\combase.dll
0x00007ffedcfa0000 - 0x00007ffedcfce000 	C:\Windows\SYSTEM32\Wldp.dll
0x00007ffeddfb0000 - 0x00007ffede05d000 	C:\Windows\System32\SHCORE.dll
0x00007ffedf1c0000 - 0x00007ffedf215000 	C:\Windows\System32\shlwapi.dll
0x00007ffedd490000 - 0x00007ffedd4af000 	C:\Windows\SYSTEM32\profapi.dll
0x00007ffed5720000 - 0x00007ffed573a000 	D:\ideaIU-2020.1.3.win\bin\breakgen64.dll
0x0000000065050000 - 0x000000006506a000 	C:\Program Files\Java\jdk1.8.0_181\jre\bin\net.dll
0x00007ffedcd00000 - 0x00007ffedcd6a000 	C:\Windows\system32\mswsock.dll
0x00007ffed5770000 - 0x00007ffed5791000 	C:\Program Files\Java\jdk1.8.0_181\bin\vtkChartsCoreJava.dll
0x00007ffed57d0000 - 0x00007ffed57db000 	C:\Program Files\Java\jdk1.8.0_181\bin\vtkWrappingJava.dll
0x00007ffea5c80000 - 0x00007ffea5d67000 	C:\Program Files\Java\jdk1.8.0_181\bin\vtkChartsCore-7.1.dll
0x00007ffed4fa0000 - 0x00007ffed4fe9000 	C:\Program Files\Java\jdk1.8.0_181\bin\vtkCommonCoreJava.dll
0x00007ffed5750000 - 0x00007ffed5762000 	C:\Program Files\Java\jdk1.8.0_181\bin\vtkRenderingContext2DJava.dll
0x00007ffe97170000 - 0x00007ffe9743f000 	C:\Program Files\Java\jdk1.8.0_181\bin\vtkCommonCore-7.1.dll
0x00007ffec2d70000 - 0x00007ffec2e5f000 	C:\Windows\SYSTEM32\MSVCR120.dll
0x00007ffec00e0000 - 0x00007ffec0186000 	C:\Windows\SYSTEM32\MSVCP120.dll
0x00007ffed4f70000 - 0x00007ffed4f99000 	C:\Program Files\Java\jdk1.8.0_181\bin\vtkRenderingContext2D-7.1.dll
0x00007ffe97000000 - 0x00007ffe9716b000 	C:\Program Files\Java\jdk1.8.0_181\bin\vtkRenderingCore-7.1.dll
0x00007ffea8180000 - 0x00007ffea8226000 	C:\Program Files\Java\jdk1.8.0_181\bin\vtkInfovisCore-7.1.dll
0x00007ffed4f40000 - 0x00007ffed4f61000 	C:\Program Files\Java\jdk1.8.0_181\bin\vtkCommonColor-7.1.dll
0x00007ffe96980000 - 0x00007ffe96ba0000 	C:\Program Files\Java\jdk1.8.0_181\bin\vtkFiltersGeneral-7.1.dll
0x00007ffe96700000 - 0x00007ffe9697c000 	C:\Program Files\Java\jdk1.8.0_181\bin\vtkCommonDataModel-7.1.dll
0x00007ffea7d40000 - 0x00007ffea7dc6000 	C:\Program Files\Java\jdk1.8.0_181\bin\vtkCommonExecutionModel-7.1.dll
0x00007ffed4f10000 - 0x00007ffed4f3e000 	C:\Program Files\Java\jdk1.8.0_181\bin\vtkCommonTransforms-7.1.dll
0x00007ffea8280000 - 0x00007ffea82e9000 	C:\Program Files\Java\jdk1.8.0_181\bin\vtkRenderingCoreJava.dll
0x00007ffec9fe0000 - 0x00007ffeca005000 	C:\Program Files\Java\jdk1.8.0_181\bin\vtkCommonExecutionModelJava.dll
0x00007ffeb43f0000 - 0x00007ffeb443b000 	C:\Program Files\Java\jdk1.8.0_181\bin\vtksys-7.1.dll
0x00007ffe9d820000 - 0x00007ffe9d8c3000 	C:\Program Files\Java\jdk1.8.0_181\bin\vtkRenderingFreeType-7.1.dll
0x00007ffea5c20000 - 0x00007ffea5c7d000 	C:\Program Files\Java\jdk1.8.0_181\bin\vtkFiltersGeometry-7.1.dll
0x00007ffe9d290000 - 0x00007ffe9d2fa000 	C:\Program Files\Java\jdk1.8.0_181\bin\vtkFiltersSources-7.1.dll
0x00007ffe963e0000 - 0x00007ffe966f5000 	C:\Program Files\Java\jdk1.8.0_181\bin\vtkFiltersCore-7.1.dll
0x00007ffeab950000 - 0x00007ffeab979000 	C:\Program Files\Java\jdk1.8.0_181\bin\vtkCommonComputationalGeometry-7.1.dll
0x00007ffec9fc0000 - 0x00007ffec9fda000 	C:\Program Files\Java\jdk1.8.0_181\bin\vtkCommonSystem-7.1.dll
0x00007ffea8370000 - 0x00007ffea8393000 	C:\Program Files\Java\jdk1.8.0_181\bin\vtkCommonMath-7.1.dll
0x00007ffe9d200000 - 0x00007ffe9d28e000 	C:\Program Files\Java\jdk1.8.0_181\bin\vtkFiltersExtraction-7.1.dll
0x00007ffec9780000 - 0x00007ffec979f000 	C:\Program Files\Java\jdk1.8.0_181\bin\vtkCommonMisc-7.1.dll
0x00007ffe992f0000 - 0x00007ffe99375000 	C:\Program Files\Java\jdk1.8.0_181\bin\vtkCommonDataModelJava.dll
0x00007ffe98330000 - 0x00007ffe983a5000 	C:\Program Files\Java\jdk1.8.0_181\bin\vtkfreetype-7.1.dll
0x00000000650a0000 - 0x00000000650a7000 	C:\Program Files\Java\jdk1.8.0_181\jre\bin\jawt.dll
0x00007ffe982b0000 - 0x00007ffe9832c000 	C:\Program Files\Java\jdk1.8.0_181\bin\vtkFiltersStatistics-7.1.dll
0x00007ffea79f0000 - 0x00007ffea7a04000 	C:\Program Files\Java\jdk1.8.0_181\bin\vtkCommonTransformsJava.dll
0x00007ffea5c00000 - 0x00007ffea5c11000 	C:\Program Files\Java\jdk1.8.0_181\bin\vtkCommonMathJava.dll
0x00007ffea5be0000 - 0x00007ffea5bf7000 	C:\Program Files\Java\jdk1.8.0_181\bin\vtkzlib-7.1.dll
0x00007ffea5b30000 - 0x00007ffea5b50000 	C:\Program Files\Java\jdk1.8.0_181\bin\vtkalglib-7.1.dll
0x00007ffea5b10000 - 0x00007ffea5b30000 	C:\Program Files\Java\jdk1.8.0_181\bin\vtkImagingFourier-7.1.dll
0x0000000064cf0000 - 0x0000000064e89000 	C:\Program Files\Java\jdk1.8.0_181\jre\bin\awt.dll
0x00007ffede2f0000 - 0x00007ffede3bd000 	C:\Windows\System32\OLEAUT32.dll
0x00007ffe96ec0000 - 0x00007ffe96ff9000 	C:\Program Files\Java\jdk1.8.0_181\bin\vtkImagingCore-7.1.dll
0x00007ffed69e0000 - 0x00007ffed6a70000 	C:\Windows\SYSTEM32\apphelp.dll
0x00007ffed57c0000 - 0x00007ffed57c9000 	C:\Program Files\Java\jdk1.8.0_181\bin\vtkCommonColorJava.dll
0x00007ffec8fe0000 - 0x00007ffec8ff0000 	C:\Program Files\Java\jdk1.8.0_181\bin\vtkCommonComputationalGeometryJava.dll
0x00007ffeb43e0000 - 0x00007ffeb43eb000 	C:\Program Files\Java\jdk1.8.0_181\bin\vtkCommonMiscJava.dll
0x00007ffeb3f70000 - 0x00007ffeb3f7a000 	C:\Program Files\Java\jdk1.8.0_181\bin\vtkCommonSystemJava.dll
0x00007ffeb0a10000 - 0x00007ffeb0a1e000 	C:\Program Files\Java\jdk1.8.0_181\bin\vtkDomainsChemistryJava.dll
0x00007ffe99520000 - 0x00007ffe99570000 	C:\Program Files\Java\jdk1.8.0_181\bin\vtkDomainsChemistry-7.1.dll
0x00007ffea5af0000 - 0x00007ffea5b0b000 	C:\Program Files\Java\jdk1.8.0_181\bin\vtkIOXMLParser-7.1.dll
0x00007ffe97b50000 - 0x00007ffe97bac000 	C:\Program Files\Java\jdk1.8.0_181\bin\vtkIOCore-7.1.dll
0x00007ffe9a9f0000 - 0x00007ffe9aa13000 	C:\Program Files\Java\jdk1.8.0_181\bin\vtkexpat-7.1.dll
0x00007ffeaf000000 - 0x00007ffeaf009000 	C:\Program Files\Java\jdk1.8.0_181\bin\vtkDomainsChemistryOpenGL2Java.dll
0x00007ffea8360000 - 0x00007ffea836e000 	C:\Program Files\Java\jdk1.8.0_181\bin\vtkDomainsChemistryOpenGL2-7.1.dll
0x00007ffe96260000 - 0x00007ffe963d4000 	C:\Program Files\Java\jdk1.8.0_181\bin\vtkRenderingOpenGL2-7.1.dll
0x00007ffe96e50000 - 0x00007ffe96eb8000 	C:\Program Files\Java\jdk1.8.0_181\bin\vtkglew-7.1.dll
0x00007ffec93f0000 - 0x00007ffec9515000 	C:\Windows\SYSTEM32\OPENGL32.dll
0x00007ffec93c0000 - 0x00007ffec93ec000 	C:\Windows\SYSTEM32\GLU32.dll
0x00007ffea8270000 - 0x00007ffea827c000 	C:\Program Files\Java\jdk1.8.0_181\bin\vtkFiltersAMRJava.dll
0x00007ffe97b20000 - 0x00007ffe97b46000 	C:\Program Files\Java\jdk1.8.0_181\bin\vtkFiltersAMR-7.1.dll
0x00007ffe96200000 - 0x00007ffe96251000 	C:\Program Files\Java\jdk1.8.0_181\bin\vtkParallelCore-7.1.dll
0x00007ffe96180000 - 0x00007ffe961f3000 	C:\Program Files\Java\jdk1.8.0_181\bin\vtkIOLegacy-7.1.dll
0x00007ffe96140000 - 0x00007ffe9617e000 	C:\Program Files\Java\jdk1.8.0_181\bin\vtkFiltersCoreJava.dll
0x00007ffea03f0000 - 0x00007ffea0402000 	C:\Program Files\Java\jdk1.8.0_181\bin\vtkFiltersExtractionJava.dll
0x00007ffe96100000 - 0x00007ffe96135000 	C:\Program Files\Java\jdk1.8.0_181\bin\vtkFiltersGeneralJava.dll
0x00007ffe9f000000 - 0x00007ffe9f012000 	C:\Program Files\Java\jdk1.8.0_181\bin\vtkFiltersFlowPathsJava.dll
0x00007ffe960b0000 - 0x00007ffe960fd000 	C:\Program Files\Java\jdk1.8.0_181\bin\vtkFiltersFlowPaths-7.1.dll
0x00007ffe9ed90000 - 0x00007ffe9eda1000 	C:\Program Files\Java\jdk1.8.0_181\bin\vtkFiltersGenericJava.dll
0x00007ffe96080000 - 0x00007ffe960a5000 	C:\Program Files\Java\jdk1.8.0_181\bin\vtkFiltersGeneric-7.1.dll
0x00007ffe9d800000 - 0x00007ffe9d812000 	C:\Program Files\Java\jdk1.8.0_181\bin\vtkFiltersGeometryJava.dll
0x00007ffe9d7c0000 - 0x00007ffe9d7d6000 	C:\Program Files\Java\jdk1.8.0_181\bin\vtkFiltersHybridJava.dll
0x00007ffe95fd0000 - 0x00007ffe9607b000 	C:\Program Files\Java\jdk1.8.0_181\bin\vtkFiltersHybrid-7.1.dll
0x00007ffe95f90000 - 0x00007ffe95fc2000 	C:\Program Files\Java\jdk1.8.0_181\bin\vtkImagingSources-7.1.dll
0x00007ffea79c0000 - 0x00007ffea79cf000 	C:\Program Files\Java\jdk1.8.0_181\bin\vtkFiltersHyperTreeJava.dll
0x00007ffe95f60000 - 0x00007ffe95f8c000 	C:\Program Files\Java\jdk1.8.0_181\bin\vtkFiltersHyperTree-7.1.dll
0x00007ffea7960000 - 0x00007ffea796c000 	C:\Program Files\Java\jdk1.8.0_181\bin\vtkFiltersImagingJava.dll
0x00007ffe9a0b0000 - 0x00007ffe9a0ca000 	C:\Program Files\Java\jdk1.8.0_181\bin\vtkFiltersImaging-7.1.dll
0x00007ffe9cc50000 - 0x00007ffe9cc5f000 	C:\Program Files\Java\jdk1.8.0_181\bin\vtkFiltersStatisticsJava.dll
0x00007ffe95eb0000 - 0x00007ffe95f56000 	C:\Program Files\Java\jdk1.8.0_181\bin\vtkImagingGeneral-7.1.dll
0x00007ffe992d0000 - 0x00007ffe992e4000 	C:\Program Files\Java\jdk1.8.0_181\bin\vtkFiltersModelingJava.dll
0x00007ffe95e60000 - 0x00007ffe95eaa000 	C:\Program Files\Java\jdk1.8.0_181\bin\vtkFiltersModeling-7.1.dll
0x00007ffe98290000 - 0x00007ffe982a3000 	C:\Program Files\Java\jdk1.8.0_181\bin\vtkFiltersParallelJava.dll
0x00007ffe95dd0000 - 0x00007ffe95e55000 	C:\Program Files\Java\jdk1.8.0_181\bin\vtkFiltersParallel-7.1.dll
0x00007ffe97b00000 - 0x00007ffe97b1e000 	C:\Program Files\Java\jdk1.8.0_181\bin\vtkFiltersSourcesJava.dll
0x00007ffe9c700000 - 0x00007ffe9c709000 	C:\Program Files\Java\jdk1.8.0_181\bin\vtkFiltersParallelImagingJava.dll
0x00007ffe95db0000 - 0x00007ffe95dc6000 	C:\Program Files\Java\jdk1.8.0_181\bin\vtkFiltersParallelImaging-7.1.dll
0x00007ffe95d90000 - 0x00007ffe95db0000 	C:\Program Files\Java\jdk1.8.0_181\bin\vtkImagingCoreJava.dll
0x00007ffe95d70000 - 0x00007ffe95d89000 	C:\Program Files\Java\jdk1.8.0_181\bin\vtkFiltersPointsJava.dll
0x00007ffe95cd0000 - 0x00007ffe95d70000 	C:\Program Files\Java\jdk1.8.0_181\bin\vtkFiltersPoints-7.1.dll
0x00007ffe9ab40000 - 0x00007ffe9ab4a000 	C:\Program Files\Java\jdk1.8.0_181\bin\vtkFiltersProgrammableJava.dll
0x00007ffe9a990000 - 0x00007ffe9a9a0000 	C:\Program Files\Java\jdk1.8.0_181\bin\vtkFiltersProgrammable-7.1.dll
0x00007ffe96e40000 - 0x00007ffe96e4b000 	C:\Program Files\Java\jdk1.8.0_181\bin\vtkFiltersSMPJava.dll
0x00007ffe95c80000 - 0x00007ffe95ccd000 	C:\Program Files\Java\jdk1.8.0_181\bin\vtkFiltersSMP-7.1.dll

VM Arguments:
jvm_args: -javaagent:D:\ideaIU-2020.1.3.win\lib\idea_rt.jar=35523:D:\ideaIU-2020.1.3.win\bin -Dfile.encoding=UTF-8 
java_command: go
java_class_path (initial): C:\Program Files\Java\jdk1.8.0_181\jre\lib\charsets.jar;C:\Program Files\Java\jdk1.8.0_181\jre\lib\deploy.jar;C:\Program Files\Java\jdk1.8.0_181\jre\lib\ext\access-bridge-64.jar;C:\Program Files\Java\jdk1.8.0_181\jre\lib\ext\cldrdata.jar;C:\Program Files\Java\jdk1.8.0_181\jre\lib\ext\dnsns.jar;C:\Program Files\Java\jdk1.8.0_181\jre\lib\ext\jaccess.jar;C:\Program Files\Java\jdk1.8.0_181\jre\lib\ext\jfxrt.jar;C:\Program Files\Java\jdk1.8.0_181\jre\lib\ext\localedata.jar;C:\Program Files\Java\jdk1.8.0_181\jre\lib\ext\nashorn.jar;C:\Program Files\Java\jdk1.8.0_181\jre\lib\ext\sunec.jar;C:\Program Files\Java\jdk1.8.0_181\jre\lib\ext\sunjce_provider.jar;C:\Program Files\Java\jdk1.8.0_181\jre\lib\ext\sunmscapi.jar;C:\Program Files\Java\jdk1.8.0_181\jre\lib\ext\sunpkcs11.jar;C:\Program Files\Java\jdk1.8.0_181\jre\lib\ext\zipfs.jar;C:\Program Files\Java\jdk1.8.0_181\jre\lib\javaws.jar;C:\Program Files\Java\jdk1.8.0_181\jre\lib\jce.jar;C:\Program Files\Java\jdk1.8.0_181\jre\lib\jfr.jar;C:\Program Files\Java\jdk1.8.0_181\jre\lib\jfxswt.jar;C:\Program Files\Java\jdk1.8.0_181\jre\lib\jsse.jar;C:\Program Files\Java\jdk1.8.0_181\jre\lib\management-agent.jar;C:\Program Files\Java\jdk1.8.0_181\jre\lib\plugin.jar;C:\Program Files\Java\jdk1.8.0_181\jre\lib\resources.jar;C:\Program Files\Java\jdk1.8.0_181\jre\lib\rt.jar;D:\apache-tomcat-9.0.39\webapps\vtkdemo\out\production\vtkdemo;D:\vtkjava\build-7.1.1\bin\vtk.jar;C:\Users\TimBai\.m2\repository\org\projectlombok\lombok\1.18.16\lombok-1.18.16.jar;D:\ideaIU-2020.1.3.win\lib\idea_rt.jar
Launcher Type: SUN_STANDARD

Environment Variables:
JAVA_HOME=C:\Program Files\Java\jdk1.8.0_181
CLASSPATH=.;C:\Program Files\Java\jdk1.8.0_181\lib\dt.jar;C:\Program Files\Java\jdk1.8.0_181\lib\tools.jar; 
USERNAME=TimBai
OS=Windows_NT
PROCESSOR_IDENTIFIER=Intel64 Family 6 Model 165 Stepping 2, GenuineIntel



---------------  S Y S T E M  ---------------

OS: Windows 10.0 , 64 bit Build 19041 (10.0.19041.1348)

CPU:total 16 (initial active 16) (8 cores per cpu, 2 threads per core) family 6 model 165 stepping 2, cmov, cx8, fxsr, mmx, sse, sse2, sse3, ssse3, sse4.1, sse4.2, popcnt, avx, avx2, aes, clmul, erms, 3dnowpref, lzcnt, ht, tsc, tscinvbit, bmi1, bmi2, adx

Memory: 4k page, physical 16556184k(762332k free), swap 41995072k(8204568k free)

vm_info: Java HotSpot(TM) 64-Bit Server VM (25.181-b13) for windows-amd64 JRE (1.8.0_181-b13), built on Jul  7 2018 04:01:33 by "java_re" with MS VC++ 10.0 (VS2010)

time: Tue Dec 14 16:11:56 2021
elapsed time: 237 seconds (0d 0h 3m 57s)

